{"/Users/chyax/editor-pro/src/core/FeatureRegistry.ts": {"path":"/Users/chyax/editor-pro/src/core/FeatureRegistry.ts","statementMap":{"0":{"start":{"line":37,"column":12},"end":{"line":37,"column":55}},"1":{"start":{"line":38,"column":12},"end":{"line":38,"column":52}},"2":{"start":{"line":44,"column":8},"end":{"line":47,"column":9}},"3":{"start":{"line":45,"column":12},"end":{"line":45,"column":72}},"4":{"start":{"line":46,"column":12},"end":{"line":46,"column":19}},"5":{"start":{"line":48,"column":8},"end":{"line":48,"column":47}},"6":{"start":{"line":55,"column":8},"end":{"line":70,"column":9}},"7":{"start":{"line":57,"column":12},"end":{"line":62,"column":13}},"8":{"start":{"line":58,"column":43},"end":{"line":58,"column":72}},"9":{"start":{"line":59,"column":16},"end":{"line":61,"column":17}},"10":{"start":{"line":60,"column":20},"end":{"line":60,"column":29}},"11":{"start":{"line":64,"column":12},"end":{"line":69,"column":13}},"12":{"start":{"line":65,"column":16},"end":{"line":65,"column":45}},"13":{"start":{"line":66,"column":16},"end":{"line":66,"column":44}},"14":{"start":{"line":68,"column":16},"end":{"line":68,"column":70}},"15":{"start":{"line":77,"column":8},"end":{"line":86,"column":9}},"16":{"start":{"line":78,"column":28},"end":{"line":78,"column":49}},"17":{"start":{"line":79,"column":12},"end":{"line":85,"column":13}},"18":{"start":{"line":80,"column":16},"end":{"line":84,"column":17}},"19":{"start":{"line":81,"column":20},"end":{"line":81,"column":51}},"20":{"start":{"line":83,"column":20},"end":{"line":83,"column":76}},"21":{"start":{"line":87,"column":8},"end":{"line":87,"column":36}},"22":{"start":{"line":94,"column":8},"end":{"line":94,"column":37}},"23":{"start":{"line":101,"column":8},"end":{"line":101,"column":43}},"24":{"start":{"line":36,"column":0},"end":{"line":36,"column":13}},"25":{"start":{"line":118,"column":8},"end":{"line":118,"column":38}},"26":{"start":{"line":108,"column":0},"end":{"line":108,"column":22}},"27":{"start":{"line":135,"column":8},"end":{"line":135,"column":36}},"28":{"start":{"line":125,"column":0},"end":{"line":125,"column":22}}},"fnMap":{"0":{"name":"(anonymous_0)","decl":{"start":{"line":36,"column":0},"end":{"line":36,"column":13}},"loc":{"start":{"line":36,"column":0},"end":{"line":103,"column":1}}},"1":{"name":"(anonymous_1)","decl":{"start":{"line":43,"column":4},"end":{"line":43,"column":12}},"loc":{"start":{"line":43,"column":29},"end":{"line":49,"column":5}}},"2":{"name":"(anonymous_2)","decl":{"start":{"line":54,"column":10},"end":{"line":54,"column":17}},"loc":{"start":{"line":54,"column":41},"end":{"line":71,"column":null}}},"3":{"name":"(anonymous_4)","decl":{"start":{"line":76,"column":10},"end":{"line":76,"column":19}},"loc":{"start":{"line":76,"column":43},"end":{"line":88,"column":null}}},"4":{"name":"(anonymous_6)","decl":{"start":{"line":93,"column":4},"end":{"line":93,"column":7}},"loc":{"start":{"line":93,"column":18},"end":{"line":95,"column":5}}},"5":{"name":"(anonymous_7)","decl":{"start":{"line":100,"column":4},"end":{"line":100,"column":12}},"loc":{"start":{"line":100,"column":23},"end":{"line":102,"column":5}}},"6":{"name":"(anonymous_8)","decl":{"start":{"line":117,"column":10},"end":{"line":117,"column":16}},"loc":{"start":{"line":117,"column":40},"end":{"line":119,"column":null}}},"7":{"name":"(anonymous_10)","decl":{"start":{"line":134,"column":10},"end":{"line":134,"column":16}},"loc":{"start":{"line":134,"column":40},"end":{"line":136,"column":null}}}},"branchMap":{"0":{"loc":{"start":{"line":44,"column":8},"end":{"line":47,"column":9}},"type":"if","locations":[{"start":{"line":44,"column":8},"end":{"line":47,"column":9}},{"start":{},"end":{}}]},"1":{"loc":{"start":{"line":57,"column":12},"end":{"line":62,"column":13}},"type":"if","locations":[{"start":{"line":57,"column":12},"end":{"line":62,"column":13}},{"start":{},"end":{}}]},"2":{"loc":{"start":{"line":59,"column":16},"end":{"line":61,"column":17}},"type":"if","locations":[{"start":{"line":59,"column":16},"end":{"line":61,"column":17}},{"start":{},"end":{}}]},"3":{"loc":{"start":{"line":79,"column":12},"end":{"line":85,"column":13}},"type":"if","locations":[{"start":{"line":79,"column":12},"end":{"line":85,"column":13}},{"start":{},"end":{}}]},"4":{"loc":{"start":{"line":79,"column":16},"end":{"line":79,"column":33}},"type":"cond-expr","locations":[{"start":{"line":79,"column":23},"end":{"line":79,"column":25}},{"start":{"line":79,"column":16},"end":{"line":79,"column":33}}]},"5":{"loc":{"start":{"line":79,"column":16},"end":{"line":79,"column":25}},"type":"binary-expr","locations":[{"start":{"line":79,"column":16},"end":{"line":79,"column":25}},{"start":{"line":79,"column":16},"end":{"line":79,"column":25}}]}},"s":{"0":15,"1":15,"2":20,"3":1,"4":1,"5":19,"6":11,"7":16,"8":4,"9":4,"10":2,"11":14,"12":14,"13":13,"14":1,"15":5,"16":7,"17":7,"18":5,"19":5,"20":1,"21":5,"22":3,"23":15,"24":1,"25":1,"26":1,"27":1,"28":1},"f":{"0":15,"1":20,"2":11,"3":5,"4":3,"5":15,"6":1,"7":1},"b":{"0":[1,19],"1":[4,12],"2":[2,2],"3":[5,2],"4":[0,7],"5":[7,7]}}
,"/Users/chyax/editor-pro/src/features/callout/wrap-callout.ts": {"path":"/Users/chyax/editor-pro/src/features/callout/wrap-callout.ts","statementMap":{"0":{"start":{"line":9,"column":0},"end":{"line":9,"column":16}},"1":{"start":{"line":46,"column":0},"end":{"line":46,"column":16}},"2":{"start":{"line":59,"column":0},"end":{"line":59,"column":16}},"3":{"start":{"line":10,"column":22},"end":{"line":10,"column":43}},"4":{"start":{"line":11,"column":18},"end":{"line":11,"column":27}},"5":{"start":{"line":12,"column":25},"end":{"line":12,"column":29}},"6":{"start":{"line":14,"column":4},"end":{"line":21,"column":5}},"7":{"start":{"line":15,"column":23},"end":{"line":15,"column":41}},"8":{"start":{"line":16,"column":8},"end":{"line":16,"column":46}},"9":{"start":{"line":17,"column":8},"end":{"line":20,"column":10}},"10":{"start":{"line":23,"column":18},"end":{"line":23,"column":37}},"11":{"start":{"line":24,"column":16},"end":{"line":24,"column":35}},"12":{"start":{"line":25,"column":20},"end":{"line":25,"column":25}},"13":{"start":{"line":28,"column":22},"end":{"line":28,"column":30}},"14":{"start":{"line":29,"column":4},"end":{"line":32,"column":5}},"15":{"start":{"line":30,"column":8},"end":{"line":30,"column":26}},"16":{"start":{"line":31,"column":8},"end":{"line":31,"column":35}},"17":{"start":{"line":34,"column":26},"end":{"line":34,"column":65}},"18":{"start":{"line":34,"column":45},"end":{"line":34,"column":53}},"19":{"start":{"line":35,"column":19},"end":{"line":35,"column":126}},"20":{"start":{"line":37,"column":19},"end":{"line":37,"column":48}},"21":{"start":{"line":39,"column":4},"end":{"line":43,"column":5}},"22":{"start":{"line":40,"column":8},"end":{"line":40,"column":76}},"23":{"start":{"line":42,"column":8},"end":{"line":42,"column":40}},"24":{"start":{"line":47,"column":22},"end":{"line":47,"column":43}},"25":{"start":{"line":48,"column":4},"end":{"line":56,"column":5}},"26":{"start":{"line":49,"column":23},"end":{"line":49,"column":41}},"27":{"start":{"line":50,"column":21},"end":{"line":50,"column":48}},"28":{"start":{"line":51,"column":8},"end":{"line":51,"column":111}},"29":{"start":{"line":53,"column":22},"end":{"line":53,"column":43}},"30":{"start":{"line":54,"column":23},"end":{"line":54,"column":58}},"31":{"start":{"line":54,"column":38},"end":{"line":54,"column":46}},"32":{"start":{"line":55,"column":8},"end":{"line":55,"column":40}},"33":{"start":{"line":60,"column":22},"end":{"line":60,"column":43}},"34":{"start":{"line":61,"column":4},"end":{"line":78,"column":5}},"35":{"start":{"line":62,"column":23},"end":{"line":62,"column":41}},"36":{"start":{"line":63,"column":21},"end":{"line":63,"column":48}},"37":{"start":{"line":65,"column":8},"end":{"line":74,"column":9}},"38":{"start":{"line":66,"column":27},"end":{"line":66,"column":51}},"39":{"start":{"line":67,"column":12},"end":{"line":67,"column":110}},"40":{"start":{"line":69,"column":12},"end":{"line":69,"column":63}},"41":{"start":{"line":72,"column":27},"end":{"line":72,"column":63}},"42":{"start":{"line":73,"column":12},"end":{"line":73,"column":110}},"43":{"start":{"line":76,"column":23},"end":{"line":76,"column":64}},"44":{"start":{"line":77,"column":8},"end":{"line":77,"column":40}}},"fnMap":{"0":{"name":"wrapWithCallout","decl":{"start":{"line":9,"column":16},"end":{"line":9,"column":31}},"loc":{"start":{"line":9,"column":71},"end":{"line":44,"column":1}}},"1":{"name":"(anonymous_1)","decl":{"start":{"line":34,"column":40},"end":{"line":34,"column":41}},"loc":{"start":{"line":34,"column":45},"end":{"line":34,"column":53}}},"2":{"name":"wrapWithQuote","decl":{"start":{"line":46,"column":16},"end":{"line":46,"column":29}},"loc":{"start":{"line":46,"column":44},"end":{"line":57,"column":1}}},"3":{"name":"(anonymous_3)","decl":{"start":{"line":54,"column":33},"end":{"line":54,"column":34}},"loc":{"start":{"line":54,"column":38},"end":{"line":54,"column":46}}},"4":{"name":"wrapWithCodeBlock","decl":{"start":{"line":59,"column":16},"end":{"line":59,"column":33}},"loc":{"start":{"line":59,"column":67},"end":{"line":79,"column":1}}}},"branchMap":{"0":{"loc":{"start":{"line":14,"column":4},"end":{"line":21,"column":5}},"type":"if","locations":[{"start":{"line":14,"column":4},"end":{"line":21,"column":5}},{"start":{},"end":{}}]},"1":{"loc":{"start":{"line":24,"column":16},"end":{"line":24,"column":35}},"type":"binary-expr","locations":[{"start":{"line":24,"column":16},"end":{"line":24,"column":29}},{"start":{"line":24,"column":33},"end":{"line":24,"column":35}}]},"2":{"loc":{"start":{"line":29,"column":4},"end":{"line":32,"column":5}},"type":"if","locations":[{"start":{"line":29,"column":4},"end":{"line":32,"column":5}},{"start":{},"end":{}}]},"3":{"loc":{"start":{"line":29,"column":8},"end":{"line":29,"column":102}},"type":"binary-expr","locations":[{"start":{"line":29,"column":8},"end":{"line":29,"column":14}},{"start":{"line":29,"column":18},"end":{"line":29,"column":34}},{"start":{"line":29,"column":38},"end":{"line":29,"column":47}},{"start":{"line":29,"column":51},"end":{"line":29,"column":72}},{"start":{"line":29,"column":76},"end":{"line":29,"column":102}}]},"4":{"loc":{"start":{"line":35,"column":42},"end":{"line":35,"column":115}},"type":"cond-expr","locations":[{"start":{"line":35,"column":70},"end":{"line":35,"column":73}},{"start":{"line":35,"column":77},"end":{"line":35,"column":114}}]},"5":{"loc":{"start":{"line":35,"column":77},"end":{"line":35,"column":114}},"type":"cond-expr","locations":[{"start":{"line":35,"column":106},"end":{"line":35,"column":109}},{"start":{"line":35,"column":112},"end":{"line":35,"column":114}}]},"6":{"loc":{"start":{"line":39,"column":4},"end":{"line":43,"column":5}},"type":"if","locations":[{"start":{"line":39,"column":4},"end":{"line":43,"column":5}},{"start":{"line":41,"column":11},"end":{"line":43,"column":5}}]},"7":{"loc":{"start":{"line":48,"column":4},"end":{"line":56,"column":5}},"type":"if","locations":[{"start":{"line":48,"column":4},"end":{"line":56,"column":5}},{"start":{"line":52,"column":11},"end":{"line":56,"column":5}}]},"8":{"loc":{"start":{"line":59,"column":50},"end":{"line":59,"column":67}},"type":"default-arg","locations":[{"start":{"line":59,"column":65},"end":{"line":59,"column":67}}]},"9":{"loc":{"start":{"line":61,"column":4},"end":{"line":78,"column":5}},"type":"if","locations":[{"start":{"line":61,"column":4},"end":{"line":78,"column":5}},{"start":{"line":75,"column":11},"end":{"line":78,"column":5}}]},"10":{"loc":{"start":{"line":65,"column":8},"end":{"line":74,"column":9}},"type":"if","locations":[{"start":{"line":65,"column":8},"end":{"line":74,"column":9}},{"start":{"line":70,"column":15},"end":{"line":74,"column":9}}]}},"s":{"0":1,"1":1,"2":1,"3":3,"4":3,"5":3,"6":3,"7":1,"8":1,"9":1,"10":3,"11":3,"12":3,"13":3,"14":3,"15":0,"16":0,"17":3,"18":4,"19":3,"20":3,"21":3,"22":1,"23":2,"24":1,"25":1,"26":0,"27":0,"28":0,"29":1,"30":1,"31":2,"32":1,"33":2,"34":2,"35":1,"36":1,"37":1,"38":0,"39":0,"40":0,"41":1,"42":1,"43":1,"44":1},"f":{"0":3,"1":4,"2":1,"3":2,"4":2},"b":{"0":[1,2],"1":[3,2],"2":[0,3],"3":[3,2,0,0,0],"4":[1,2],"5":[0,2],"6":[1,2],"7":[0,1],"8":[0],"9":[1,1],"10":[0,1]}}
,"/Users/chyax/editor-pro/src/features/editing/inline-calc.ts": {"path":"/Users/chyax/editor-pro/src/features/editing/inline-calc.ts","statementMap":{"0":{"start":{"line":168,"column":0},"end":{"line":168,"column":16}},"1":{"start":{"line":178,"column":0},"end":{"line":178,"column":16}},"2":{"start":{"line":1,"column":0},"end":{"line":1,"column":42}},"3":{"start":{"line":10,"column":11},"end":{"line":10,"column":23}},"4":{"start":{"line":11,"column":25},"end":{"line":11,"column":27}},"5":{"start":{"line":12,"column":9},"end":{"line":12,"column":10}},"6":{"start":{"line":14,"column":16},"end":{"line":14,"column":91}},"7":{"start":{"line":14,"column":53},"end":{"line":14,"column":91}},"8":{"start":{"line":16,"column":1},"end":{"line":62,"column":2}},"9":{"start":{"line":17,"column":13},"end":{"line":17,"column":17}},"10":{"start":{"line":18,"column":2},"end":{"line":21,"column":3}},"11":{"start":{"line":19,"column":3},"end":{"line":19,"column":7}},"12":{"start":{"line":20,"column":3},"end":{"line":20,"column":12}},"13":{"start":{"line":22,"column":2},"end":{"line":26,"column":3}},"14":{"start":{"line":23,"column":3},"end":{"line":23,"column":31}},"15":{"start":{"line":24,"column":3},"end":{"line":24,"column":7}},"16":{"start":{"line":25,"column":3},"end":{"line":25,"column":12}},"17":{"start":{"line":27,"column":2},"end":{"line":31,"column":3}},"18":{"start":{"line":28,"column":3},"end":{"line":28,"column":31}},"19":{"start":{"line":29,"column":3},"end":{"line":29,"column":7}},"20":{"start":{"line":30,"column":3},"end":{"line":30,"column":12}},"21":{"start":{"line":32,"column":2},"end":{"line":36,"column":3}},"22":{"start":{"line":33,"column":3},"end":{"line":33,"column":14}},"23":{"start":{"line":34,"column":3},"end":{"line":34,"column":7}},"24":{"start":{"line":35,"column":3},"end":{"line":35,"column":12}},"25":{"start":{"line":37,"column":2},"end":{"line":54,"column":3}},"26":{"start":{"line":39,"column":16},"end":{"line":39,"column":41}},"27":{"start":{"line":40,"column":19},"end":{"line":40,"column":68}},"28":{"start":{"line":41,"column":3},"end":{"line":50,"column":4}},"29":{"start":{"line":43,"column":12},"end":{"line":43,"column":17}},"30":{"start":{"line":44,"column":4},"end":{"line":44,"column":64}},"31":{"start":{"line":44,"column":60},"end":{"line":44,"column":64}},"32":{"start":{"line":45,"column":14},"end":{"line":45,"column":46}},"33":{"start":{"line":46,"column":4},"end":{"line":46,"column":24}},"34":{"start":{"line":46,"column":12},"end":{"line":46,"column":24}},"35":{"start":{"line":47,"column":4},"end":{"line":47,"column":55}},"36":{"start":{"line":48,"column":4},"end":{"line":48,"column":24}},"37":{"start":{"line":49,"column":4},"end":{"line":49,"column":13}},"38":{"start":{"line":51,"column":3},"end":{"line":51,"column":15}},"39":{"start":{"line":52,"column":3},"end":{"line":52,"column":7}},"40":{"start":{"line":53,"column":3},"end":{"line":53,"column":12}},"41":{"start":{"line":55,"column":12},"end":{"line":55,"column":44}},"42":{"start":{"line":56,"column":2},"end":{"line":60,"column":3}},"43":{"start":{"line":57,"column":3},"end":{"line":57,"column":53}},"44":{"start":{"line":58,"column":3},"end":{"line":58,"column":20}},"45":{"start":{"line":59,"column":3},"end":{"line":59,"column":12}},"46":{"start":{"line":61,"column":2},"end":{"line":61,"column":14}},"47":{"start":{"line":63,"column":1},"end":{"line":63,"column":15}},"48":{"start":{"line":67,"column":1},"end":{"line":76,"column":2}},"49":{"start":{"line":69,"column":3},"end":{"line":69,"column":12}},"50":{"start":{"line":72,"column":3},"end":{"line":72,"column":12}},"51":{"start":{"line":75,"column":3},"end":{"line":75,"column":12}},"52":{"start":{"line":80,"column":1},"end":{"line":80,"column":25}},"53":{"start":{"line":84,"column":22},"end":{"line":84,"column":24}},"54":{"start":{"line":85,"column":24},"end":{"line":85,"column":26}},"55":{"start":{"line":87,"column":1},"end":{"line":123,"column":2}},"56":{"start":{"line":88,"column":2},"end":{"line":91,"column":3}},"57":{"start":{"line":89,"column":3},"end":{"line":89,"column":15}},"58":{"start":{"line":90,"column":3},"end":{"line":90,"column":12}},"59":{"start":{"line":92,"column":3},"end":{"line":106,"column":3}},"60":{"start":{"line":93,"column":4},"end":{"line":103,"column":4}},"61":{"start":{"line":94,"column":17},"end":{"line":94,"column":40}},"62":{"start":{"line":95,"column":5},"end":{"line":95,"column":21}},"63":{"start":{"line":95,"column":15},"end":{"line":95,"column":21}},"64":{"start":{"line":96,"column":5},"end":{"line":96,"column":34}},"65":{"start":{"line":96,"column":28},"end":{"line":96,"column":34}},"66":{"start":{"line":98,"column":15},"end":{"line":98,"column":28}},"67":{"start":{"line":99,"column":15},"end":{"line":99,"column":30}},"68":{"start":{"line":100,"column":4},"end":{"line":102,"column":17}},"69":{"start":{"line":101,"column":5},"end":{"line":101,"column":28}},"70":{"start":{"line":102,"column":11},"end":{"line":102,"column":17}},"71":{"start":{"line":104,"column":3},"end":{"line":104,"column":17}},"72":{"start":{"line":105,"column":3},"end":{"line":105,"column":12}},"73":{"start":{"line":107,"column":2},"end":{"line":110,"column":3}},"74":{"start":{"line":108,"column":3},"end":{"line":108,"column":17}},"75":{"start":{"line":109,"column":3},"end":{"line":109,"column":12}},"76":{"start":{"line":111,"column":2},"end":{"line":122,"column":3}},"77":{"start":{"line":112,"column":15},"end":{"line":112,"column":20}},"78":{"start":{"line":113,"column":3},"end":{"line":120,"column":4}},"79":{"start":{"line":114,"column":16},"end":{"line":114,"column":28}},"80":{"start":{"line":115,"column":4},"end":{"line":118,"column":5}},"81":{"start":{"line":116,"column":5},"end":{"line":116,"column":18}},"82":{"start":{"line":117,"column":5},"end":{"line":117,"column":11}},"83":{"start":{"line":119,"column":4},"end":{"line":119,"column":18}},"84":{"start":{"line":121,"column":3},"end":{"line":121,"column":27}},"85":{"start":{"line":121,"column":15},"end":{"line":121,"column":27}},"86":{"start":{"line":125,"column":1},"end":{"line":129,"column":2}},"87":{"start":{"line":126,"column":14},"end":{"line":126,"column":26}},"88":{"start":{"line":127,"column":2},"end":{"line":127,"column":58}},"89":{"start":{"line":127,"column":46},"end":{"line":127,"column":58}},"90":{"start":{"line":128,"column":2},"end":{"line":128,"column":16}},"91":{"start":{"line":131,"column":1},"end":{"line":131,"column":12}},"92":{"start":{"line":135,"column":25},"end":{"line":135,"column":27}},"93":{"start":{"line":136,"column":1},"end":{"line":164,"column":2}},"94":{"start":{"line":137,"column":2},"end":{"line":140,"column":3}},"95":{"start":{"line":138,"column":3},"end":{"line":138,"column":23}},"96":{"start":{"line":139,"column":3},"end":{"line":139,"column":12}},"97":{"start":{"line":141,"column":2},"end":{"line":163,"column":3}},"98":{"start":{"line":142,"column":13},"end":{"line":142,"column":24}},"99":{"start":{"line":143,"column":13},"end":{"line":143,"column":24}},"100":{"start":{"line":144,"column":3},"end":{"line":144,"column":55}},"101":{"start":{"line":144,"column":43},"end":{"line":144,"column":55}},"102":{"start":{"line":145,"column":3},"end":{"line":162,"column":4}},"103":{"start":{"line":147,"column":5},"end":{"line":147,"column":23}},"104":{"start":{"line":148,"column":5},"end":{"line":148,"column":11}},"105":{"start":{"line":150,"column":5},"end":{"line":150,"column":23}},"106":{"start":{"line":151,"column":5},"end":{"line":151,"column":11}},"107":{"start":{"line":153,"column":5},"end":{"line":153,"column":23}},"108":{"start":{"line":154,"column":5},"end":{"line":154,"column":11}},"109":{"start":{"line":156,"column":5},"end":{"line":156,"column":30}},"110":{"start":{"line":156,"column":18},"end":{"line":156,"column":30}},"111":{"start":{"line":157,"column":5},"end":{"line":157,"column":23}},"112":{"start":{"line":158,"column":5},"end":{"line":158,"column":11}},"113":{"start":{"line":160,"column":5},"end":{"line":160,"column":32}},"114":{"start":{"line":161,"column":5},"end":{"line":161,"column":11}},"115":{"start":{"line":165,"column":1},"end":{"line":165,"column":53}},"116":{"start":{"line":169,"column":16},"end":{"line":169,"column":30}},"117":{"start":{"line":170,"column":1},"end":{"line":170,"column":26}},"118":{"start":{"line":170,"column":14},"end":{"line":170,"column":26}},"119":{"start":{"line":171,"column":13},"end":{"line":171,"column":26}},"120":{"start":{"line":172,"column":1},"end":{"line":172,"column":23}},"121":{"start":{"line":172,"column":11},"end":{"line":172,"column":23}},"122":{"start":{"line":173,"column":15},"end":{"line":173,"column":27}},"123":{"start":{"line":174,"column":1},"end":{"line":174,"column":60}},"124":{"start":{"line":174,"column":48},"end":{"line":174,"column":60}},"125":{"start":{"line":175,"column":1},"end":{"line":175,"column":14}},"126":{"start":{"line":179,"column":1},"end":{"line":182,"column":2}},"127":{"start":{"line":180,"column":2},"end":{"line":180,"column":37}},"128":{"start":{"line":181,"column":2},"end":{"line":181,"column":9}},"129":{"start":{"line":183,"column":14},"end":{"line":183,"column":35}},"130":{"start":{"line":184,"column":15},"end":{"line":184,"column":49}},"131":{"start":{"line":185,"column":1},"end":{"line":188,"column":2}},"132":{"start":{"line":186,"column":2},"end":{"line":186,"column":61}},"133":{"start":{"line":187,"column":2},"end":{"line":187,"column":9}},"134":{"start":{"line":190,"column":1},"end":{"line":193,"column":2}},"135":{"start":{"line":191,"column":2},"end":{"line":191,"column":45}},"136":{"start":{"line":192,"column":2},"end":{"line":192,"column":9}},"137":{"start":{"line":194,"column":1},"end":{"line":194,"column":40}}},"fnMap":{"0":{"name":"tokenize","decl":{"start":{"line":9,"column":9},"end":{"line":9,"column":17}},"loc":{"start":{"line":9,"column":31},"end":{"line":64,"column":1}}},"1":{"name":"(anonymous_1)","decl":{"start":{"line":14,"column":16},"end":{"line":14,"column":17}},"loc":{"start":{"line":14,"column":53},"end":{"line":14,"column":91}}},"2":{"name":"precedence","decl":{"start":{"line":66,"column":9},"end":{"line":66,"column":19}},"loc":{"start":{"line":66,"column":46},"end":{"line":77,"column":1}}},"3":{"name":"isRightAssociative","decl":{"start":{"line":79,"column":9},"end":{"line":79,"column":27}},"loc":{"start":{"line":79,"column":54},"end":{"line":81,"column":1}}},"4":{"name":"toRpn","decl":{"start":{"line":83,"column":9},"end":{"line":83,"column":14}},"loc":{"start":{"line":83,"column":30},"end":{"line":132,"column":1}}},"5":{"name":"evalRpn","decl":{"start":{"line":134,"column":9},"end":{"line":134,"column":16}},"loc":{"start":{"line":134,"column":32},"end":{"line":166,"column":1}}},"6":{"name":"evaluateArithmeticExpression","decl":{"start":{"line":168,"column":16},"end":{"line":168,"column":44}},"loc":{"start":{"line":168,"column":57},"end":{"line":176,"column":1}}},"7":{"name":"inlineCalcReplaceSelection","decl":{"start":{"line":178,"column":16},"end":{"line":178,"column":42}},"loc":{"start":{"line":178,"column":57},"end":{"line":195,"column":1}}}},"branchMap":{"0":{"loc":{"start":{"line":18,"column":2},"end":{"line":21,"column":3}},"type":"if","locations":[{"start":{"line":18,"column":2},"end":{"line":21,"column":3}},{"start":{},"end":{}}]},"1":{"loc":{"start":{"line":18,"column":6},"end":{"line":18,"column":31}},"type":"binary-expr","locations":[{"start":{"line":18,"column":6},"end":{"line":18,"column":16}},{"start":{"line":18,"column":20},"end":{"line":18,"column":31}}]},"2":{"loc":{"start":{"line":22,"column":2},"end":{"line":26,"column":3}},"type":"if","locations":[{"start":{"line":22,"column":2},"end":{"line":26,"column":3}},{"start":{},"end":{}}]},"3":{"loc":{"start":{"line":27,"column":2},"end":{"line":31,"column":3}},"type":"if","locations":[{"start":{"line":27,"column":2},"end":{"line":31,"column":3}},{"start":{},"end":{}}]},"4":{"loc":{"start":{"line":32,"column":2},"end":{"line":36,"column":3}},"type":"if","locations":[{"start":{"line":32,"column":2},"end":{"line":36,"column":3}},{"start":{},"end":{}}]},"5":{"loc":{"start":{"line":32,"column":6},"end":{"line":32,"column":58}},"type":"binary-expr","locations":[{"start":{"line":32,"column":6},"end":{"line":32,"column":16}},{"start":{"line":32,"column":20},"end":{"line":32,"column":30}},{"start":{"line":32,"column":34},"end":{"line":32,"column":44}},{"start":{"line":32,"column":48},"end":{"line":32,"column":58}}]},"6":{"loc":{"start":{"line":37,"column":2},"end":{"line":54,"column":3}},"type":"if","locations":[{"start":{"line":37,"column":2},"end":{"line":54,"column":3}},{"start":{},"end":{}}]},"7":{"loc":{"start":{"line":40,"column":19},"end":{"line":40,"column":68}},"type":"binary-expr","locations":[{"start":{"line":40,"column":19},"end":{"line":40,"column":24}},{"start":{"line":40,"column":28},"end":{"line":40,"column":46}},{"start":{"line":40,"column":50},"end":{"line":40,"column":68}}]},"8":{"loc":{"start":{"line":41,"column":3},"end":{"line":50,"column":4}},"type":"if","locations":[{"start":{"line":41,"column":3},"end":{"line":50,"column":4}},{"start":{},"end":{}}]},"9":{"loc":{"start":{"line":44,"column":11},"end":{"line":44,"column":58}},"type":"binary-expr","locations":[{"start":{"line":44,"column":11},"end":{"line":44,"column":23}},{"start":{"line":44,"column":28},"end":{"line":44,"column":40}},{"start":{"line":44,"column":44},"end":{"line":44,"column":57}}]},"10":{"loc":{"start":{"line":46,"column":4},"end":{"line":46,"column":24}},"type":"if","locations":[{"start":{"line":46,"column":4},"end":{"line":46,"column":24}},{"start":{},"end":{}}]},"11":{"loc":{"start":{"line":56,"column":2},"end":{"line":60,"column":3}},"type":"if","locations":[{"start":{"line":56,"column":2},"end":{"line":60,"column":3}},{"start":{},"end":{}}]},"12":{"loc":{"start":{"line":67,"column":1},"end":{"line":76,"column":2}},"type":"switch","locations":[{"start":{"line":68,"column":2},"end":{"line":69,"column":12}},{"start":{"line":70,"column":2},"end":{"line":70,"column":11}},{"start":{"line":71,"column":2},"end":{"line":72,"column":12}},{"start":{"line":73,"column":2},"end":{"line":73,"column":11}},{"start":{"line":74,"column":2},"end":{"line":75,"column":12}}]},"13":{"loc":{"start":{"line":88,"column":2},"end":{"line":91,"column":3}},"type":"if","locations":[{"start":{"line":88,"column":2},"end":{"line":91,"column":3}},{"start":{},"end":{}}]},"14":{"loc":{"start":{"line":92,"column":3},"end":{"line":106,"column":3}},"type":"if","locations":[{"start":{"line":92,"column":3},"end":{"line":106,"column":3}},{"start":{},"end":{}}]},"15":{"loc":{"start":{"line":95,"column":5},"end":{"line":95,"column":21}},"type":"if","locations":[{"start":{"line":95,"column":5},"end":{"line":95,"column":21}},{"start":{},"end":{}}]},"16":{"loc":{"start":{"line":96,"column":5},"end":{"line":96,"column":34}},"type":"if","locations":[{"start":{"line":96,"column":5},"end":{"line":96,"column":34}},{"start":{},"end":{}}]},"17":{"loc":{"start":{"line":100,"column":4},"end":{"line":102,"column":17}},"type":"if","locations":[{"start":{"line":100,"column":4},"end":{"line":102,"column":17}},{"start":{"line":102,"column":11},"end":{"line":102,"column":17}}]},"18":{"loc":{"start":{"line":100,"column":8},"end":{"line":100,"column":56}},"type":"binary-expr","locations":[{"start":{"line":100,"column":8},"end":{"line":100,"column":15}},{"start":{"line":100,"column":20},"end":{"line":100,"column":29}},{"start":{"line":100,"column":33},"end":{"line":100,"column":55}}]},"19":{"loc":{"start":{"line":107,"column":2},"end":{"line":110,"column":3}},"type":"if","locations":[{"start":{"line":107,"column":2},"end":{"line":110,"column":3}},{"start":{},"end":{}}]},"20":{"loc":{"start":{"line":111,"column":2},"end":{"line":122,"column":3}},"type":"if","locations":[{"start":{"line":111,"column":2},"end":{"line":122,"column":3}},{"start":{},"end":{}}]},"21":{"loc":{"start":{"line":115,"column":4},"end":{"line":118,"column":5}},"type":"if","locations":[{"start":{"line":115,"column":4},"end":{"line":118,"column":5}},{"start":{},"end":{}}]},"22":{"loc":{"start":{"line":121,"column":3},"end":{"line":121,"column":27}},"type":"if","locations":[{"start":{"line":121,"column":3},"end":{"line":121,"column":27}},{"start":{},"end":{}}]},"23":{"loc":{"start":{"line":127,"column":2},"end":{"line":127,"column":58}},"type":"if","locations":[{"start":{"line":127,"column":2},"end":{"line":127,"column":58}},{"start":{},"end":{}}]},"24":{"loc":{"start":{"line":127,"column":6},"end":{"line":127,"column":44}},"type":"binary-expr","locations":[{"start":{"line":127,"column":6},"end":{"line":127,"column":23}},{"start":{"line":127,"column":27},"end":{"line":127,"column":44}}]},"25":{"loc":{"start":{"line":137,"column":2},"end":{"line":140,"column":3}},"type":"if","locations":[{"start":{"line":137,"column":2},"end":{"line":140,"column":3}},{"start":{},"end":{}}]},"26":{"loc":{"start":{"line":141,"column":2},"end":{"line":163,"column":3}},"type":"if","locations":[{"start":{"line":141,"column":2},"end":{"line":163,"column":3}},{"start":{},"end":{}}]},"27":{"loc":{"start":{"line":144,"column":3},"end":{"line":144,"column":55}},"type":"if","locations":[{"start":{"line":144,"column":3},"end":{"line":144,"column":55}},{"start":{},"end":{}}]},"28":{"loc":{"start":{"line":144,"column":7},"end":{"line":144,"column":41}},"type":"binary-expr","locations":[{"start":{"line":144,"column":7},"end":{"line":144,"column":22}},{"start":{"line":144,"column":26},"end":{"line":144,"column":41}}]},"29":{"loc":{"start":{"line":145,"column":3},"end":{"line":162,"column":4}},"type":"switch","locations":[{"start":{"line":146,"column":4},"end":{"line":148,"column":11}},{"start":{"line":149,"column":4},"end":{"line":151,"column":11}},{"start":{"line":152,"column":4},"end":{"line":154,"column":11}},{"start":{"line":155,"column":4},"end":{"line":158,"column":11}},{"start":{"line":159,"column":4},"end":{"line":161,"column":11}}]},"30":{"loc":{"start":{"line":156,"column":5},"end":{"line":156,"column":30}},"type":"if","locations":[{"start":{"line":156,"column":5},"end":{"line":156,"column":30}},{"start":{},"end":{}}]},"31":{"loc":{"start":{"line":165,"column":8},"end":{"line":165,"column":52}},"type":"cond-expr","locations":[{"start":{"line":165,"column":29},"end":{"line":165,"column":45}},{"start":{"line":165,"column":48},"end":{"line":165,"column":52}}]},"32":{"loc":{"start":{"line":165,"column":29},"end":{"line":165,"column":45}},"type":"cond-expr","locations":[{"start":{"line":165,"column":37},"end":{"line":165,"column":41}},{"start":{"line":165,"column":41},"end":{"line":165,"column":45}}]},"33":{"loc":{"start":{"line":165,"column":29},"end":{"line":165,"column":41}},"type":"binary-expr","locations":[{"start":{"line":165,"column":29},"end":{"line":165,"column":41}},{"start":{"line":165,"column":37},"end":{"line":165,"column":41}}]},"34":{"loc":{"start":{"line":170,"column":1},"end":{"line":170,"column":26}},"type":"if","locations":[{"start":{"line":170,"column":1},"end":{"line":170,"column":26}},{"start":{},"end":{}}]},"35":{"loc":{"start":{"line":172,"column":1},"end":{"line":172,"column":23}},"type":"if","locations":[{"start":{"line":172,"column":1},"end":{"line":172,"column":23}},{"start":{},"end":{}}]},"36":{"loc":{"start":{"line":174,"column":1},"end":{"line":174,"column":60}},"type":"if","locations":[{"start":{"line":174,"column":1},"end":{"line":174,"column":60}},{"start":{},"end":{}}]},"37":{"loc":{"start":{"line":174,"column":5},"end":{"line":174,"column":46}},"type":"binary-expr","locations":[{"start":{"line":174,"column":5},"end":{"line":174,"column":19}},{"start":{"line":174,"column":23},"end":{"line":174,"column":46}}]},"38":{"loc":{"start":{"line":179,"column":1},"end":{"line":182,"column":2}},"type":"if","locations":[{"start":{"line":179,"column":1},"end":{"line":182,"column":2}},{"start":{},"end":{}}]},"39":{"loc":{"start":{"line":185,"column":1},"end":{"line":188,"column":2}},"type":"if","locations":[{"start":{"line":185,"column":1},"end":{"line":188,"column":2}},{"start":{},"end":{}}]},"40":{"loc":{"start":{"line":190,"column":1},"end":{"line":193,"column":2}},"type":"if","locations":[{"start":{"line":190,"column":1},"end":{"line":193,"column":2}},{"start":{},"end":{}}]}},"s":{"0":1,"1":1,"2":1,"3":9,"4":9,"5":9,"6":9,"7":7,"8":9,"9":25,"10":25,"11":0,"12":0,"13":25,"14":2,"15":2,"16":2,"17":23,"18":2,"19":2,"20":2,"21":21,"22":7,"23":7,"24":7,"25":14,"26":3,"27":3,"28":3,"29":3,"30":3,"31":0,"32":3,"33":3,"34":1,"35":2,"36":2,"37":2,"38":0,"39":0,"40":0,"41":11,"42":11,"43":10,"44":10,"45":10,"46":1,"47":7,"48":2,"49":0,"50":1,"51":1,"52":0,"53":7,"54":7,"55":7,"56":23,"57":12,"58":12,"59":11,"60":7,"61":2,"62":2,"63":0,"64":2,"65":1,"66":1,"67":1,"68":1,"69":0,"70":1,"71":7,"72":7,"73":4,"74":2,"75":2,"76":2,"77":2,"78":2,"79":3,"80":3,"81":2,"82":2,"83":1,"84":2,"85":0,"86":7,"87":6,"88":6,"89":0,"90":6,"91":7,"92":7,"93":7,"94":19,"95":12,"96":12,"97":7,"98":7,"99":7,"100":7,"101":1,"102":6,"103":2,"104":2,"105":0,"106":0,"107":3,"108":3,"109":0,"110":0,"111":0,"112":0,"113":1,"114":1,"115":6,"116":9,"117":9,"118":2,"119":7,"120":7,"121":0,"122":7,"123":7,"124":2,"125":5,"126":0,"127":0,"128":0,"129":0,"130":0,"131":0,"132":0,"133":0,"134":0,"135":0,"136":0,"137":0},"f":{"0":9,"1":7,"2":2,"3":0,"4":7,"5":7,"6":9,"7":0},"b":{"0":[0,25],"1":[25,25],"2":[2,23],"3":[2,21],"4":[7,14],"5":[21,18,15,15],"6":[3,11],"7":[3,1,0],"8":[3,0],"9":[3,3,3],"10":[1,2],"11":[10,1],"12":[0,1,1,1,1],"13":[12,11],"14":[7,4],"15":[0,2],"16":[1,1],"17":[0,1],"18":[1,1,0],"19":[2,2],"20":[2,0],"21":[2,1],"22":[0,2],"23":[0,6],"24":[6,6],"25":[12,7],"26":[7,0],"27":[1,6],"28":[7,6],"29":[2,0,3,0,1],"30":[0,0],"31":[5,1],"32":[5,0],"33":[5,5],"34":[2,7],"35":[0,7],"36":[2,5],"37":[7,5],"38":[0,0],"39":[0,0],"40":[0,0]}}
,"/Users/chyax/editor-pro/src/features/editing/keyshots.ts": {"path":"/Users/chyax/editor-pro/src/features/editing/keyshots.ts","statementMap":{"0":{"start":{"line":9,"column":0},"end":{"line":9,"column":16}},"1":{"start":{"line":31,"column":0},"end":{"line":31,"column":16}},"2":{"start":{"line":51,"column":0},"end":{"line":51,"column":16}},"3":{"start":{"line":65,"column":0},"end":{"line":65,"column":16}},"4":{"start":{"line":102,"column":0},"end":{"line":102,"column":16}},"5":{"start":{"line":2,"column":0},"end":{"line":2,"column":47}},"6":{"start":{"line":10,"column":4},"end":{"line":10,"column":46}},"7":{"start":{"line":10,"column":39},"end":{"line":10,"column":46}},"8":{"start":{"line":11,"column":19},"end":{"line":11,"column":37}},"9":{"start":{"line":12,"column":22},"end":{"line":12,"column":40}},"10":{"start":{"line":15,"column":4},"end":{"line":15,"column":53}},"11":{"start":{"line":15,"column":46},"end":{"line":15,"column":53}},"12":{"start":{"line":17,"column":24},"end":{"line":17,"column":51}},"13":{"start":{"line":18,"column":21},"end":{"line":18,"column":52}},"14":{"start":{"line":20,"column":4},"end":{"line":24,"column":6}},"15":{"start":{"line":27,"column":4},"end":{"line":27,"column":63}},"16":{"start":{"line":32,"column":4},"end":{"line":32,"column":45}},"17":{"start":{"line":32,"column":38},"end":{"line":32,"column":45}},"18":{"start":{"line":33,"column":19},"end":{"line":33,"column":37}},"19":{"start":{"line":34,"column":22},"end":{"line":34,"column":40}},"20":{"start":{"line":35,"column":4},"end":{"line":35,"column":46}},"21":{"start":{"line":35,"column":39},"end":{"line":35,"column":46}},"22":{"start":{"line":37,"column":24},"end":{"line":37,"column":51}},"23":{"start":{"line":38,"column":21},"end":{"line":38,"column":52}},"24":{"start":{"line":40,"column":4},"end":{"line":44,"column":6}},"25":{"start":{"line":47,"column":4},"end":{"line":47,"column":63}},"26":{"start":{"line":52,"column":19},"end":{"line":52,"column":37}},"27":{"start":{"line":53,"column":24},"end":{"line":53,"column":51}},"28":{"start":{"line":55,"column":4},"end":{"line":58,"column":6}},"29":{"start":{"line":61,"column":4},"end":{"line":61,"column":63}},"30":{"start":{"line":66,"column":19},"end":{"line":66,"column":37}},"31":{"start":{"line":67,"column":22},"end":{"line":67,"column":40}},"32":{"start":{"line":69,"column":4},"end":{"line":71,"column":5}},"33":{"start":{"line":70,"column":8},"end":{"line":70,"column":15}},"34":{"start":{"line":73,"column":4},"end":{"line":77,"column":5}},"35":{"start":{"line":74,"column":8},"end":{"line":74,"column":30}},"36":{"start":{"line":75,"column":8},"end":{"line":75,"column":45}},"37":{"start":{"line":76,"column":8},"end":{"line":76,"column":15}},"38":{"start":{"line":80,"column":4},"end":{"line":98,"column":5}},"39":{"start":{"line":81,"column":25},"end":{"line":81,"column":56}},"40":{"start":{"line":82,"column":28},"end":{"line":82,"column":43}},"41":{"start":{"line":83,"column":8},"end":{"line":87,"column":10}},"42":{"start":{"line":89,"column":8},"end":{"line":89,"column":82}},"43":{"start":{"line":92,"column":8},"end":{"line":96,"column":10}},"44":{"start":{"line":103,"column":19},"end":{"line":103,"column":37}},"45":{"start":{"line":104,"column":24},"end":{"line":104,"column":51}},"46":{"start":{"line":106,"column":4},"end":{"line":109,"column":6}}},"fnMap":{"0":{"name":"moveLineUp","decl":{"start":{"line":9,"column":16},"end":{"line":9,"column":26}},"loc":{"start":{"line":9,"column":41},"end":{"line":28,"column":1}}},"1":{"name":"moveLineDown","decl":{"start":{"line":31,"column":16},"end":{"line":31,"column":28}},"loc":{"start":{"line":31,"column":43},"end":{"line":48,"column":1}}},"2":{"name":"duplicateLine","decl":{"start":{"line":51,"column":16},"end":{"line":51,"column":29}},"loc":{"start":{"line":51,"column":44},"end":{"line":62,"column":1}}},"3":{"name":"deleteLine","decl":{"start":{"line":65,"column":16},"end":{"line":65,"column":26}},"loc":{"start":{"line":65,"column":41},"end":{"line":99,"column":1}}},"4":{"name":"selectLine","decl":{"start":{"line":102,"column":16},"end":{"line":102,"column":26}},"loc":{"start":{"line":102,"column":41},"end":{"line":110,"column":1}}}},"branchMap":{"0":{"loc":{"start":{"line":10,"column":4},"end":{"line":10,"column":46}},"type":"if","locations":[{"start":{"line":10,"column":4},"end":{"line":10,"column":46}},{"start":{},"end":{}}]},"1":{"loc":{"start":{"line":15,"column":4},"end":{"line":15,"column":53}},"type":"if","locations":[{"start":{"line":15,"column":4},"end":{"line":15,"column":53}},{"start":{},"end":{}}]},"2":{"loc":{"start":{"line":15,"column":8},"end":{"line":15,"column":44}},"type":"binary-expr","locations":[{"start":{"line":15,"column":8},"end":{"line":15,"column":23}},{"start":{"line":15,"column":27},"end":{"line":15,"column":44}}]},"3":{"loc":{"start":{"line":32,"column":4},"end":{"line":32,"column":45}},"type":"if","locations":[{"start":{"line":32,"column":4},"end":{"line":32,"column":45}},{"start":{},"end":{}}]},"4":{"loc":{"start":{"line":35,"column":4},"end":{"line":35,"column":46}},"type":"if","locations":[{"start":{"line":35,"column":4},"end":{"line":35,"column":46}},{"start":{},"end":{}}]},"5":{"loc":{"start":{"line":69,"column":4},"end":{"line":71,"column":5}},"type":"if","locations":[{"start":{"line":69,"column":4},"end":{"line":71,"column":5}},{"start":{},"end":{}}]},"6":{"loc":{"start":{"line":73,"column":4},"end":{"line":77,"column":5}},"type":"if","locations":[{"start":{"line":73,"column":4},"end":{"line":77,"column":5}},{"start":{},"end":{}}]},"7":{"loc":{"start":{"line":80,"column":4},"end":{"line":98,"column":5}},"type":"if","locations":[{"start":{"line":80,"column":4},"end":{"line":98,"column":5}},{"start":{"line":90,"column":11},"end":{"line":98,"column":5}}]}},"s":{"0":1,"1":1,"2":1,"3":1,"4":1,"5":1,"6":9,"7":0,"8":9,"9":9,"10":9,"11":1,"12":8,"13":8,"14":8,"15":8,"16":8,"17":0,"18":8,"19":8,"20":8,"21":1,"22":7,"23":7,"24":7,"25":7,"26":11,"27":11,"28":11,"29":11,"30":10,"31":10,"32":10,"33":0,"34":10,"35":2,"36":2,"37":2,"38":8,"39":2,"40":2,"41":2,"42":2,"43":6,"44":7,"45":7,"46":7},"f":{"0":9,"1":8,"2":11,"3":10,"4":7},"b":{"0":[0,9],"1":[1,8],"2":[9,9],"3":[0,8],"4":[1,7],"5":[0,10],"6":[2,8],"7":[2,6]}}
,"/Users/chyax/editor-pro/src/features/editing/outliner.ts": {"path":"/Users/chyax/editor-pro/src/features/editing/outliner.ts","statementMap":{"0":{"start":{"line":100,"column":0},"end":{"line":100,"column":16}},"1":{"start":{"line":128,"column":0},"end":{"line":128,"column":16}},"2":{"start":{"line":157,"column":0},"end":{"line":157,"column":16}},"3":{"start":{"line":5,"column":15},"end":{"line":5,"column":38}},"4":{"start":{"line":6,"column":15},"end":{"line":6,"column":20}},"5":{"start":{"line":7,"column":1},"end":{"line":12,"column":2}},"6":{"start":{"line":7,"column":14},"end":{"line":7,"column":19}},"7":{"start":{"line":8,"column":15},"end":{"line":8,"column":39}},"8":{"start":{"line":9,"column":2},"end":{"line":11,"column":3}},"9":{"start":{"line":10,"column":3},"end":{"line":10,"column":22}},"10":{"start":{"line":13,"column":1},"end":{"line":13,"column":16}},"11":{"start":{"line":17,"column":9},"end":{"line":17,"column":10}},"12":{"start":{"line":18,"column":1},"end":{"line":18,"column":48}},"13":{"start":{"line":18,"column":44},"end":{"line":18,"column":48}},"14":{"start":{"line":19,"column":1},"end":{"line":19,"column":10}},"15":{"start":{"line":28,"column":16},"end":{"line":28,"column":38}},"16":{"start":{"line":29,"column":14},"end":{"line":29,"column":32}},"17":{"start":{"line":30,"column":1},"end":{"line":30,"column":49}},"18":{"start":{"line":30,"column":31},"end":{"line":30,"column":49}},"19":{"start":{"line":31,"column":1},"end":{"line":31,"column":47}},"20":{"start":{"line":31,"column":29},"end":{"line":31,"column":47}},"21":{"start":{"line":32,"column":1},"end":{"line":32,"column":13}},"22":{"start":{"line":36,"column":18},"end":{"line":36,"column":43}},"23":{"start":{"line":37,"column":14},"end":{"line":37,"column":38}},"24":{"start":{"line":38,"column":1},"end":{"line":38,"column":24}},"25":{"start":{"line":38,"column":12},"end":{"line":38,"column":24}},"26":{"start":{"line":39,"column":1},"end":{"line":39,"column":57}},"27":{"start":{"line":39,"column":45},"end":{"line":39,"column":57}},"28":{"start":{"line":41,"column":20},"end":{"line":41,"column":24}},"29":{"start":{"line":42,"column":11},"end":{"line":42,"column":20}},"30":{"start":{"line":44,"column":1},"end":{"line":53,"column":2}},"31":{"start":{"line":44,"column":14},"end":{"line":44,"column":27}},"32":{"start":{"line":45,"column":12},"end":{"line":45,"column":29}},"33":{"start":{"line":46,"column":2},"end":{"line":46,"column":23}},"34":{"start":{"line":46,"column":17},"end":{"line":46,"column":23}},"35":{"start":{"line":47,"column":18},"end":{"line":47,"column":37}},"36":{"start":{"line":48,"column":2},"end":{"line":51,"column":3}},"37":{"start":{"line":49,"column":3},"end":{"line":49,"column":11}},"38":{"start":{"line":50,"column":3},"end":{"line":50,"column":12}},"39":{"start":{"line":52,"column":2},"end":{"line":52,"column":8}},"40":{"start":{"line":55,"column":1},"end":{"line":55,"column":42}},"41":{"start":{"line":59,"column":21},"end":{"line":59,"column":40}},"42":{"start":{"line":60,"column":1},"end":{"line":60,"column":106}},"43":{"start":{"line":64,"column":25},"end":{"line":64,"column":27}},"44":{"start":{"line":65,"column":1},"end":{"line":65,"column":66}},"45":{"start":{"line":65,"column":14},"end":{"line":65,"column":19}},"46":{"start":{"line":65,"column":36},"end":{"line":65,"column":66}},"47":{"start":{"line":66,"column":1},"end":{"line":66,"column":14}},"48":{"start":{"line":74,"column":14},"end":{"line":74,"column":23}},"49":{"start":{"line":75,"column":9},"end":{"line":75,"column":59}},"50":{"start":{"line":77,"column":23},"end":{"line":77,"column":41}},"51":{"start":{"line":78,"column":18},"end":{"line":78,"column":19}},"52":{"start":{"line":80,"column":1},"end":{"line":95,"column":2}},"53":{"start":{"line":81,"column":12},"end":{"line":81,"column":29}},"54":{"start":{"line":82,"column":2},"end":{"line":86,"column":3}},"55":{"start":{"line":83,"column":3},"end":{"line":83,"column":13}},"56":{"start":{"line":84,"column":3},"end":{"line":84,"column":16}},"57":{"start":{"line":85,"column":3},"end":{"line":85,"column":12}},"58":{"start":{"line":88,"column":15},"end":{"line":88,"column":32}},"59":{"start":{"line":89,"column":2},"end":{"line":91,"column":3}},"60":{"start":{"line":90,"column":3},"end":{"line":90,"column":38}},"61":{"start":{"line":93,"column":2},"end":{"line":93,"column":12}},"62":{"start":{"line":94,"column":2},"end":{"line":94,"column":15}},"63":{"start":{"line":97,"column":1},"end":{"line":97,"column":13}},"64":{"start":{"line":101,"column":16},"end":{"line":101,"column":34}},"65":{"start":{"line":102,"column":15},"end":{"line":102,"column":52}},"66":{"start":{"line":103,"column":1},"end":{"line":103,"column":26}},"67":{"start":{"line":103,"column":13},"end":{"line":103,"column":26}},"68":{"start":{"line":105,"column":17},"end":{"line":105,"column":59}},"69":{"start":{"line":106,"column":1},"end":{"line":106,"column":28}},"70":{"start":{"line":106,"column":15},"end":{"line":106,"column":28}},"71":{"start":{"line":108,"column":11},"end":{"line":108,"column":45}},"72":{"start":{"line":109,"column":11},"end":{"line":109,"column":45}},"73":{"start":{"line":112,"column":18},"end":{"line":112,"column":27}},"74":{"start":{"line":113,"column":16},"end":{"line":113,"column":27}},"75":{"start":{"line":114,"column":13},"end":{"line":114,"column":73}},"76":{"start":{"line":116,"column":16},"end":{"line":116,"column":48}},"77":{"start":{"line":117,"column":16},"end":{"line":117,"column":48}},"78":{"start":{"line":118,"column":14},"end":{"line":118,"column":96}},"79":{"start":{"line":120,"column":1},"end":{"line":120,"column":48}},"80":{"start":{"line":122,"column":15},"end":{"line":122,"column":61}},"81":{"start":{"line":123,"column":18},"end":{"line":123,"column":78}},"82":{"start":{"line":124,"column":1},"end":{"line":124,"column":100}},"83":{"start":{"line":125,"column":1},"end":{"line":125,"column":13}},"84":{"start":{"line":129,"column":1},"end":{"line":129,"column":37}},"85":{"start":{"line":129,"column":24},"end":{"line":129,"column":37}},"86":{"start":{"line":130,"column":1},"end":{"line":130,"column":60}},"87":{"start":{"line":130,"column":47},"end":{"line":130,"column":60}},"88":{"start":{"line":132,"column":16},"end":{"line":132,"column":34}},"89":{"start":{"line":133,"column":15},"end":{"line":133,"column":52}},"90":{"start":{"line":134,"column":1},"end":{"line":134,"column":26}},"91":{"start":{"line":134,"column":13},"end":{"line":134,"column":26}},"92":{"start":{"line":136,"column":1},"end":{"line":136,"column":22}},"93":{"start":{"line":138,"column":25},"end":{"line":138,"column":27}},"94":{"start":{"line":139,"column":1},"end":{"line":139,"column":78}},"95":{"start":{"line":139,"column":14},"end":{"line":139,"column":25}},"96":{"start":{"line":139,"column":48},"end":{"line":139,"column":78}},"97":{"start":{"line":141,"column":15},"end":{"line":141,"column":36}},"98":{"start":{"line":142,"column":19},"end":{"line":148,"column":3}},"99":{"start":{"line":143,"column":2},"end":{"line":143,"column":36}},"100":{"start":{"line":143,"column":17},"end":{"line":143,"column":36}},"101":{"start":{"line":145,"column":2},"end":{"line":145,"column":50}},"102":{"start":{"line":145,"column":29},"end":{"line":145,"column":50}},"103":{"start":{"line":146,"column":2},"end":{"line":146,"column":49}},"104":{"start":{"line":146,"column":28},"end":{"line":146,"column":49}},"105":{"start":{"line":147,"column":2},"end":{"line":147,"column":14}},"106":{"start":{"line":150,"column":1},"end":{"line":150,"column":61}},"107":{"start":{"line":152,"column":16},"end":{"line":152,"column":46}},"108":{"start":{"line":153,"column":1},"end":{"line":153,"column":53}},"109":{"start":{"line":154,"column":1},"end":{"line":154,"column":13}},"110":{"start":{"line":158,"column":1},"end":{"line":158,"column":27}}},"fnMap":{"0":{"name":"isInFencedCodeBlock","decl":{"start":{"line":3,"column":9},"end":{"line":3,"column":28}},"loc":{"start":{"line":3,"column":57},"end":{"line":14,"column":1}}},"1":{"name":"getLeadingSpaces","decl":{"start":{"line":16,"column":9},"end":{"line":16,"column":25}},"loc":{"start":{"line":16,"column":38},"end":{"line":20,"column":1}}},"2":{"name":"isListItemLine","decl":{"start":{"line":22,"column":9},"end":{"line":22,"column":23}},"loc":{"start":{"line":22,"column":36},"end":{"line":33,"column":1}}},"3":{"name":"getListItemBlock","decl":{"start":{"line":35,"column":9},"end":{"line":35,"column":25}},"loc":{"start":{"line":35,"column":59},"end":{"line":56,"column":1}}},"4":{"name":"replaceLineRange","decl":{"start":{"line":58,"column":9},"end":{"line":58,"column":25}},"loc":{"start":{"line":58,"column":89},"end":{"line":61,"column":1}}},"5":{"name":"getLines","decl":{"start":{"line":63,"column":9},"end":{"line":63,"column":17}},"loc":{"start":{"line":63,"column":60},"end":{"line":67,"column":1}}},"6":{"name":"findSiblingBlock","decl":{"start":{"line":69,"column":9},"end":{"line":69,"column":25}},"loc":{"start":{"line":72,"column":18},"end":{"line":98,"column":1}}},"7":{"name":"moveListItemBlock","decl":{"start":{"line":100,"column":16},"end":{"line":100,"column":33}},"loc":{"start":{"line":100,"column":67},"end":{"line":126,"column":1}}},"8":{"name":"handleOutlinerIndent","decl":{"start":{"line":128,"column":16},"end":{"line":128,"column":36}},"loc":{"start":{"line":128,"column":71},"end":{"line":155,"column":1}}},"9":{"name":"(anonymous_9)","decl":{"start":{"line":142,"column":29},"end":{"line":142,"column":30}},"loc":{"start":{"line":142,"column":38},"end":{"line":148,"column":2}}},"10":{"name":"toggleFold","decl":{"start":{"line":157,"column":16},"end":{"line":157,"column":26}},"loc":{"start":{"line":157,"column":41},"end":{"line":159,"column":1}}}},"branchMap":{"0":{"loc":{"start":{"line":9,"column":2},"end":{"line":11,"column":3}},"type":"if","locations":[{"start":{"line":9,"column":2},"end":{"line":11,"column":3}},{"start":{},"end":{}}]},"1":{"loc":{"start":{"line":9,"column":6},"end":{"line":9,"column":54}},"type":"binary-expr","locations":[{"start":{"line":9,"column":6},"end":{"line":9,"column":28}},{"start":{"line":9,"column":32},"end":{"line":9,"column":54}}]},"2":{"loc":{"start":{"line":18,"column":8},"end":{"line":18,"column":42}},"type":"binary-expr","locations":[{"start":{"line":18,"column":8},"end":{"line":18,"column":23}},{"start":{"line":18,"column":27},"end":{"line":18,"column":42}}]},"3":{"loc":{"start":{"line":30,"column":1},"end":{"line":30,"column":49}},"type":"if","locations":[{"start":{"line":30,"column":1},"end":{"line":30,"column":49}},{"start":{},"end":{}}]},"4":{"loc":{"start":{"line":31,"column":1},"end":{"line":31,"column":47}},"type":"if","locations":[{"start":{"line":31,"column":1},"end":{"line":31,"column":47}},{"start":{},"end":{}}]},"5":{"loc":{"start":{"line":38,"column":1},"end":{"line":38,"column":24}},"type":"if","locations":[{"start":{"line":38,"column":1},"end":{"line":38,"column":24}},{"start":{},"end":{}}]},"6":{"loc":{"start":{"line":39,"column":1},"end":{"line":39,"column":57}},"type":"if","locations":[{"start":{"line":39,"column":1},"end":{"line":39,"column":57}},{"start":{},"end":{}}]},"7":{"loc":{"start":{"line":46,"column":2},"end":{"line":46,"column":23}},"type":"if","locations":[{"start":{"line":46,"column":2},"end":{"line":46,"column":23}},{"start":{},"end":{}}]},"8":{"loc":{"start":{"line":48,"column":2},"end":{"line":51,"column":3}},"type":"if","locations":[{"start":{"line":48,"column":2},"end":{"line":51,"column":3}},{"start":{},"end":{}}]},"9":{"loc":{"start":{"line":75,"column":9},"end":{"line":75,"column":59}},"type":"cond-expr","locations":[{"start":{"line":75,"column":28},"end":{"line":75,"column":43}},{"start":{"line":75,"column":46},"end":{"line":75,"column":59}}]},"10":{"loc":{"start":{"line":80,"column":8},"end":{"line":80,"column":70}},"type":"binary-expr","locations":[{"start":{"line":80,"column":8},"end":{"line":80,"column":14}},{"start":{"line":80,"column":18},"end":{"line":80,"column":40}},{"start":{"line":80,"column":44},"end":{"line":80,"column":70}}]},"11":{"loc":{"start":{"line":82,"column":2},"end":{"line":86,"column":3}},"type":"if","locations":[{"start":{"line":82,"column":2},"end":{"line":86,"column":3}},{"start":{},"end":{}}]},"12":{"loc":{"start":{"line":89,"column":2},"end":{"line":91,"column":3}},"type":"if","locations":[{"start":{"line":89,"column":2},"end":{"line":91,"column":3}},{"start":{},"end":{}}]},"13":{"loc":{"start":{"line":89,"column":6},"end":{"line":89,"column":77}},"type":"binary-expr","locations":[{"start":{"line":89,"column":6},"end":{"line":89,"column":10}},{"start":{"line":89,"column":14},"end":{"line":89,"column":42}},{"start":{"line":89,"column":46},"end":{"line":89,"column":77}}]},"14":{"loc":{"start":{"line":103,"column":1},"end":{"line":103,"column":26}},"type":"if","locations":[{"start":{"line":103,"column":1},"end":{"line":103,"column":26}},{"start":{},"end":{}}]},"15":{"loc":{"start":{"line":106,"column":1},"end":{"line":106,"column":28}},"type":"if","locations":[{"start":{"line":106,"column":1},"end":{"line":106,"column":28}},{"start":{},"end":{}}]},"16":{"loc":{"start":{"line":108,"column":11},"end":{"line":108,"column":45}},"type":"cond-expr","locations":[{"start":{"line":108,"column":30},"end":{"line":108,"column":37}},{"start":{"line":108,"column":40},"end":{"line":108,"column":45}}]},"17":{"loc":{"start":{"line":109,"column":11},"end":{"line":109,"column":45}},"type":"cond-expr","locations":[{"start":{"line":109,"column":30},"end":{"line":109,"column":35}},{"start":{"line":109,"column":38},"end":{"line":109,"column":45}}]},"18":{"loc":{"start":{"line":114,"column":13},"end":{"line":114,"column":73}},"type":"cond-expr","locations":[{"start":{"line":114,"column":34},"end":{"line":114,"column":68}},{"start":{"line":114,"column":71},"end":{"line":114,"column":73}}]},"19":{"loc":{"start":{"line":118,"column":14},"end":{"line":118,"column":96}},"type":"cond-expr","locations":[{"start":{"line":118,"column":33},"end":{"line":118,"column":63}},{"start":{"line":118,"column":66},"end":{"line":118,"column":96}}]},"20":{"loc":{"start":{"line":123,"column":18},"end":{"line":123,"column":78}},"type":"cond-expr","locations":[{"start":{"line":123,"column":37},"end":{"line":123,"column":56}},{"start":{"line":123,"column":59},"end":{"line":123,"column":78}}]},"21":{"loc":{"start":{"line":129,"column":1},"end":{"line":129,"column":37}},"type":"if","locations":[{"start":{"line":129,"column":1},"end":{"line":129,"column":37}},{"start":{},"end":{}}]},"22":{"loc":{"start":{"line":130,"column":1},"end":{"line":130,"column":60}},"type":"if","locations":[{"start":{"line":130,"column":1},"end":{"line":130,"column":60}},{"start":{},"end":{}}]},"23":{"loc":{"start":{"line":130,"column":5},"end":{"line":130,"column":45}},"type":"binary-expr","locations":[{"start":{"line":130,"column":5},"end":{"line":130,"column":16}},{"start":{"line":130,"column":20},"end":{"line":130,"column":31}},{"start":{"line":130,"column":35},"end":{"line":130,"column":45}}]},"24":{"loc":{"start":{"line":134,"column":1},"end":{"line":134,"column":26}},"type":"if","locations":[{"start":{"line":134,"column":1},"end":{"line":134,"column":26}},{"start":{},"end":{}}]},"25":{"loc":{"start":{"line":141,"column":15},"end":{"line":141,"column":36}},"type":"cond-expr","locations":[{"start":{"line":141,"column":30},"end":{"line":141,"column":32}},{"start":{"line":141,"column":35},"end":{"line":141,"column":36}}]},"26":{"loc":{"start":{"line":143,"column":2},"end":{"line":143,"column":36}},"type":"if","locations":[{"start":{"line":143,"column":2},"end":{"line":143,"column":36}},{"start":{},"end":{}}]},"27":{"loc":{"start":{"line":145,"column":2},"end":{"line":145,"column":50}},"type":"if","locations":[{"start":{"line":145,"column":2},"end":{"line":145,"column":50}},{"start":{},"end":{}}]},"28":{"loc":{"start":{"line":146,"column":2},"end":{"line":146,"column":49}},"type":"if","locations":[{"start":{"line":146,"column":2},"end":{"line":146,"column":49}},{"start":{},"end":{}}]}},"s":{"0":2,"1":2,"2":2,"3":74,"4":74,"5":74,"6":74,"7":136,"8":136,"9":4,"10":74,"11":146,"12":146,"13":48,"14":146,"15":101,"16":101,"17":101,"18":75,"19":26,"20":3,"21":23,"22":74,"23":74,"24":74,"25":21,"26":53,"27":0,"28":53,"29":53,"30":53,"31":53,"32":46,"33":46,"34":1,"35":45,"36":45,"37":9,"38":9,"39":36,"40":53,"41":28,"42":28,"43":39,"44":39,"45":39,"46":47,"47":39,"48":25,"49":25,"50":25,"51":25,"52":25,"53":28,"54":28,"55":1,"56":1,"57":1,"58":27,"59":27,"60":19,"61":8,"62":8,"63":6,"64":45,"65":45,"66":45,"67":20,"68":25,"69":25,"70":6,"71":19,"72":19,"73":19,"74":19,"75":19,"76":19,"77":19,"78":19,"79":19,"80":19,"81":19,"82":19,"83":19,"84":14,"85":1,"86":13,"87":3,"88":10,"89":10,"90":10,"91":1,"92":9,"93":9,"94":9,"95":9,"96":10,"97":9,"98":9,"99":10,"100":5,"101":5,"102":2,"103":3,"104":2,"105":1,"106":9,"107":9,"108":9,"109":9,"110":1},"f":{"0":74,"1":146,"2":101,"3":74,"4":28,"5":39,"6":25,"7":45,"8":14,"9":10,"10":1},"b":{"0":[4,132],"1":[136,132],"2":[194,192],"3":[75,26],"4":[3,23],"5":[21,53],"6":[0,53],"7":[1,45],"8":[9,36],"9":[15,10],"10":[34,30,28],"11":[1,27],"12":[19,8],"13":[27,25,21],"14":[20,25],"15":[6,19],"16":[11,8],"17":[11,8],"18":[1,18],"19":[11,8],"20":[11,8],"21":[1,13],"22":[3,10],"23":[13,12,11],"24":[1,9],"25":[5,4],"26":[5,5],"27":[2,3],"28":[2,1]}}
,"/Users/chyax/editor-pro/src/features/editing/smart-link-title.ts": {"path":"/Users/chyax/editor-pro/src/features/editing/smart-link-title.ts","statementMap":{"0":{"start":{"line":50,"column":0},"end":{"line":50,"column":16}},"1":{"start":{"line":57,"column":0},"end":{"line":57,"column":16}},"2":{"start":{"line":84,"column":0},"end":{"line":84,"column":16}},"3":{"start":{"line":88,"column":0},"end":{"line":88,"column":22}},"4":{"start":{"line":1,"column":0},"end":{"line":1,"column":38}},"5":{"start":{"line":8,"column":1},"end":{"line":47,"column":2}},"6":{"start":{"line":9,"column":14},"end":{"line":9,"column":29}},"7":{"start":{"line":12,"column":2},"end":{"line":14,"column":3}},"8":{"start":{"line":13,"column":3},"end":{"line":13,"column":16}},"9":{"start":{"line":17,"column":19},"end":{"line":17,"column":31}},"10":{"start":{"line":18,"column":28},"end":{"line":29,"column":4}},"11":{"start":{"line":31,"column":2},"end":{"line":35,"column":3}},"12":{"start":{"line":32,"column":3},"end":{"line":34,"column":4}},"13":{"start":{"line":33,"column":4},"end":{"line":33,"column":17}},"14":{"start":{"line":38,"column":23},"end":{"line":38,"column":80}},"15":{"start":{"line":39,"column":2},"end":{"line":41,"column":3}},"16":{"start":{"line":39,"column":31},"end":{"line":39,"column":53}},"17":{"start":{"line":40,"column":3},"end":{"line":40,"column":16}},"18":{"start":{"line":43,"column":2},"end":{"line":43,"column":14}},"19":{"start":{"line":46,"column":2},"end":{"line":46,"column":15}},"20":{"start":{"line":51,"column":11},"end":{"line":51,"column":22}},"21":{"start":{"line":52,"column":1},"end":{"line":52,"column":22}},"22":{"start":{"line":52,"column":9},"end":{"line":52,"column":22}},"23":{"start":{"line":53,"column":1},"end":{"line":53,"column":32}},"24":{"start":{"line":53,"column":19},"end":{"line":53,"column":32}},"25":{"start":{"line":54,"column":1},"end":{"line":54,"column":36}},"26":{"start":{"line":58,"column":1},"end":{"line":81,"column":2}},"27":{"start":{"line":59,"column":22},"end":{"line":59,"column":62}},"28":{"start":{"line":60,"column":2},"end":{"line":69,"column":3}},"29":{"start":{"line":62,"column":21},"end":{"line":62,"column":73}},"30":{"start":{"line":63,"column":16},"end":{"line":63,"column":36}},"31":{"start":{"line":64,"column":3},"end":{"line":68,"column":4}},"32":{"start":{"line":65,"column":16},"end":{"line":65,"column":36}},"33":{"start":{"line":66,"column":17},"end":{"line":66,"column":51}},"34":{"start":{"line":67,"column":4},"end":{"line":67,"column":26}},"35":{"start":{"line":67,"column":14},"end":{"line":67,"column":26}},"36":{"start":{"line":71,"column":21},"end":{"line":71,"column":67}},"37":{"start":{"line":72,"column":2},"end":{"line":76,"column":3}},"38":{"start":{"line":73,"column":15},"end":{"line":73,"column":34}},"39":{"start":{"line":74,"column":16},"end":{"line":74,"column":50}},"40":{"start":{"line":75,"column":3},"end":{"line":75,"column":23}},"41":{"start":{"line":78,"column":2},"end":{"line":78,"column":14}},"42":{"start":{"line":80,"column":2},"end":{"line":80,"column":14}},"43":{"start":{"line":85,"column":1},"end":{"line":85,"column":42}},"44":{"start":{"line":90,"column":1},"end":{"line":92,"column":2}},"45":{"start":{"line":91,"column":2},"end":{"line":91,"column":14}},"46":{"start":{"line":94,"column":1},"end":{"line":112,"column":2}},"47":{"start":{"line":95,"column":14},"end":{"line":95,"column":68}},"48":{"start":{"line":96,"column":15},"end":{"line":96,"column":29}},"49":{"start":{"line":97,"column":12},"end":{"line":97,"column":58}},"50":{"start":{"line":98,"column":2},"end":{"line":98,"column":22}},"51":{"start":{"line":98,"column":10},"end":{"line":98,"column":22}},"52":{"start":{"line":99,"column":14},"end":{"line":99,"column":24}},"53":{"start":{"line":100,"column":15},"end":{"line":100,"column":42}},"54":{"start":{"line":101,"column":18},"end":{"line":107,"column":27}},"55":{"start":{"line":108,"column":16},"end":{"line":108,"column":42}},"56":{"start":{"line":109,"column":2},"end":{"line":109,"column":23}},"57":{"start":{"line":111,"column":2},"end":{"line":111,"column":14}}},"fnMap":{"0":{"name":"isSafeUrl","decl":{"start":{"line":7,"column":9},"end":{"line":7,"column":18}},"loc":{"start":{"line":7,"column":33},"end":{"line":48,"column":1}}},"1":{"name":"(anonymous_1)","decl":{"start":{"line":39,"column":24},"end":{"line":39,"column":27}},"loc":{"start":{"line":39,"column":31},"end":{"line":39,"column":53}}},"2":{"name":"isHttpUrl","decl":{"start":{"line":50,"column":16},"end":{"line":50,"column":25}},"loc":{"start":{"line":50,"column":38},"end":{"line":55,"column":1}}},"3":{"name":"extractTitleFromClipboardHtml","decl":{"start":{"line":57,"column":16},"end":{"line":57,"column":45}},"loc":{"start":{"line":57,"column":71},"end":{"line":82,"column":1}}},"4":{"name":"sanitizeLinkTitle","decl":{"start":{"line":84,"column":16},"end":{"line":84,"column":33}},"loc":{"start":{"line":84,"column":47},"end":{"line":86,"column":1}}},"5":{"name":"fetchPageTitle","decl":{"start":{"line":88,"column":22},"end":{"line":88,"column":36}},"loc":{"start":{"line":88,"column":48},"end":{"line":113,"column":null}}}},"branchMap":{"0":{"loc":{"start":{"line":12,"column":2},"end":{"line":14,"column":3}},"type":"if","locations":[{"start":{"line":12,"column":2},"end":{"line":14,"column":3}},{"start":{},"end":{}}]},"1":{"loc":{"start":{"line":12,"column":6},"end":{"line":12,"column":59}},"type":"binary-expr","locations":[{"start":{"line":12,"column":6},"end":{"line":12,"column":30}},{"start":{"line":12,"column":34},"end":{"line":12,"column":59}}]},"2":{"loc":{"start":{"line":32,"column":3},"end":{"line":34,"column":4}},"type":"if","locations":[{"start":{"line":32,"column":3},"end":{"line":34,"column":4}},{"start":{},"end":{}}]},"3":{"loc":{"start":{"line":39,"column":2},"end":{"line":41,"column":3}},"type":"if","locations":[{"start":{"line":39,"column":2},"end":{"line":41,"column":3}},{"start":{},"end":{}}]},"4":{"loc":{"start":{"line":52,"column":1},"end":{"line":52,"column":22}},"type":"if","locations":[{"start":{"line":52,"column":1},"end":{"line":52,"column":22}},{"start":{},"end":{}}]},"5":{"loc":{"start":{"line":53,"column":1},"end":{"line":53,"column":32}},"type":"if","locations":[{"start":{"line":53,"column":1},"end":{"line":53,"column":32}},{"start":{},"end":{}}]},"6":{"loc":{"start":{"line":60,"column":2},"end":{"line":69,"column":3}},"type":"if","locations":[{"start":{"line":60,"column":2},"end":{"line":69,"column":3}},{"start":{},"end":{}}]},"7":{"loc":{"start":{"line":63,"column":16},"end":{"line":63,"column":36}},"type":"cond-expr","locations":[{"start":{"line":63,"column":30},"end":{"line":63,"column":34}},{"start":{"line":63,"column":34},"end":{"line":63,"column":36}}]},"8":{"loc":{"start":{"line":63,"column":16},"end":{"line":63,"column":34}},"type":"binary-expr","locations":[{"start":{"line":63,"column":16},"end":{"line":63,"column":34}},{"start":{"line":63,"column":30},"end":{"line":63,"column":34}}]},"9":{"loc":{"start":{"line":63,"column":16},"end":{"line":63,"column":30}},"type":"cond-expr","locations":[{"start":{"line":63,"column":25},"end":{"line":63,"column":28}},{"start":{"line":63,"column":16},"end":{"line":63,"column":30}}]},"10":{"loc":{"start":{"line":63,"column":16},"end":{"line":63,"column":28}},"type":"binary-expr","locations":[{"start":{"line":63,"column":16},"end":{"line":63,"column":28}},{"start":{"line":63,"column":16},"end":{"line":63,"column":28}}]},"11":{"loc":{"start":{"line":64,"column":3},"end":{"line":68,"column":4}},"type":"if","locations":[{"start":{"line":64,"column":3},"end":{"line":68,"column":4}},{"start":{},"end":{}}]},"12":{"loc":{"start":{"line":64,"column":7},"end":{"line":64,"column":28}},"type":"binary-expr","locations":[{"start":{"line":64,"column":7},"end":{"line":64,"column":12}},{"start":{"line":64,"column":16},"end":{"line":64,"column":28}}]},"13":{"loc":{"start":{"line":65,"column":16},"end":{"line":65,"column":36}},"type":"cond-expr","locations":[{"start":{"line":65,"column":30},"end":{"line":65,"column":34}},{"start":{"line":65,"column":34},"end":{"line":65,"column":36}}]},"14":{"loc":{"start":{"line":65,"column":16},"end":{"line":65,"column":34}},"type":"binary-expr","locations":[{"start":{"line":65,"column":16},"end":{"line":65,"column":34}},{"start":{"line":65,"column":30},"end":{"line":65,"column":34}}]},"15":{"loc":{"start":{"line":67,"column":4},"end":{"line":67,"column":26}},"type":"if","locations":[{"start":{"line":67,"column":4},"end":{"line":67,"column":26}},{"start":{},"end":{}}]},"16":{"loc":{"start":{"line":72,"column":2},"end":{"line":76,"column":3}},"type":"if","locations":[{"start":{"line":72,"column":2},"end":{"line":76,"column":3}},{"start":{},"end":{}}]},"17":{"loc":{"start":{"line":73,"column":15},"end":{"line":73,"column":34}},"type":"cond-expr","locations":[{"start":{"line":73,"column":28},"end":{"line":73,"column":32}},{"start":{"line":73,"column":32},"end":{"line":73,"column":34}}]},"18":{"loc":{"start":{"line":73,"column":15},"end":{"line":73,"column":32}},"type":"binary-expr","locations":[{"start":{"line":73,"column":15},"end":{"line":73,"column":32}},{"start":{"line":73,"column":28},"end":{"line":73,"column":32}}]},"19":{"loc":{"start":{"line":75,"column":10},"end":{"line":75,"column":22}},"type":"binary-expr","locations":[{"start":{"line":75,"column":10},"end":{"line":75,"column":14}},{"start":{"line":75,"column":18},"end":{"line":75,"column":22}}]},"20":{"loc":{"start":{"line":90,"column":1},"end":{"line":92,"column":2}},"type":"if","locations":[{"start":{"line":90,"column":1},"end":{"line":92,"column":2}},{"start":{},"end":{}}]},"21":{"loc":{"start":{"line":96,"column":15},"end":{"line":96,"column":29}},"type":"cond-expr","locations":[{"start":{"line":96,"column":23},"end":{"line":96,"column":27}},{"start":{"line":96,"column":27},"end":{"line":96,"column":29}}]},"22":{"loc":{"start":{"line":96,"column":15},"end":{"line":96,"column":27}},"type":"binary-expr","locations":[{"start":{"line":96,"column":15},"end":{"line":96,"column":27}},{"start":{"line":96,"column":23},"end":{"line":96,"column":27}}]},"23":{"loc":{"start":{"line":98,"column":2},"end":{"line":98,"column":22}},"type":"if","locations":[{"start":{"line":98,"column":2},"end":{"line":98,"column":22}},{"start":{},"end":{}}]},"24":{"loc":{"start":{"line":99,"column":14},"end":{"line":99,"column":24}},"type":"cond-expr","locations":[{"start":{"line":99,"column":18},"end":{"line":99,"column":22}},{"start":{"line":99,"column":22},"end":{"line":99,"column":24}}]},"25":{"loc":{"start":{"line":99,"column":14},"end":{"line":99,"column":22}},"type":"binary-expr","locations":[{"start":{"line":99,"column":14},"end":{"line":99,"column":22}},{"start":{"line":99,"column":18},"end":{"line":99,"column":22}}]},"26":{"loc":{"start":{"line":109,"column":9},"end":{"line":109,"column":22}},"type":"binary-expr","locations":[{"start":{"line":109,"column":9},"end":{"line":109,"column":14}},{"start":{"line":109,"column":18},"end":{"line":109,"column":22}}]}},"s":{"0":1,"1":1,"2":1,"3":1,"4":1,"5":0,"6":0,"7":0,"8":0,"9":0,"10":0,"11":0,"12":0,"13":0,"14":0,"15":0,"16":0,"17":0,"18":0,"19":0,"20":4,"21":4,"22":0,"23":4,"24":1,"25":3,"26":2,"27":2,"28":2,"29":1,"30":1,"31":1,"32":1,"33":1,"34":1,"35":1,"36":1,"37":1,"38":1,"39":1,"40":1,"41":0,"42":0,"43":0,"44":0,"45":0,"46":0,"47":0,"48":0,"49":0,"50":0,"51":0,"52":0,"53":0,"54":0,"55":0,"56":0,"57":0},"f":{"0":0,"1":0,"2":4,"3":2,"4":0,"5":0},"b":{"0":[0,0],"1":[0,0],"2":[0,0],"3":[0,0],"4":[0,4],"5":[1,3],"6":[1,1],"7":[1,0],"8":[1,1],"9":[0,1],"10":[1,1],"11":[1,0],"12":[1,1],"13":[1,0],"14":[1,1],"15":[1,0],"16":[1,0],"17":[1,0],"18":[1,1],"19":[1,0],"20":[0,0],"21":[0,0],"22":[0,0],"23":[0,0],"24":[0,0],"25":[0,0],"26":[0,0]}}
,"/Users/chyax/editor-pro/src/features/editing/smart-paste-url.ts": {"path":"/Users/chyax/editor-pro/src/features/editing/smart-paste-url.ts","statementMap":{"0":{"start":{"line":20,"column":0},"end":{"line":20,"column":16}},"1":{"start":{"line":4,"column":11},"end":{"line":4,"column":22}},"2":{"start":{"line":5,"column":1},"end":{"line":5,"column":22}},"3":{"start":{"line":5,"column":9},"end":{"line":5,"column":22}},"4":{"start":{"line":6,"column":1},"end":{"line":6,"column":32}},"5":{"start":{"line":6,"column":19},"end":{"line":6,"column":32}},"6":{"start":{"line":7,"column":1},"end":{"line":7,"column":36}},"7":{"start":{"line":11,"column":1},"end":{"line":11,"column":51}},"8":{"start":{"line":11,"column":41},"end":{"line":11,"column":49}},"9":{"start":{"line":21,"column":13},"end":{"line":21,"column":33}},"10":{"start":{"line":22,"column":1},"end":{"line":22,"column":37}},"11":{"start":{"line":22,"column":24},"end":{"line":22,"column":37}},"12":{"start":{"line":24,"column":19},"end":{"line":24,"column":40}},"13":{"start":{"line":25,"column":1},"end":{"line":25,"column":30}},"14":{"start":{"line":25,"column":17},"end":{"line":25,"column":30}},"15":{"start":{"line":26,"column":1},"end":{"line":26,"column":44}},"16":{"start":{"line":26,"column":31},"end":{"line":26,"column":44}},"17":{"start":{"line":28,"column":15},"end":{"line":28,"column":49}},"18":{"start":{"line":29,"column":1},"end":{"line":29,"column":47}},"19":{"start":{"line":30,"column":1},"end":{"line":30,"column":13}}},"fnMap":{"0":{"name":"isLikelyUrl","decl":{"start":{"line":3,"column":9},"end":{"line":3,"column":20}},"loc":{"start":{"line":3,"column":33},"end":{"line":8,"column":1}}},"1":{"name":"escapeMarkdownLinkLabel","decl":{"start":{"line":10,"column":9},"end":{"line":10,"column":32}},"loc":{"start":{"line":10,"column":46},"end":{"line":12,"column":1}}},"2":{"name":"(anonymous_2)","decl":{"start":{"line":11,"column":34},"end":{"line":11,"column":35}},"loc":{"start":{"line":11,"column":41},"end":{"line":11,"column":49}}},"3":{"name":"smartPasteUrlIntoSelection","decl":{"start":{"line":20,"column":16},"end":{"line":20,"column":42}},"loc":{"start":{"line":20,"column":80},"end":{"line":31,"column":1}}}},"branchMap":{"0":{"loc":{"start":{"line":5,"column":1},"end":{"line":5,"column":22}},"type":"if","locations":[{"start":{"line":5,"column":1},"end":{"line":5,"column":22}},{"start":{},"end":{}}]},"1":{"loc":{"start":{"line":6,"column":1},"end":{"line":6,"column":32}},"type":"if","locations":[{"start":{"line":6,"column":1},"end":{"line":6,"column":32}},{"start":{},"end":{}}]},"2":{"loc":{"start":{"line":22,"column":1},"end":{"line":22,"column":37}},"type":"if","locations":[{"start":{"line":22,"column":1},"end":{"line":22,"column":37}},{"start":{},"end":{}}]},"3":{"loc":{"start":{"line":25,"column":1},"end":{"line":25,"column":30}},"type":"if","locations":[{"start":{"line":25,"column":1},"end":{"line":25,"column":30}},{"start":{},"end":{}}]},"4":{"loc":{"start":{"line":26,"column":1},"end":{"line":26,"column":44}},"type":"if","locations":[{"start":{"line":26,"column":1},"end":{"line":26,"column":44}},{"start":{},"end":{}}]}},"s":{"0":1,"1":4,"2":4,"3":0,"4":4,"5":0,"6":4,"7":2,"8":2,"9":4,"10":4,"11":1,"12":3,"13":3,"14":1,"15":2,"16":0,"17":2,"18":2,"19":2},"f":{"0":4,"1":2,"2":2,"3":4},"b":{"0":[0,4],"1":[0,4],"2":[1,3],"3":[1,2],"4":[0,2]}}
,"/Users/chyax/editor-pro/src/features/editing/smart-typography.ts": {"path":"/Users/chyax/editor-pro/src/features/editing/smart-typography.ts","statementMap":{"0":{"start":{"line":14,"column":0},"end":{"line":14,"column":16}},"1":{"start":{"line":63,"column":0},"end":{"line":63,"column":16}},"2":{"start":{"line":89,"column":0},"end":{"line":89,"column":16}},"3":{"start":{"line":8,"column":17},"end":{"line":8,"column":34}},"4":{"start":{"line":9,"column":17},"end":{"line":9,"column":30}},"5":{"start":{"line":15,"column":19},"end":{"line":15,"column":37}},"6":{"start":{"line":19,"column":17},"end":{"line":19,"column":44}},"7":{"start":{"line":20,"column":4},"end":{"line":20,"column":32}},"8":{"start":{"line":20,"column":25},"end":{"line":20,"column":32}},"9":{"start":{"line":23,"column":4},"end":{"line":23,"column":30}},"10":{"start":{"line":23,"column":23},"end":{"line":23,"column":30}},"11":{"start":{"line":25,"column":21},"end":{"line":25,"column":47}},"12":{"start":{"line":26,"column":22},"end":{"line":26,"column":48}},"13":{"start":{"line":28,"column":4},"end":{"line":28,"column":40}},"14":{"start":{"line":28,"column":33},"end":{"line":28,"column":40}},"15":{"start":{"line":30,"column":17},"end":{"line":30,"column":54}},"16":{"start":{"line":30,"column":35},"end":{"line":30,"column":54}},"17":{"start":{"line":31,"column":17},"end":{"line":31,"column":54}},"18":{"start":{"line":31,"column":35},"end":{"line":31,"column":54}},"19":{"start":{"line":34,"column":4},"end":{"line":40,"column":5}},"20":{"start":{"line":35,"column":8},"end":{"line":35,"column":125}},"21":{"start":{"line":39,"column":8},"end":{"line":39,"column":15}},"22":{"start":{"line":43,"column":4},"end":{"line":46,"column":5}},"23":{"start":{"line":44,"column":9},"end":{"line":44,"column":126}},"24":{"start":{"line":45,"column":9},"end":{"line":45,"column":16}},"25":{"start":{"line":50,"column":13},"end":{"line":61,"column":2}},"26":{"start":{"line":64,"column":22},"end":{"line":64,"column":41}},"27":{"start":{"line":65,"column":4},"end":{"line":65,"column":33}},"28":{"start":{"line":65,"column":20},"end":{"line":65,"column":33}},"29":{"start":{"line":68,"column":4},"end":{"line":76,"column":5}},"30":{"start":{"line":69,"column":8},"end":{"line":69,"column":29}},"31":{"start":{"line":70,"column":26},"end":{"line":70,"column":47}},"32":{"start":{"line":71,"column":8},"end":{"line":71,"column":67}},"33":{"start":{"line":75,"column":8},"end":{"line":75,"column":20}},"34":{"start":{"line":79,"column":4},"end":{"line":79,"column":25}},"35":{"start":{"line":80,"column":19},"end":{"line":80,"column":37}},"36":{"start":{"line":81,"column":4},"end":{"line":81,"column":55}},"37":{"start":{"line":82,"column":4},"end":{"line":82,"column":63}},"38":{"start":{"line":84,"column":4},"end":{"line":84,"column":16}},"39":{"start":{"line":90,"column":4},"end":{"line":90,"column":46}},"40":{"start":{"line":90,"column":33},"end":{"line":90,"column":46}},"41":{"start":{"line":91,"column":4},"end":{"line":91,"column":49}},"42":{"start":{"line":91,"column":36},"end":{"line":91,"column":49}},"43":{"start":{"line":93,"column":19},"end":{"line":93,"column":37}},"44":{"start":{"line":94,"column":4},"end":{"line":94,"column":38}},"45":{"start":{"line":94,"column":25},"end":{"line":94,"column":38}},"46":{"start":{"line":96,"column":17},"end":{"line":96,"column":44}},"47":{"start":{"line":97,"column":21},"end":{"line":97,"column":47}},"48":{"start":{"line":98,"column":22},"end":{"line":98,"column":44}},"49":{"start":{"line":101,"column":4},"end":{"line":109,"column":5}},"50":{"start":{"line":102,"column":8},"end":{"line":102,"column":29}},"51":{"start":{"line":104,"column":8},"end":{"line":107,"column":10}},"52":{"start":{"line":108,"column":8},"end":{"line":108,"column":20}},"53":{"start":{"line":111,"column":4},"end":{"line":111,"column":17}}},"fnMap":{"0":{"name":"handleSmartSpacing","decl":{"start":{"line":14,"column":16},"end":{"line":14,"column":34}},"loc":{"start":{"line":14,"column":49},"end":{"line":47,"column":1}}},"1":{"name":"(anonymous_1)","decl":{"start":{"line":30,"column":17},"end":{"line":30,"column":18}},"loc":{"start":{"line":30,"column":35},"end":{"line":30,"column":54}}},"2":{"name":"(anonymous_2)","decl":{"start":{"line":31,"column":17},"end":{"line":31,"column":18}},"loc":{"start":{"line":31,"column":35},"end":{"line":31,"column":54}}},"3":{"name":"handleAutoPair","decl":{"start":{"line":63,"column":16},"end":{"line":63,"column":30}},"loc":{"start":{"line":63,"column":84},"end":{"line":85,"column":1}}},"4":{"name":"handleSmartBackspace","decl":{"start":{"line":89,"column":16},"end":{"line":89,"column":36}},"loc":{"start":{"line":89,"column":71},"end":{"line":112,"column":1}}}},"branchMap":{"0":{"loc":{"start":{"line":20,"column":4},"end":{"line":20,"column":32}},"type":"if","locations":[{"start":{"line":20,"column":4},"end":{"line":20,"column":32}},{"start":{},"end":{}}]},"1":{"loc":{"start":{"line":23,"column":4},"end":{"line":23,"column":30}},"type":"if","locations":[{"start":{"line":23,"column":4},"end":{"line":23,"column":30}},{"start":{},"end":{}}]},"2":{"loc":{"start":{"line":28,"column":4},"end":{"line":28,"column":40}},"type":"if","locations":[{"start":{"line":28,"column":4},"end":{"line":28,"column":40}},{"start":{},"end":{}}]},"3":{"loc":{"start":{"line":28,"column":8},"end":{"line":28,"column":31}},"type":"binary-expr","locations":[{"start":{"line":28,"column":8},"end":{"line":28,"column":17}},{"start":{"line":28,"column":21},"end":{"line":28,"column":31}}]},"4":{"loc":{"start":{"line":34,"column":4},"end":{"line":40,"column":5}},"type":"if","locations":[{"start":{"line":34,"column":4},"end":{"line":40,"column":5}},{"start":{},"end":{}}]},"5":{"loc":{"start":{"line":34,"column":8},"end":{"line":34,"column":41}},"type":"binary-expr","locations":[{"start":{"line":34,"column":8},"end":{"line":34,"column":22}},{"start":{"line":34,"column":26},"end":{"line":34,"column":41}}]},"6":{"loc":{"start":{"line":43,"column":4},"end":{"line":46,"column":5}},"type":"if","locations":[{"start":{"line":43,"column":4},"end":{"line":46,"column":5}},{"start":{},"end":{}}]},"7":{"loc":{"start":{"line":43,"column":8},"end":{"line":43,"column":41}},"type":"binary-expr","locations":[{"start":{"line":43,"column":8},"end":{"line":43,"column":22}},{"start":{"line":43,"column":26},"end":{"line":43,"column":41}}]},"8":{"loc":{"start":{"line":65,"column":4},"end":{"line":65,"column":33}},"type":"if","locations":[{"start":{"line":65,"column":4},"end":{"line":65,"column":33}},{"start":{},"end":{}}]},"9":{"loc":{"start":{"line":68,"column":4},"end":{"line":76,"column":5}},"type":"if","locations":[{"start":{"line":68,"column":4},"end":{"line":76,"column":5}},{"start":{},"end":{}}]},"10":{"loc":{"start":{"line":90,"column":4},"end":{"line":90,"column":46}},"type":"if","locations":[{"start":{"line":90,"column":4},"end":{"line":90,"column":46}},{"start":{},"end":{}}]},"11":{"loc":{"start":{"line":91,"column":4},"end":{"line":91,"column":49}},"type":"if","locations":[{"start":{"line":91,"column":4},"end":{"line":91,"column":49}},{"start":{},"end":{}}]},"12":{"loc":{"start":{"line":94,"column":4},"end":{"line":94,"column":38}},"type":"if","locations":[{"start":{"line":94,"column":4
[...]
ne":185,"column":17},"end":{"line":185,"column":39}},"73":{"start":{"line":186,"column":4},"end":{"line":186,"column":60}},"74":{"start":{"line":186,"column":47},"end":{"line":186,"column":60}},"75":{"start":{"line":190,"column":4},"end":{"line":190,"column":44}},"76":{"start":{"line":190,"column":31},"end":{"line":190,"column":44}},"77":{"start":{"line":191,"column":21},"end":{"line":191,"column":47}},"78":{"start":{"line":192,"column":4},"end":{"line":192,"column":67}},"79":{"start":{"line":192,"column":54},"end":{"line":192,"column":67}},"80":{"start":{"line":195,"column":4},"end":{"line":195,"column":43}},"81":{"start":{"line":195,"column":30},"end":{"line":195,"column":43}},"82":{"start":{"line":197,"column":21},"end":{"line":197,"column":31}},"83":{"start":{"line":198,"column":4},"end":{"line":198,"column":40}},"84":{"start":{"line":199,"column":4},"end":{"line":199,"column":20}},"85":{"start":{"line":209,"column":4},"end":{"line":211,"column":5}},"86":{"start":{"line":210,"column":8},"end":{"line":210,"column":35}},"87":{"start":{"line":215,"column":22},"end":{"line":215,"column":45}},"88":{"start":{"line":216,"column":23},"end":{"line":216,"column":66}},"89":{"start":{"line":217,"column":20},"end":{"line":217,"column":75}},"90":{"start":{"line":219,"column":4},"end":{"line":219,"column":51}}},"fnMap":{"0":{"name":"generateTable","decl":{"start":{"line":1,"column":16},"end":{"line":1,"column":29}},"loc":{"start":{"line":1,"column":64},"end":{"line":21,"column":1}}},"1":{"name":"generateMermaid","decl":{"start":{"line":23,"column":16},"end":{"line":23,"column":31}},"loc":{"start":{"line":23,"column":114},"end":{"line":72,"column":1}}},"2":{"name":"generateMath","decl":{"start":{"line":74,"column":16},"end":{"line":74,"column":28}},"loc":{"start":{"line":74,"column":28},"end":{"line":76,"column":1}}},"3":{"name":"generateDaily","decl":{"start":{"line":78,"column":16},"end":{"line":78,"column":29}},"loc":{"start":{"line":78,"column":29},"end":{"line":87,"column":1}}},"4":{"name":"generateWeekly","decl":{"start":{"line":89,"column":16},"end":{"line":89,"column":30}},"loc":{"start":{"line":89,"column":30},"end":{"line":105,"column":1}}},"5":{"name":"generateHTML","decl":{"start":{"line":107,"column":16},"end":{"line":107,"column":28}},"loc":{"start":{"line":107,"column":48},"end":{"line":109,"column":1}}},"6":{"name":"generateFencedCodeBlock","decl":{"start":{"line":111,"column":16},"end":{"line":111,"column":39}},"loc":{"start":{"line":111,"column":75},"end":{"line":119,"column":1}}},"7":{"name":"generateInfographicListRowSimpleHorizontalArrow","decl":{"start":{"line":121,"column":16},"end":{"line":121,"column":63}},"loc":{"start":{"line":121,"column":63},"end":{"line":134,"column":1}}},"8":{"name":"generateDate","decl":{"start":{"line":136,"column":16},"end":{"line":136,"column":28}},"loc":{"start":{"line":136,"column":80},"end":{"line":160,"column":1}}},"9":{"name":"(anonymous_9)","decl":{"start":{"line":139,"column":16},"end":{"line":139,"column":17}},"loc":{"start":{"line":139,"column":31},"end":{"line":139,"column":60}}},"10":{"name":"insertRow","decl":{"start":{"line":162,"column":16},"end":{"line":162,"column":25}},"loc":{"start":{"line":162,"column":66},"end":{"line":182,"column":1}}},"11":{"name":"deleteRow","decl":{"start":{"line":184,"column":16},"end":{"line":184,"column":25}},"loc":{"start":{"line":184,"column":66},"end":{"line":200,"column":1}}},"12":{"name":"generateUniqueId","decl":{"start":{"line":207,"column":16},"end":{"line":207,"column":32}},"loc":{"start":{"line":207,"column":32},"end":{"line":220,"column":1}}}},"branchMap":{"0":{"loc":{"start":{"line":1,"column":30},"end":{"line":1,"column":46}},"type":"default-arg","locations":[{"start":{"line":1,"column":45},"end":{"line":1,"column":46}}]},"1":{"loc":{"start":{"line":1,"column":48},"end":{"line":1,"column":64}},"type":"default-arg","locations":[{"start":{"line":1,"column":63},"end":{"line":1,"column":64}}]},"2":{"loc":{"start":{"line":23,"column":32},"end":{"line":23,"column":114}},"type":"default-arg","locations":[{"start":{"line":23,"column":103},"end":{"line":23,"column":114}}]},"3":{"loc":{"start":{"line":25,"column":4},"end":{"line":69,"column":5}},"type":"switch","locations":[{"start":{"line":26,"column":8},"end":{"line":31,"column":18}},{"start":{"line":32,"column":8},"end":{"line":38,"column":18}},{"start":{"line":39,"column":8},"end":{"line":52,"column":18}},{"start":{"line":53,"column":8},"end":{"line":60,"column":18}},{"start":{"line":61,"column":8},"end":{"line":66,"column":18}},{"start":{"line":67,"column":8},"end":{"line":68,"column":48}}]},"4":{"loc":{"start":{"line":107,"column":29},"end":{"line":107,"column":48}},"type":"default-arg","locations":[{"start":{"line":107,"column":43},"end":{"line":107,"column":48}}]},"5":{"loc":{"start":{"line":111,"column":58},"end":{"line":111,"column":75}},"type":"default-arg","locations":[{"start":{"line":111,"column":73},"end":{"line":111,"column":75}}]},"6":{"loc":{"start":{"line":114,"column":4},"end":{"line":116,"column":5}},"type":"if","locations":[{"start":{"line":114,"column":4},"end":{"line":116,"column":5}},{"start":{},"end":{}}]},"7":{"loc":{"start":{"line":147,"column":4},"end":{"line":149,"column":5}},"type":"if","locations":[{"start":{"line":147,"column":4},"end":{"line":149,"column":5}},{"start":{},"end":{}}]},"8":{"loc":{"start":{"line":150,"column":4},"end":{"line":152,"column":5}},"type":"if","locations":[{"start":{"line":150,"column":4},"end":{"line":152,"column":5}},{"start":{},"end":{}}]},"9":{"loc":{"start":{"line":153,"column":4},"end":{"line":155,"column":5}},"type":"if","locations":[{"start":{"line":153,"column":4},"end":{"line":155,"column":5}},{"start":{},"end":{}}]},"10":{"loc":{"start":{"line":164,"column":4},"end":{"line":164,"column":74}},"type":"if","locations":[{"start":{"line":164,"column":4},"end":{"line":164,"column":74}},{"start":{},"end":{}}]},"11":{"loc":{"start":{"line":164,"column":8},"end":{"line":164,"column":59}},"type":"binary-expr","locations":[{"start":{"line":164,"column":8},"end":{"line":164,"column":20}},{"start":{"line":164,"column":24},"end":{"line":164,"column":59}}]},"12":{"loc":{"start":{"line":166,"column":22},"end":{"line":166,"column":52}},"type":"binary-expr","locations":[{"start":{"line":166,"column":22},"end":{"line":166,"column":46}},{"start":{"line":166,"column":50},"end":{"line":166,"column":52}}]},"13":{"loc":{"start":{"line":169,"column":4},"end":{"line":175,"column":5}},"type":"if","locations":[{"start":{"line":169,"column":4},"end":{"line":175,"column":5}},{"start":{},"end":{}}]},"14":{"loc":{"start":{"line":186,"column":4},"end":{"line":186,"column":60}},"type":"if","locations":[{"start":{"line":186,"column":4},"end":{"line":186,"column":60}},{"start":{},"end":{}}]},"15":{"loc":{"start":{"line":186,"column":8},"end":{"line":186,"column":45}},"type":"binary-expr","locations":[{"start":{"line":186,"column":8},"end":{"line":186,"column":13}},{"start":{"line":186,"column":17},"end":{"line":186,"column":45}}]},"16":{"loc":{"start":{"line":190,"column":4},"end":{"line":190,"column":44}},"type":"if","locations":[{"start":{"line":190,"column":4},"end":{"line":190,"column":44}},{"start":{},"end":{}}]},"17":{"loc":{"start":{"line":192,"column":4},"end":{"line":192,"column":67}},"type":"if","locations":[{"start":{"line":192,"column":4},"end":{"line":192,"column":67}},{"start":{},"end":{}}]},"18":{"loc":{"start":{"line":192,"column":8},"end":{"line":192,"column":52}},"type":"binary-expr","locations":[{"start":{"line":192,"column":8},"end":{"line":192,"column":16}},{"start":{"line":192,"column":20},"end":{"line":192,"column":52}}]},"19":{"loc":{"start":{"line":195,"column":4},"end":{"line":195,"column":43}},"type":"if","locations":[{"start":{"line":195,"column":4},"end":{"line":195,"column":43}},{"start":{},"end":{}}]},"20":{"loc":{"start":{"line":209,"column":4},"end":{"line":211,"column":5}},"type":"if","locations":[{"start":{"line":209,"column":4},"end":{"line":211,"column":5}},{"start":{},"end":{}}]},"21":{"loc":{"start":{"line":209,"column":8},"end":{"line":209,"column":58}},"type":"binary-expr","locations":[{"start":{"line":209,"column":8},"end":{"line":209,"column":37}},{"start":{"line":209,"column":41},"end":{"line":209,"column":58}}]}},"s":{"0":5,"1":5,"2":5,"3":5,"4":5,"5":5,"6":5,"7":5,"8":5,"9":5,"10":5,"11":5,"12":2,"13":2,"14":2,"15":2,"16":2,"17":5,"18":2,"19":2,"20":2,"21":1,"22":1,"23":1,"24":1,"25":0,"26":0,"27":0,"28":0,"29":0,"30":0,"31":0,"32":2,"33":0,"34":0,"35":0,"36":0,"37":0,"38":0,"39":0,"40":0,"41":0,"42":0,"43":9,"44":9,"45":36,"46":9,"47":9,"48":9,"49":9,"50":9,"51":9,"52":3,"53":6,"54":2,"55":4,"56":4,"57":0,"58":0,"59":1,"60":1,"61":0,"62":1,"63":1,"64":0,"65":0,"66":0,"67":0,"68":1,"69":1,"70":1,"71":1,"72":2,"73":2,"74":0,"75":2,"76":1,"77":1,"78":1,"79":0,"80":1,"81":0,"82":1,"83":1,"84":1,"85":0,"86":0,"87":0,"88":0,"89":0,"90":0},"f":{"0":2,"1":2,"2":0,"3":0,"4":0,"5":0,"6":0,"7":0,"8":9,"9":36,"10":1,"11":2,"12":0},"b":{"0":[0],"1":[0],"2":[0],"3":[1,1,0,0,0,0],"4":[0],"5":[0],"6":[0,0],"7":[3,6],"8":[2,4],"9":[4,0],"10":[0,1],"11":[1,1],"12":[1,0],"13":[0,1],"14":[0,2],"15":[2,2],"16":[1,1],"17":[0,1],"18":[1,1],"19":[0,1],"20":[0,0],"21":[0,0]}}
,"/Users/chyax/editor-pro/src/utils/table-generators.ts": {"path":"/Users/chyax/editor-pro/src/utils/table-generators.ts","statementMap":{"0":{"start":{"line":7,"column":0},"end":{"line":7,"column":16}},"1":{"start":{"line":24,"column":0},"end":{"line":24,"column":16}},"2":{"start":{"line":28,"column":0},"end":{"line":28,"column":16}},"3":{"start":{"line":54,"column":0},"end":{"line":54,"column":16}},"4":{"start":{"line":66,"column":0},"end":{"line":66,"column":16}},"5":{"start":{"line":3,"column":33},"end":{"line":3,"column":51}},"6":{"start":{"line":5,"column":27},"end":{"line":5,"column":68}},"7":{"start":{"line":8,"column":19},"end":{"line":8,"column":29}},"8":{"start":{"line":11,"column":4},"end":{"line":11,"column":67}},"9":{"start":{"line":14,"column":4},"end":{"line":14,"column":67}},"10":{"start":{"line":14,"column":34},"end":{"line":14,"column":67}},"11":{"start":{"line":15,"column":4},"end":{"line":15,"column":86}},"12":{"start":{"line":15,"column":32},"end":{"line":15,"column":86}},"13":{"start":{"line":18,"column":18},"end":{"line":18,"column":37}},"14":{"start":{"line":21,"column":4},"end":{"line":21,"column":64}},"15":{"start":{"line":21,"column":26},"end":{"line":21,"column":62}},"16":{"start":{"line":25,"column":4},"end":{"line":25,"column":62}},"17":{"start":{"line":25,"column":33},"end":{"line":25,"column":41}},"18":{"start":{"line":29,"column":4},"end":{"line":51,"column":7}},"19":{"start":{"line":30,"column":8},"end":{"line":30,"column":52}},"20":{"start":{"line":30,"column":41},"end":{"line":30,"column":52}},"21":{"start":{"line":32,"column":22},"end":{"line":32,"column":40}},"22":{"start":{"line":33,"column":23},"end":{"line":33,"column":64}},"23":{"start":{"line":36,"column":8},"end":{"line":36,"column":39}},"24":{"start":{"line":36,"column":26},"end":{"line":36,"column":39}},"25":{"start":{"line":38,"column":22},"end":{"line":38,"column":24}},"26":{"start":{"line":39,"column":8},"end":{"line":41,"column":9}},"27":{"start":{"line":40,"column":12},"end":{"line":40,"column":28}},"28":{"start":{"line":44,"column":8},"end":{"line":48,"column":9}},"29":{"start":{"line":45,"column":13},"end":{"line":45,"column":33}},"30":{"start":{"line":47,"column":13},"end":{"line":47,"column":48}},"31":{"start":{"line":50,"column":8},"end":{"line":50,"column":35}},"32":{"start":{"line":55,"column":4},"end":{"line":63,"column":7}},"33":{"start":{"line":56,"column":8},"end":{"line":56,"column":52}},"34":{"start":{"line":56,"column":41},"end":{"line":56,"column":52}},"35":{"start":{"line":58,"column":22},"end":{"line":58,"column":40}},"36":{"start":{"line":59,"column":8},"end":{"line":61,"column":9}},"37":{"start":{"line":60,"column":12},"end":{"line":60,"column":38}},"38":{"start":{"line":62,"column":8},"end":{"line":62,"column":35}},"39":{"start":{"line":67,"column":4},"end":{"line":87,"column":7}},"40":{"start":{"line":68,"column":8},"end":{"line":68,"column":45}},"41":{"start":{"line":68,"column":34},"end":{"line":68,"column":45}},"42":{"start":{"line":70,"column":22},"end":{"line":70,"column":40}},"43":{"start":{"line":71,"column":8},"end":{"line":71,"column":65}},"44":{"start":{"line":71,"column":54},"end":{"line":71,"column":65}},"45":{"start":{"line":73,"column":19},"end":{"line":73,"column":34}},"46":{"start":{"line":74,"column":8},"end":{"line":74,"column":43}},"47":{"start":{"line":74,"column":32},"end":{"line":74,"column":43}},"48":{"start":{"line":75,"column":8},"end":{"line":75,"column":27}},"49":{"start":{"line":77,"column":8},"end":{"line":77,"column":44}},"50":{"start":{"line":79,"column":8},"end":{"line":79,"column":42}},"51":{"start":{"line":79,"column":29},"end":{"line":79,"column":42}},"52":{"start":{"line":81,"column":8},"end":{"line":81,"column":48}},"53":{"start":{"line":81,"column":30},"end":{"line":81,"column":48}},"54":{"start":{"line":82,"column":8},"end":{"line":82,"column":49}},"55":{"start":{"line":82,"column":31},"end":{"line":82,"column":49}},"56":{"start":{"line":83,"column":8},"end":{"line":83,"column":56}},"57":{"start":{"line":83,"column":32},"end":{"line":83,"column":56}},"58":{"start":{"line":85,"column":8},"end":{"line":85,"column":31}},"59":{"start":{"line":86,"column":8},"end":{"line":86,"column":35}},"60":{"start":{"line":91,"column":20},"end":{"line":91,"column":30}},"61":{"start":{"line":92,"column":4},"end":{"line":92,"column":70}}},"fnMap":{"0":{"name":"splitTableRow","decl":{"start":{"line":7,"column":16},"end":{"line":7,"column":29}},"loc":{"start":{"line":7,"column":41},"end":{"line":22,"column":1}}},"1":{"name":"(anonymous_1)","decl":{"start":{"line":21,"column":21},"end":{"line":21,"column":22}},"loc":{"start":{"line":21,"column":26},"end":{"line":21,"column":62}}},"2":{"name":"joinTableRow","decl":{"start":{"line":24,"column":16},"end":{"line":24,"column":28}},"loc":{"start":{"line":24,"column":44},"end":{"line":26,"column":1}}},"3":{"name":"(anonymous_3)","decl":{"start":{"line":25,"column":28},"end":{"line":25,"column":29}},"loc":{"start":{"line":25,"column":33},"end":{"line":25,"column":41}}},"4":{"name":"insertColumn","decl":{"start":{"line":28,"column":16},"end":{"line":28,"column":28}},"loc":{"start":{"line":28,"column":85},"end":{"line":52,"column":1}}},"5":{"name":"(anonymous_5)","decl":{"start":{"line":29,"column":20},"end":{"line":29,"column":21}},"loc":{"start":{"line":29,"column":28},"end":{"line":51,"column":5}}},"6":{"name":"deleteColumn","decl":{"start":{"line":54,"column":16},"end":{"line":54,"column":28}},"loc":{"start":{"line":54,"column":61},"end":{"line":64,"column":1}}},"7":{"name":"(anonymous_7)","decl":{"start":{"line":55,"column":20},"end":{"line":55,"column":23}},"loc":{"start":{"line":55,"column":26},"end":{"line":63,"column":5}}},"8":{"name":"setColumnAlign","decl":{"start":{"line":66,"column":16},"end":{"line":66,"column":30}},"loc":{"start":{"line":66,"column":99},"end":{"line":88,"column":1}}},"9":{"name":"(anonymous_9)","decl":{"start":{"line":67,"column":20},"end":{"line":67,"column":21}},"loc":{"start":{"line":67,"column":28},"end":{"line":87,"column":5}}},"10":{"name":"isSeparatorRow","decl":{"start":{"line":90,"column":9},"end":{"line":90,"column":23}},"loc":{"start":{"line":90,"column":35},"end":{"line":93,"column":1}}}},"branchMap":{"0":{"loc":{"start":{"line":14,"column":4},"end":{"line":14,"column":67}},"type":"if","locations":[{"start":{"line":14,"column":4},"end":{"line":14,"column":67}},{"start":{},"end":{}}]},"1":{"loc":{"start":{"line":15,"column":4},"end":{"line":15,"column":86}},"type":"if","locations":[{"start":{"line":15,"column":4},"end":{"line":15,"column":86}},{"start":{},"end":{}}]},"2":{"loc":{"start":{"line":30,"column":8},"end":{"line":30,"column":52}},"type":"if","locations":[{"start":{"line":30,"column":8},"end":{"line":30,"column":52}},{"start":{},"end":{}}]},"3":{"loc":{"start":{"line":33,"column":23},"end":{"line":33,"column":64}},"type":"cond-expr","locations":[{"start":{"line":33,"column":41},"end":{"line":33,"column":49}},{"start":{"line":33,"column":52},"end":{"line":33,"column":64}}]},"4":{"loc":{"start":{"line":36,"column":8},"end":{"line":36,"column":39}},"type":"if","locations":[{"start":{"line":36,"column":8},"end":{"line":36,"column":39}},{"start":{},"end":{}}]},"5":{"loc":{"start":{"line":39,"column":8},"end":{"line":41,"column":9}},"type":"if","locations":[{"start":{"line":39,"column":8},"end":{"line":41,"column":9}},{"start":{},"end":{}}]},"6":{"loc":{"start":{"line":44,"column":8},"end":{"line":48,"column":9}},"type":"if","locations":[{"start":{"line":44,"column":8},"end":{"line":48,"column":9}},{"start":{"line":46,"column":15},"end":{"line":48,"column":9}}]},"7":{"loc":{"start":{"line":56,"column":8},"end":{"line":56,"column":52}},"type":"if","locations":[{"start":{"line":56,"column":8},"end":{"line":56,"column":52}},{"start":{},"end":{}}]},"8":{"loc":{"start":{"line":59,"column":8},"end":{"line":61,"column":9}},"type":"if","locations":[{"start":{"line":59,"column":8},"end":{"line":61,"column":9}},{"start":{},"end":{}}]},"9":{"loc":{"start":{"line":59,"column":12},"end":{"line":59,"column":52}},"type":"binary-expr","locations":[{"start":{"line":59,"column":12},"end":{"line":59,"column":25}},{"start":{"line":59,"column":29},"end":{"line":59,"column":52}}]},"10":{"loc":{"start":{"line":68,"column":8},"end":{"line":68,"column":45}},"type":"if","locations":[{"start":{"line":68,"column":8},"end":{"line":68,"column":45}},{"start":{},"end":{}}]},"11":{"loc":{"start":{"line":71,"column":8},"end":{"line":71,"column":65}},"type":"if","locations":[{"start":{"line":71,"column":8},"end":{"line":71,"column":65}},{"start":{},"end":{}}]},"12":{"loc":{"start":{"line":71,"column":12},"end":{"line":71,"column":52}},"type":"binary-expr","locations":[{"start":{"line":71,"column":12},"end":{"line":71,"column":24}},{"start":{"line":71,"column":28},"end":{"line":71,"column":52}}]},"13":{"loc":{"start":{"line":74,"column":8},"end":{"line":74,"column":43}},"type":"if","locations":[{"start":{"line":74,"column":8},"end":{"line":74,"column":43}},{"start":{},"end":{}}]},"14":{"loc":{"start":{"line":79,"column":8},"end":{"line":79,"column":42}},"type":"if","locations":[{"start":{"line":79,"column":8},"end":{"line":79,"column":42}},{"start":{},"end":{}}]},"15":{"loc":{"start":{"line":81,"column":8},"end":{"line":81,"column":48}},"type":"if","locations":[{"start":{"line":81,"column":8},"end":{"line":81,"column":48}},{"start":{},"end":{}}]},"16":{"loc":{"start":{"line":82,"column":8},"end":{"line":82,"column":49}},"type":"if","locations":[{"start":{"line":82,"column":8},"end":{"line":82,"column":49}},{"start":{},"end":{}}]},"17":{"loc":{"start":{"line":83,"column":8},"end":{"line":83,"column":56}},"type":"if","locations":[{"start":{"line":83,"column":8},"end":{"line":83,"column":56}},{"start":{},"end":{}}]},"18":{"loc":{"start":{"line":92,"column":11},"end":{"line":92,"column":69}},"type":"binary-expr","locations":[{"start":{"line":92,"column":11},"end":{"line":92,"column":44}},{"start":{"line":92,"column":48},"end":{"line":92,"column":69}}]}},"s":{"0":1,"1":1,"2":1,"3":1,"4":1,"5":1,"6":1,"7":12,"8":12,"9":12,"10":12,"11":12,"12":12,"13":12,"14":12,"15":27,"16":12,"17":24,"18":1,"19":3,"20":0,"21":3,"22":3,"23":3,"24":0,"25":3,"26":3,"27":1,"28":3,"29":0,"30":3,"31":3,"32":2,"33":6,"34":0,"35":6,"36":6,"37":6,"38":6,"39":3,"40":6,"41":3,"42":3,"43":3,"44":0,"45":3,"46":3,"47":0,"48":3,"49":3,"50":3,"51":0,"52":3,"53":1,"54":3,"55":1,"56":3,"57":1,"58":3,"59":3,"60":9,"61":9},"f":{"0":12,"1":27,"2":12,"3":24,"4":1,"5":3,"6":2,"7":6,"8":3,"9":6,"10":9},"b":{"0":[12,0],"1":[12,0],"2":[0,3],"3":[0,3],"4":[0,3],"5":[1,2],"6":[0,3],"7":[0,6],"8":[6,0],"9":[6,6],"10":[3,3],"11":[0,3],"12":[3,3],"13":[0,3],"14":[0,3],"15":[1,2],"16":[1,2],"17":[1,2],"18":[9,4]}}
}
