{"/Users/chyax/editor-pro/src/features/callout/wrap-callout.ts": {"path":"/Users/chyax/editor-pro/src/features/callout/wrap-callout.ts","statementMap":{"0":{"start":{"line":9,"column":0},"end":{"line":9,"column":16}},"1":{"start":{"line":46,"column":0},"end":{"line":46,"column":16}},"2":{"start":{"line":59,"column":0},"end":{"line":59,"column":16}},"3":{"start":{"line":10,"column":22},"end":{"line":10,"column":43}},"4":{"start":{"line":11,"column":18},"end":{"line":11,"column":27}},"5":{"start":{"line":12,"column":25},"end":{"line":12,"column":29}},"6":{"start":{"line":14,"column":4},"end":{"line":21,"column":5}},"7":{"start":{"line":15,"column":23},"end":{"line":15,"column":41}},"8":{"start":{"line":16,"column":8},"end":{"line":16,"column":46}},"9":{"start":{"line":17,"column":8},"end":{"line":20,"column":10}},"10":{"start":{"line":23,"column":18},"end":{"line":23,"column":37}},"11":{"start":{"line":24,"column":16},"end":{"line":24,"column":35}},"12":{"start":{"line":25,"column":20},"end":{"line":25,"column":25}},"13":{"start":{"line":28,"column":22},"end":{"line":28,"column":30}},"14":{"start":{"line":29,"column":4},"end":{"line":32,"column":5}},"15":{"start":{"line":30,"column":8},"end":{"line":30,"column":26}},"16":{"start":{"line":31,"column":8},"end":{"line":31,"column":35}},"17":{"start":{"line":34,"column":26},"end":{"line":34,"column":65}},"18":{"start":{"line":34,"column":45},"end":{"line":34,"column":53}},"19":{"start":{"line":35,"column":19},"end":{"line":35,"column":126}},"20":{"start":{"line":37,"column":19},"end":{"line":37,"column":48}},"21":{"start":{"line":39,"column":4},"end":{"line":43,"column":5}},"22":{"start":{"line":40,"column":8},"end":{"line":40,"column":76}},"23":{"start":{"line":42,"column":8},"end":{"line":42,"column":40}},"24":{"start":{"line":47,"column":22},"end":{"line":47,"column":43}},"25":{"start":{"line":48,"column":4},"end":{"line":56,"column":5}},"26":{"start":{"line":49,"column":23},"end":{"line":49,"column":41}},"27":{"start":{"line":50,"column":21},"end":{"line":50,"column":48}},"28":{"start":{"line":51,"column":8},"end":{"line":51,"column":111}},"29":{"start":{"line":53,"column":22},"end":{"line":53,"column":43}},"30":{"start":{"line":54,"column":23},"end":{"line":54,"column":58}},"31":{"start":{"line":54,"column":38},"end":{"line":54,"column":46}},"32":{"start":{"line":55,"column":8},"end":{"line":55,"column":40}},"33":{"start":{"line":60,"column":22},"end":{"line":60,"column":43}},"34":{"start":{"line":61,"column":4},"end":{"line":78,"column":5}},"35":{"start":{"line":62,"column":23},"end":{"line":62,"column":41}},"36":{"start":{"line":63,"column":21},"end":{"line":63,"column":48}},"37":{"start":{"line":65,"column":8},"end":{"line":74,"column":9}},"38":{"start":{"line":66,"column":27},"end":{"line":66,"column":51}},"39":{"start":{"line":67,"column":12},"end":{"line":67,"column":110}},"40":{"start":{"line":69,"column":12},"end":{"line":69,"column":63}},"41":{"start":{"line":72,"column":27},"end":{"line":72,"column":63}},"42":{"start":{"line":73,"column":12},"end":{"line":73,"column":110}},"43":{"start":{"line":76,"column":23},"end":{"line":76,"column":64}},"44":{"start":{"line":77,"column":8},"end":{"line":77,"column":40}}},"fnMap":{"0":{"name":"wrapWithCallout","decl":{"start":{"line":9,"column":16},"end":{"line":9,"column":31}},"loc":{"start":{"line":9,"column":71},"end":{"line":44,"column":1}}},"1":{"name":"(anonymous_1)","decl":{"start":{"line":34,"column":40},"end":{"line":34,"column":41}},"loc":{"start":{"line":34,"column":45},"end":{"line":34,"column":53}}},"2":{"name":"wrapWithQuote","decl":{"start":{"line":46,"column":16},"end":{"line":46,"column":29}},"loc":{"start":{"line":46,"column":44},"end":{"line":57,"column":1}}},"3":{"name":"(anonymous_3)","decl":{"start":{"line":54,"column":33},"end":{"line":54,"column":34}},"loc":{"start":{"line":54,"column":38},"end":{"line":54,"column":46}}},"4":{"name":"wrapWithCodeBlock","decl":{"start":{"line":59,"column":16},"end":{"line":59,"column":33}},"loc":{"start":{"line":59,"column":67},"end":{"line":79,"column":1}}}},"branchMap":{"0":{"loc":{"start":{"line":14,"column":4},"end":{"line":21,"column":5}},"type":"if","locations":[{"start":{"line":14,"column":4},"end":{"line":21,"column":5}},{"start":{},"end":{}}]},"1":{"loc":{"start":{"line":24,"column":16},"end":{"line":24,"column":35}},"type":"binary-expr","locations":[{"start":{"line":24,"column":16},"end":{"line":24,"column":29}},{"start":{"line":24,"column":33},"end":{"line":24,"column":35}}]},"2":{"loc":{"start":{"line":29,"column":4},"end":{"line":32,"column":5}},"type":"if","locations":[{"start":{"line":29,"column":4},"end":{"line":32,"column":5}},{"start":{},"end":{}}]},"3":{"loc":{"start":{"line":29,"column":8},"end":{"line":29,"column":102}},"type":"binary-expr","locations":[{"start":{"line":29,"column":8},"end":{"line":29,"column":14}},{"start":{"line":29,"column":18},"end":{"line":29,"column":34}},{"start":{"line":29,"column":38},"end":{"line":29,"column":47}},{"start":{"line":29,"column":51},"end":{"line":29,"column":72}},{"start":{"line":29,"column":76},"end":{"line":29,"column":102}}]},"4":{"loc":{"start":{"line":35,"column":42},"end":{"line":35,"column":115}},"type":"cond-expr","locations":[{"start":{"line":35,"column":70},"end":{"line":35,"column":73}},{"start":{"line":35,"column":77},"end":{"line":35,"column":114}}]},"5":{"loc":{"start":{"line":35,"column":77},"end":{"line":35,"column":114}},"type":"cond-expr","locations":[{"start":{"line":35,"column":106},"end":{"line":35,"column":109}},{"start":{"line":35,"column":112},"end":{"line":35,"column":114}}]},"6":{"loc":{"start":{"line":39,"column":4},"end":{"line":43,"column":5}},"type":"if","locations":[{"start":{"line":39,"column":4},"end":{"line":43,"column":5}},{"start":{"line":41,"column":11},"end":{"line":43,"column":5}}]},"7":{"loc":{"start":{"line":48,"column":4},"end":{"line":56,"column":5}},"type":"if","locations":[{"start":{"line":48,"column":4},"end":{"line":56,"column":5}},{"start":{"line":52,"column":11},"end":{"line":56,"column":5}}]},"8":{"loc":{"start":{"line":59,"column":50},"end":{"line":59,"column":67}},"type":"default-arg","locations":[{"start":{"line":59,"column":65},"end":{"line":59,"column":67}}]},"9":{"loc":{"start":{"line":61,"column":4},"end":{"line":78,"column":5}},"type":"if","locations":[{"start":{"line":61,"column":4},"end":{"line":78,"column":5}},{"start":{"line":75,"column":11},"end":{"line":78,"column":5}}]},"10":{"loc":{"start":{"line":65,"column":8},"end":{"line":74,"column":9}},"type":"if","locations":[{"start":{"line":65,"column":8},"end":{"line":74,"column":9}},{"start":{"line":70,"column":15},"end":{"line":74,"column":9}}]}},"s":{"0":1,"1":1,"2":1,"3":3,"4":3,"5":3,"6":3,"7":1,"8":1,"9":1,"10":3,"11":3,"12":3,"13":3,"14":3,"15":0,"16":0,"17":3,"18":4,"19":3,"20":3,"21":3,"22":1,"23":2,"24":1,"25":1,"26":0,"27":0,"28":0,"29":1,"30":1,"31":2,"32":1,"33":2,"34":2,"35":1,"36":1,"37":1,"38":0,"39":0,"40":0,"41":1,"42":1,"43":1,"44":1},"f":{"0":3,"1":4,"2":1,"3":2,"4":2},"b":{"0":[1,2],"1":[3,2],"2":[0,3],"3":[3,2,0,0,0],"4":[1,2],"5":[0,2],"6":[1,2],"7":[0,1],"8":[0],"9":[1,1],"10":[0,1]}}
,"/Users/chyax/editor-pro/src/features/editing/inline-calc.ts": {"path":"/Users/chyax/editor-pro/src/features/editing/inline-calc.ts","statementMap":{"0":{"start":{"line":168,"column":0},"end":{"line":168,"column":16}},"1":{"start":{"line":178,"column":0},"end":{"line":178,"column":16}},"2":{"start":{"line":1,"column":0},"end":{"line":1,"column":42}},"3":{"start":{"line":10,"column":11},"end":{"line":10,"column":23}},"4":{"start":{"line":11,"column":25},"end":{"line":11,"column":27}},"5":{"start":{"line":12,"column":9},"end":{"line":12,"column":10}},"6":{"start":{"line":14,"column":16},"end":{"line":14,"column":91}},"7":{"start":{"line":14,"column":53},"end":{"line":14,"column":91}},"8":{"start":{"line":16,"column":1},"end":{"line":62,"column":2}},"9":{"start":{"line":17,"column":13},"end":{"line":17,"column":17}},"10":{"start":{"line":18,"column":2},"end":{"line":21,"column":3}},"11":{"start":{"line":19,"column":3},"end":{"line":19,"column":7}},"12":{"start":{"line":20,"column":3},"end":{"line":20,"column":12}},"13":{"start":{"line":22,"column":2},"end":{"line":26,"column":3}},"14":{"start":{"line":23,"column":3},"end":{"line":23,"column":31}},"15":{"start":{"line":24,"column":3},"end":{"line":24,"column":7}},"16":{"start":{"line":25,"column":3},"end":{"line":25,"column":12}},"17":{"start":{"line":27,"column":2},"end":{"line":31,"column":3}},"18":{"start":{"line":28,"column":3},"end":{"line":28,"column":31}},"19":{"start":{"line":29,"column":3},"end":{"line":29,"column":7}},"20":{"start":{"line":30,"column":3},"end":{"line":30,"column":12}},"21":{"start":{"line":32,"column":2},"end":{"line":36,"column":3}},"22":{"start":{"line":33,"column":3},"end":{"line":33,"column":14}},"23":{"start":{"line":34,"column":3},"end":{"line":34,"column":7}},"24":{"start":{"line":35,"column":3},"end":{"line":35,"column":12}},"25":{"start":{"line":37,"column":2},"end":{"line":54,"column":3}},"26":{"start":{"line":39,"column":16},"end":{"line":39,"column":41}},"27":{"start":{"line":40,"column":19},"end":{"line":40,"column":68}},"28":{"start":{"line":41,"column":3},"end":{"line":50,"column":4}},"29":{"start":{"line":43,"column":12},"end":{"line":43,"column":17}},"30":{"start":{"line":44,"column":4},"end":{"line":44,"column":64}},"31":{"start":{"line":44,"column":60},"end":{"line":44,"column":64}},"32":{"start":{"line":45,"column":14},"end":{"line":45,"column":46}},"33":{"start":{"line":46,"column":4},"end":{"line":46,"column":24}},"34":{"start":{"line":46,"column":12},"end":{"line":46,"column":24}},"35":{"start":{"line":47,"column":4},"end":{"line":47,"column":55}},"36":{"start":{"line":48,"column":4},"end":{"line":48,"column":24}},"37":{"start":{"line":49,"column":4},"end":{"line":49,"column":13}},"38":{"start":{"line":51,"column":3},"end":{"line":51,"column":15}},"39":{"start":{"line":52,"column":3},"end":{"line":52,"column":7}},"40":{"start":{"line":53,"column":3},"end":{"line":53,"column":12}},"41":{"start":{"line":55,"column":12},"end":{"line":55,"column":44}},"42":{"start":{"line":56,"column":2},"end":{"line":60,"column":3}},"43":{"start":{"line":57,"column":3},"end":{"line":57,"column":53}},"44":{"start":{"line":58,"column":3},"end":{"line":58,"column":20}},"45":{"start":{"line":59,"column":3},"end":{"line":59,"column":12}},"46":{"start":{"line":61,"column":2},"end":{"line":61,"column":14}},"47":{"start":{"line":63,"column":1},"end":{"line":63,"column":15}},"48":{"start":{"line":67,"column":1},"end":{"line":76,"column":2}},"49":{"start":{"line":69,"column":3},"end":{"line":69,"column":12}},"50":{"start":{"line":72,"column":3},"end":{"line":72,"column":12}},"51":{"start":{"line":75,"column":3},"end":{"line":75,"column":12}},"52":{"start":{"line":80,"column":1},"end":{"line":80,"column":25}},"53":{"start":{"line":84,"column":22},"end":{"line":84,"column":24}},"54":{"start":{"line":85,"column":24},"end":{"line":85,"column":26}},"55":{"start":{"line":87,"column":1},"end":{"line":123,"column":2}},"56":{"start":{"line":88,"column":2},"end":{"line":91,"column":3}},"57":{"start":{"line":89,"column":3},"end":{"line":89,"column":15}},"58":{"start":{"line":90,"column":3},"end":{"line":90,"column":12}},"59":{"start":{"line":92,"column":3},"end":{"line":106,"column":3}},"60":{"start":{"line":93,"column":4},"end":{"line":103,"column":4}},"61":{"start":{"line":94,"column":17},"end":{"line":94,"column":40}},"62":{"start":{"line":95,"column":5},"end":{"line":95,"column":21}},"63":{"start":{"line":95,"column":15},"end":{"line":95,"column":21}},"64":{"start":{"line":96,"column":5},"end":{"line":96,"column":34}},"65":{"start":{"line":96,"column":28},"end":{"line":96,"column":34}},"66":{"start":{"line":98,"column":15},"end":{"line":98,"column":28}},"67":{"start":{"line":99,"column":15},"end":{"line":99,"column":30}},"68":{"start":{"line":100,"column":4},"end":{"line":102,"column":17}},"69":{"start":{"line":101,"column":5},"end":{"line":101,"column":28}},"70":{"start":{"line":102,"column":11},"end":{"line":102,"column":17}},"71":{"start":{"line":104,"column":3},"end":{"line":104,"column":17}},"72":{"start":{"line":105,"column":3},"end":{"line":105,"column":12}},"73":{"start":{"line":107,"column":2},"end":{"line":110,"column":3}},"74":{"start":{"line":108,"column":3},"end":{"line":108,"column":17}},"75":{"start":{"line":109,"column":3},"end":{"line":109,"column":12}},"76":{"start":{"line":111,"column":2},"end":{"line":122,"column":3}},"77":{"start":{"line":112,"column":15},"end":{"line":112,"column":20}},"78":{"start":{"line":113,"column":3},"end":{"line":120,"column":4}},"79":{"start":{"line":114,"column":16},"end":{"line":114,"column":28}},"80":{"start":{"line":115,"column":4},"end":{"line":118,"column":5}},"81":{"start":{"line":116,"column":5},"end":{"line":116,"column":18}},"82":{"start":{"line":117,"column":5},"end":{"line":117,"column":11}},"83":{"start":{"line":119,"column":4},"end":{"line":119,"column":18}},"84":{"start":{"line":121,"column":3},"end":{"line":121,"column":27}},"85":{"start":{"line":121,"column":15},"end":{"line":121,"column":27}},"86":{"start":{"line":125,"column":1},"end":{"line":129,"column":2}},"87":{"start":{"line":126,"column":14},"end":{"line":126,"column":26}},"88":{"start":{"line":127,"column":2},"end":{"line":127,"column":58}},"89":{"start":{"line":127,"column":46},"end":{"line":127,"column":58}},"90":{"start":{"line":128,"column":2},"end":{"line":128,"column":16}},"91":{"start":{"line":131,"column":1},"end":{"line":131,"column":12}},"92":{"start":{"line":135,"column":25},"end":{"line":135,"column":27}},"93":{"start":{"line":136,"column":1},"end":{"line":164,"column":2}},"94":{"start":{"line":137,"column":2},"end":{"line":140,"column":3}},"95":{"start":{"line":138,"column":3},"end":{"line":138,"column":23}},"96":{"start":{"line":139,"column":3},"end":{"line":139,"column":12}},"97":{"start":{"line":141,"column":2},"end":{"line":163,"column":3}},"98":{"start":{"line":142,"column":13},"end":{"line":142,"column":24}},"99":{"start":{"line":143,"column":13},"end":{"line":143,"column":24}},"100":{"start":{"line":144,"column":3},"end":{"line":144,"column":55}},"101":{"start":{"line":144,"column":43},"end":{"line":144,"column":55}},"102":{"start":{"line":145,"column":3},"end":{"line":162,"column":4}},"103":{"start":{"line":147,"column":5},"end":{"line":147,"column":23}},"104":{"start":{"line":148,"column":5},"end":{"line":148,"column":11}},"105":{"start":{"line":150,"column":5},"end":{"line":150,"column":23}},"106":{"start":{"line":151,"column":5},"end":{"line":151,"column":11}},"107":{"start":{"line":153,"column":5},"end":{"line":153,"column":23}},"108":{"start":{"line":154,"column":5},"end":{"line":154,"column":11}},"109":{"start":{"line":156,"column":5},"end":{"line":156,"column":30}},"110":{"start":{"line":156,"column":18},"end":{"line":156,"column":30}},"111":{"start":{"line":157,"column":5},"end":{"line":157,"column":23}},"112":{"start":{"line":158,"column":5},"end":{"line":158,"column":11}},"113":{"start":{"line":160,"column":5},"end":{"line":160,"column":32}},"114":{"start":{"line":161,"column":5},"end":{"line":161,"column":11}},"115":{"start":{"line":165,"column":1},"end":{"line":165,"column":53}},"116":{"start":{"line":169,"column":16},"end":{"line":169,"column":30}},"117":{"start":{"line":170,"column":1},"end":{"line":170,"column":26}},"118":{"start":{"line":170,"column":14},"end":{"line":170,"column":26}},"119":{"start":{"line":171,"column":13},"end":{"line":171,"column":26}},"120":{"start":{"line":172,"column":1},"end":{"line":172,"column":23}},"121":{"start":{"line":172,"column":11},"end":{"line":172,"column":23}},"122":{"start":{"line":173,"column":15},"end":{"line":173,"column":27}},"123":{"start":{"line":174,"column":1},"end":{"line":174,"column":60}},"124":{"start":{"line":174,"column":48},"end":{"line":174,"column":60}},"125":{"start":{"line":175,"column":1},"end":{"line":175,"column":14}},"126":{"start":{"line":179,"column":1},"end":{"line":182,"column":2}},"127":{"start":{"line":180,"column":2},"end":{"line":180,"column":37}},"128":{"start":{"line":181,"column":2},"end":{"line":181,"column":9}},"129":{"start":{"line":183,"column":14},"end":{"line":183,"column":35}},"130":{"start":{"line":184,"column":15},"end":{"line":184,"column":49}},"131":{"start":{"line":185,"column":1},"end":{"line":188,"column":2}},"132":{"start":{"line":186,"column":2},"end":{"line":186,"column":55}},"133":{"start":{"line":187,"column":2},"end":{"line":187,"column":9}},"134":{"start":{"line":189,"column":1},"end":{"line":189,"column":40}}},"fnMap":{"0":{"name":"tokenize","decl":{"start":{"line":9,"column":9},"end":{"line":9,"column":17}},"loc":{"start":{"line":9,"column":31},"end":{"line":64,"column":1}}},"1":{"name":"(anonymous_1)","decl":{"start":{"line":14,"column":16},"end":{"line":14,"column":17}},"loc":{"start":{"line":14,"column":53},"end":{"line":14,"column":91}}},"2":{"name":"precedence","decl":{"start":{"line":66,"column":9},"end":{"line":66,"column":19}},"loc":{"start":{"line":66,"column":46},"end":{"line":77,"column":1}}},"3":{"name":"isRightAssociative","decl":{"start":{"line":79,"column":9},"end":{"line":79,"column":27}},"loc":{"start":{"line":79,"column":54},"end":{"line":81,"column":1}}},"4":{"name":"toRpn","decl":{"start":{"line":83,"column":9},"end":{"line":83,"column":14}},"loc":{"start":{"line":83,"column":30},"end":{"line":132,"column":1}}},"5":{"name":"evalRpn","decl":{"start":{"line":134,"column":9},"end":{"line":134,"column":16}},"loc":{"start":{"line":134,"column":32},"end":{"line":166,"column":1}}},"6":{"name":"evaluateArithmeticExpression","decl":{"start":{"line":168,"column":16},"end":{"line":168,"column":44}},"loc":{"start":{"line":168,"column":57},"end":{"line":176,"column":1}}},"7":{"name":"inlineCalcReplaceSelection","decl":{"start":{"line":178,"column":16},"end":{"line":178,"column":42}},"loc":{"start":{"line":178,"column":57},"end":{"line":190,"column":1}}}},"branchMap":{"0":{"loc":{"start":{"line":18,"column":2},"end":{"line":21,"column":3}},"type":"if","locations":[{"start":{"line":18,"column":2},"end":{"line":21,"column":3}},{"start":{},"end":{}}]},"1":{"loc":{"start":{"line":18,"column":6},"end":{"line":18,"column":31}},"type":"binary-expr","locations":[{"start":{"line":18,"column":6},"end":{"line":18,"column":16}},{"start":{"line":18,"column":20},"end":{"line":18,"column":31}}]},"2":{"loc":{"start":{"line":22,"column":2},"end":{"line":26,"column":3}},"type":"if","locations":[{"start":{"line":22,"column":2},"end":{"line":26,"column":3}},{"start":{},"end":{}}]},"3":{"loc":{"start":{"line":27,"column":2},"end":{"line":31,"column":3}},"type":"if","locations":[{"start":{"line":27,"column":2},"end":{"line":31,"column":3}},{"start":{},"end":{}}]},"4":{"loc":{"start":{"line":32,"column":2},"end":{"line":36,"column":3}},"type":"if","locations":[{"start":{"line":32,"column":2},"end":{"line":36,"column":3}},{"start":{},"end":{}}]},"5":{"loc":{"start":{"line":32,"column":6},"end":{"line":32,"column":58}},"type":"binary-expr","locations":[{"start":{"line":32,"column":6},"end":{"line":32,"column":16}},{"start":{"line":32,"column":20},"end":{"line":32,"column":30}},{"start":{"line":32,"column":34},"end":{"line":32,"column":44}},{"start":{"line":32,"column":48},"end":{"line":32,"column":58}}]},"6":{"loc":{"start":{"line":37,"column":2},"end":{"line":54,"column":3}},"type":"if","locations":[{"start":{"line":37,"column":2},"end":{"line":54,"column":3}},{"start":{},"end":{}}]},"7":{"loc":{"start":{"line":40,"column":19},"end":{"line":40,"column":68}},"type":"binary-expr","locations":[{"start":{"line":40,"column":19},"end":{"line":40,"column":24}},{"start":{"line":40,"column":28},"end":{"line":40,"column":46}},{"start":{"line":40,"column":50},"end":{"line":40,"column":68}}]},"8":{"loc":{"start":{"line":41,"column":3},"end":{"line":50,"column":4}},"type":"if","locations":[{"start":{"line":41,"column":3},"end":{"line":50,"column":4}},{"start":{},"end":{}}]},"9":{"loc":{"start":{"line":44,"column":11},"end":{"line":44,"column":58}},"type":"binary-expr","locations":[{"start":{"line":44,"column":11},"end":{"line":44,"column":23}},{"start":{"line":44,"column":28},"end":{"line":44,"column":40}},{"start":{"line":44,"column":44},"end":{"line":44,"column":57}}]},"10":{"loc":{"start":{"line":46,"column":4},"end":{"line":46,"column":24}},"type":"if","locations":[{"start":{"line":46,"column":4},"end":{"line":46,"column":24}},{"start":{},"end":{}}]},"11":{"loc":{"start":{"line":56,"column":2},"end":{"line":60,"column":3}},"type":"if","locations":[{"start":{"line":56,"column":2},"end":{"line":60,"column":3}},{"start":{},"end":{}}]},"12":{"loc":{"start":{"line":67,"column":1},"end":{"line":76,"column":2}},"type":"switch","locations":[{"start":{"line":68,"column":2},"end":{"line":69,"column":12}},{"start":{"line":70,"column":2},"end":{"line":70,"column":11}},{"start":{"line":71,"column":2},"end":{"line":72,"column":12}},{"start":{"line":73,"column":2},"end":{"line":73,"column":11}},{"start":{"line":74,"column":2},"end":{"line":75,"column":12}}]},"13":{"loc":{"start":{"line":88,"column":2},"end":{"line":91,"column":3}},"type":"if","locations":[{"start":{"line":88,"column":2},"end":{"line":91,"column":3}},{"start":{},"end":{}}]},"14":{"loc":{"start":{"line":92,"column":3},"end":{"line":106,"column":3}},"type":"if","locations":[{"start":{"line":92,"column":3},"end":{"line":106,"column":3}},{"start":{},"end":{}}]},"15":{"loc":{"start":{"line":95,"column":5},"end":{"line":95,"column":21}},"type":"if","locations":[{"start":{"line":95,"column":5},"end":{"line":95,"column":21}},{"start":{},"end":{}}]},"16":{"loc":{"start":{"line":96,"column":5},"end":{"line":96,"column":34}},"type":"if","locations":[{"start":{"line":96,"column":5},"end":{"line":96,"column":34}},{"start":{},"end":{}}]},"17":{"loc":{"start":{"line":100,"column":4},"end":{"line":102,"column":17}},"type":"if","locations":[{"start":{"line":100,"column":4},"end":{"line":102,"column":17}},{"start":{"line":102,"column":11},"end":{"line":102,"column":17}}]},"18":{"loc":{"start":{"line":100,"column":8},"end":{"line":100,"column":56}},"type":"binary-expr","locations":[{"start":{"line":100,"column":8},"end":{"line":100,"column":15}},{"start":{"line":100,"column":20},"end":{"line":100,"column":29}},{"start":{"line":100,"column":33},"end":{"line":100,"column":55}}]},"19":{"loc":{"start":{"line":107,"column":2},"end":{"line":110,"column":3}},"type":"if","locations":[{"start":{"line":107,"column":2},"end":{"line":110,"column":3}},{"start":{},"end":{}}]},"20":{"loc":{"start":{"line":111,"column":2},"end":{"line":122,"column":3}},"type":"if","locations":[{"start":{"line":111,"column":2},"end":{"line":122,"column":3}},{"start":{},"end":{}}]},"21":{"loc":{"start":{"line":115,"column":4},"end":{"line":118,"column":5}},"type":"if","locations":[{"start":{"line":115,"column":4},"end":{"line":118,"column":5}},{"start":{},"end":{}}]},"22":{"loc":{"start":{"line":121,"column":3},"end":{"line":121,"column":27}},"type":"if","locations":[{"start":{"line":121,"column":3},"end":{"line":121,"column":27}},{"start":{},"end":{}}]},"23":{"loc":{"start":{"line":127,"column":2},"end":{"line":127,"column":58}},"type":"if","locations":[{"start":{"line":127,"column":2},"end":{"line":127,"column":58}},{"start":{},"end":{}}]},"24":{"loc":{"start":{"line":127,"column":6},"end":{"line":127,"column":44}},"type":"binary-expr","locations":[{"start":{"line":127,"column":6},"end":{"line":127,"column":23}},{"start":{"line":127,"column":27},"end":{"line":127,"column":44}}]},"25":{"loc":{"start":{"line":137,"column":2},"end":{"line":140,"column":3}},"type":"if","locations":[{"start":{"line":137,"column":2},"end":{"line":140,"column":3}},{"start":{},"end":{}}]},"26":{"loc":{"start":{"line":141,"column":2},"end":{"line":163,"column":3}},"type":"if","locations":[{"start":{"line":141,"column":2},"end":{"line":163,"column":3}},{"start":{},"end":{}}]},"27":{"loc":{"start":{"line":144,"column":3},"end":{"line":144,"column":55}},"type":"if","locations":[{"start":{"line":144,"column":3},"end":{"line":144,"column":55}},{"start":{},"end":{}}]},"28":{"loc":{"start":{"line":144,"column":7},"end":{"line":144,"column":41}},"type":"binary-expr","locations":[{"start":{"line":144,"column":7},"end":{"line":144,"column":22}},{"start":{"line":144,"column":26},"end":{"line":144,"column":41}}]},"29":{"loc":{"start":{"line":145,"column":3},"end":{"line":162,"column":4}},"type":"switch","locations":[{"start":{"line":146,"column":4},"end":{"line":148,"column":11}},{"start":{"line":149,"column":4},"end":{"line":151,"column":11}},{"start":{"line":152,"column":4},"end":{"line":154,"column":11}},{"start":{"line":155,"column":4},"end":{"line":158,"column":11}},{"start":{"line":159,"column":4},"end":{"line":161,"column":11}}]},"30":{"loc":{"start":{"line":156,"column":5},"end":{"line":156,"column":30}},"type":"if","locations":[{"start":{"line":156,"column":5},"end":{"line":156,"column":30}},{"start":{},"end":{}}]},"31":{"loc":{"start":{"line":165,"column":8},"end":{"line":165,"column":52}},"type":"cond-expr","locations":[{"start":{"line":165,"column":29},"end":{"line":165,"column":45}},{"start":{"line":165,"column":48},"end":{"line":165,"column":52}}]},"32":{"loc":{"start":{"line":165,"column":29},"end":{"line":165,"column":45}},"type":"cond-expr","locations":[{"start":{"line":165,"column":37},"end":{"line":165,"column":41}},{"start":{"line":165,"column":41},"end":{"line":165,"column":45}}]},"33":{"loc":{"start":{"line":165,"column":29},"end":{"line":165,"column":41}},"type":"binary-expr","locations":[{"start":{"line":165,"column":29},"end":{"line":165,"column":41}},{"start":{"line":165,"column":37},"end":{"line":165,"column":41}}]},"34":{"loc":{"start":{"line":170,"column":1},"end":{"line":170,"column":26}},"type":"if","locations":[{"start":{"line":170,"column":1},"end":{"line":170,"column":26}},{"start":{},"end":{}}]},"35":{"loc":{"start":{"line":172,"column":1},"end":{"line":172,"column":23}},"type":"if","locations":[{"start":{"line":172,"column":1},"end":{"line":172,"column":23}},{"start":{},"end":{}}]},"36":{"loc":{"start":{"line":174,"column":1},"end":{"line":174,"column":60}},"type":"if","locations":[{"start":{"line":174,"column":1},"end":{"line":174,"column":60}},{"start":{},"end":{}}]},"37":{"loc":{"start":{"line":174,"column":5},"end":{"line":174,"column":46}},"type":"binary-expr","locations":[{"start":{"line":174,"column":5},"end":{"line":174,"column":19}},{"start":{"line":174,"column":23},"end":{"line":174,"column":46}}]},"38":{"loc":{"start":{"line":179,"column":1},"end":{"line":182,"column":2}},"type":"if","locations":[{"start":{"line":179,"column":1},"end":{"line":182,"column":2}},{"start":{},"end":{}}]},"39":{"loc":{"start":{"line":185,"column":1},"end":{"line":188,"column":2}},"type":"if","locations":[{"start":{"line":185,"column":1},"end":{"line":188,"column":2}},{"start":{},"end":{}}]}},"s":{"0":1,"1":1,"2":1,"3":9,"4":9,"5":9,"6":9,"7":7,"8":9,"9":25,"10":25,"11":0,"12":0,"13":25,"14":2,"15":2,"16":2,"17":23,"18":2,"19":2,"20":2,"21":21,"22":7,"23":7,"24":7,"25":14,"26":3,"27":3,"28":3,"29":3,"30":3,"31":0,"32":3,"33":3,"34":1,"35":2,"36":2,"37":2,"38":0,"39":0,"40":0,"41":11,"42":11,"43":10,"44":10,"45":10,"46":1,"47":7,"48":2,"49":0,"50":1,"51":1,"52":0,"53":7,"54":7,"55":7,"56":23,"57":12,"58":12,"59":11,"60":7,"61":2,"62":2,"63":0,"64":2,"65":1,"66":1,"67":1,"68":1,"69":0,"70":1,"71":7,"72":7,"73":4,"74":2,"75":2,"76":2,"77":2,"78":2,"79":3,"80":3,"81":2,"82":2,"83":1,"84":2,"85":0,"86":7,"87":6,"88":6,"89":0,"90":6,"91":7,"92":7,"93":7,"94":19,"95":12,"96":12,"97":7,"98":7,"99":7,"100":7,"101":1,"102":6,"103":2,"104":2,"105":0,"106":0,"107":3,"108":3,"109":0,"110":0,"111":0,"112":0,"113":1,"114":1,"115":6,"116":9,"117":9,"118":2,"119":7,"120":7,"121":0,"122":7,"123":7,"124":2,"125":5,"126":0,"127":0,"128":0,"129":0,"130":0,"131":0,"132":0,"133":0,"134":0},"f":{"0":9,"1":7,"2":2,"3":0,"4":7,"5":7,"6":9,"7":0},"b":{"0":[0,25],"1":[25,25],"2":[2,23],"3":[2,21],"4":[7,14],"5":[21,18,15,15],"6":[3,11],"7":[3,1,0],"8":[3,0],"9":[3,3,3],"10":[1,2],"11":[10,1],"12":[0,1,1,1,1],"13":[12,11],"14":[7,4],"15":[0,2],"16":[1,1],"17":[0,1],"18":[1,1,0],"19":[2,2],"20":[2,0],"21":[2,1],"22":[0,2],"23":[0,6],"24":[6,6],"25":[12,7],"26":[7,0],"27":[1,6],"28":[7,6],"29":[2,0,3,0,1],"30":[0,0],"31":[5,1],"32":[5,0],"33":[5,5],"34":[2,7],"35":[0,7],"36":[2,5],"37":[7,5],"38":[0,0],"39":[0,0]}}
,"/Users/chyax/editor-pro/src/features/editing/smart-link-title.ts": {"path":"/Users/chyax/editor-pro/src/features/editing/smart-link-title.ts","statementMap":{"0":{"start":{"line":3,"column":0},"end":{"line":3,"column":16}},"1":{"start":{"line":10,"column":0},"end":{"line":10,"column":16}},"2":{"start":{"line":37,"column":0},"end":{"line":37,"column":16}},"3":{"start":{"line":41,"column":0},"end":{"line":41,"column":22}},"4":{"start":{"line":1,"column":0},"end":{"line":1,"column":38}},"5":{"start":{"line":4,"column":11},"end":{"line":4,"column":22}},"6":{"start":{"line":5,"column":1},"end":{"line":5,"column":22}},"7":{"start":{"line":5,"column":9},"end":{"line":5,"column":22}},"8":{"start":{"line":6,"column":1},"end":{"line":6,"column":32}},"9":{"start":{"line":6,"column":19},"end":{"line":6,"column":32}},"10":{"start":{"line":7,"column":1},"end":{"line":7,"column":36}},"11":{"start":{"line":11,"column":1},"end":{"line":34,"column":2}},"12":{"start":{"line":12,"column":22},"end":{"line":12,"column":62}},"13":{"start":{"line":13,"column":2},"end":{"line":22,"column":3}},"14":{"start":{"line":15,"column":21},"end":{"line":15,"column":73}},"15":{"start":{"line":16,"column":16},"end":{"line":16,"column":36}},"16":{"start":{"line":17,"column":3},"end":{"line":21,"column":4}},"17":{"start":{"line":18,"column":16},"end":{"line":18,"column":36}},"18":{"start":{"line":19,"column":17},"end":{"line":19,"column":51}},"19":{"start":{"line":20,"column":4},"end":{"line":20,"column":26}},"20":{"start":{"line":20,"column":14},"end":{"line":20,"column":26}},"21":{"start":{"line":24,"column":21},"end":{"line":24,"column":67}},"22":{"start":{"line":25,"column":2},"end":{"line":29,"column":3}},"23":{"start":{"line":26,"column":15},"end":{"line":26,"column":34}},"24":{"start":{"line":27,"column":16},"end":{"line":27,"column":50}},"25":{"start":{"line":28,"column":3},"end":{"line":28,"column":23}},"26":{"start":{"line":31,"column":2},"end":{"line":31,"column":14}},"27":{"start":{"line":33,"column":2},"end":{"line":33,"column":14}},"28":{"start":{"line":38,"column":1},"end":{"line":38,"column":42}},"29":{"start":{"line":42,"column":1},"end":{"line":60,"column":2}},"30":{"start":{"line":43,"column":14},"end":{"line":43,"column":68}},"31":{"start":{"line":44,"column":15},"end":{"line":44,"column":29}},"32":{"start":{"line":45,"column":12},"end":{"line":45,"column":58}},"33":{"start":{"line":46,"column":2},"end":{"line":46,"column":22}},"34":{"start":{"line":46,"column":10},"end":{"line":46,"column":22}},"35":{"start":{"line":47,"column":14},"end":{"line":47,"column":24}},"36":{"start":{"line":48,"column":15},"end":{"line":48,"column":42}},"37":{"start":{"line":49,"column":18},"end":{"line":55,"column":27}},"38":{"start":{"line":56,"column":16},"end":{"line":56,"column":42}},"39":{"start":{"line":57,"column":2},"end":{"line":57,"column":23}},"40":{"start":{"line":59,"column":2},"end":{"line":59,"column":14}}},"fnMap":{"0":{"name":"isHttpUrl","decl":{"start":{"line":3,"column":16},"end":{"line":3,"column":25}},"loc":{"start":{"line":3,"column":38},"end":{"line":8,"column":1}}},"1":{"name":"extractTitleFromClipboardHtml","decl":{"start":{"line":10,"column":16},"end":{"line":10,"column":45}},"loc":{"start":{"line":10,"column":71},"end":{"line":35,"column":1}}},"2":{"name":"sanitizeLinkTitle","decl":{"start":{"line":37,"column":16},"end":{"line":37,"column":33}},"loc":{"start":{"line":37,"column":47},"end":{"line":39,"column":1}}},"3":{"name":"fetchPageTitle","decl":{"start":{"line":41,"column":22},"end":{"line":41,"column":36}},"loc":{"start":{"line":41,"column":48},"end":{"line":61,"column":null}}}},"branchMap":{"0":{"loc":{"start":{"line":5,"column":1},"end":{"line":5,"column":22}},"type":"if","locations":[{"start":{"line":5,"column":1},"end":{"line":5,"column":22}},{"start":{},"end":{}}]},"1":{"loc":{"start":{"line":6,"column":1},"end":{"line":6,"column":32}},"type":"if","locations":[{"start":{"line":6,"column":1},"end":{"line":6,"column":32}},{"start":{},"end":{}}]},"2":{"loc":{"start":{"line":13,"column":2},"end":{"line":22,"column":3}},"type":"if","locations":[{"start":{"line":13,"column":2},"end":{"line":22,"column":3}},{"start":{},"end":{}}]},"3":{"loc":{"start":{"line":16,"column":16},"end":{"line":16,"column":36}},"type":"cond-expr","locations":[{"start":{"line":16,"column":30},"end":{"line":16,"column":34}},{"start":{"line":16,"column":34},"end":{"line":16,"column":36}}]},"4":{"loc":{"start":{"line":16,"column":16},"end":{"line":16,"column":34}},"type":"binary-expr","locations":[{"start":{"line":16,"column":16},"end":{"line":16,"column":34}},{"start":{"line":16,"column":30},"end":{"line":16,"column":34}}]},"5":{"loc":{"start":{"line":16,"column":16},"end":{"line":16,"column":30}},"type":"cond-expr","locations":[{"start":{"line":16,"column":25},"end":{"line":16,"column":28}},{"start":{"line":16,"column":16},"end":{"line":16,"column":30}}]},"6":{"loc":{"start":{"line":16,"column":16},"end":{"line":16,"column":28}},"type":"binary-expr","locations":[{"start":{"line":16,"column":16},"end":{"line":16,"column":28}},{"start":{"line":16,"column":16},"end":{"line":16,"column":28}}]},"7":{"loc":{"start":{"line":17,"column":3},"end":{"line":21,"column":4}},"type":"if","locations":[{"start":{"line":17,"column":3},"end":{"line":21,"column":4}},{"start":{},"end":{}}]},"8":{"loc":{"start":{"line":17,"column":7},"end":{"line":17,"column":28}},"type":"binary-expr","locations":[{"start":{"line":17,"column":7},"end":{"line":17,"column":12}},{"start":{"line":17,"column":16},"end":{"line":17,"column":28}}]},"9":{"loc":{"start":{"line":18,"column":16},"end":{"line":18,"column":36}},"type":"cond-expr","locations":[{"start":{"line":18,"column":30},"end":{"line":18,"column":34}},{"start":{"line":18,"column":34},"end":{"line":18,"column":36}}]},"10":{"loc":{"start":{"line":18,"column":16},"end":{"line":18,"column":34}},"type":"binary-expr","locations":[{"start":{"line":18,"column":16},"end":{"line":18,"column":34}},{"start":{"line":18,"column":30},"end":{"line":18,"column":34}}]},"11":{"loc":{"start":{"line":20,"column":4},"end":{"line":20,"column":26}},"type":"if","locations":[{"start":{"line":20,"column":4},"end":{"line":20,"column":26}},{"start":{},"end":{}}]},"12":{"loc":{"start":{"line":25,"column":2},"end":{"line":29,"column":3}},"type":"if","locations":[{"start":{"line":25,"column":2},"end":{"line":29,"column":3}},{"start":{},"end":{}}]},"13":{"loc":{"start":{"line":26,"column":15},"end":{"line":26,"column":34}},"type":"cond-expr","locations":[{"start":{"line":26,"column":28},"end":{"line":26,"column":32}},{"start":{"line":26,"column":32},"end":{"line":26,"column":34}}]},"14":{"loc":{"start":{"line":26,"column":15},"end":{"line":26,"column":32}},"type":"binary-expr","locations":[{"start":{"line":26,"column":15},"end":{"line":26,"column":32}},{"start":{"line":26,"column":28},"end":{"line":26,"column":32}}]},"15":{"loc":{"start":{"line":28,"column":10},"end":{"line":28,"column":22}},"type":"binary-expr","locations":[{"start":{"line":28,"column":10},"end":{"line":28,"column":14}},{"start":{"line":28,"column":18},"end":{"line":28,"column":22}}]},"16":{"loc":{"start":{"line":44,"column":15},"end":{"line":44,"column":29}},"type":"cond-expr","locations":[{"start":{"line":44,"column":23},"end":{"line":44,"column":27}},{"start":{"line":44,"column":27},"end":{"line":44,"column":29}}]},"17":{"loc":{"start":{"line":44,"column":15},"end":{"line":44,"column":27}},"type":"binary-expr","locations":[{"start":{"line":44,"column":15},"end":{"line":44,"column":27}},{"start":{"line":44,"column":23},"end":{"line":44,"column":27}}]},"18":{"loc":{"start":{"line":46,"column":2},"end":{"line":46,"column":22}},"type":"if","locations":[{"start":{"line":46,"column":2},"end":{"line":46,"column":22}},{"start":{},"end":{}}]},"19":{"loc":{"start":{"line":47,"column":14},"end":{"line":47,"column":24}},"type":"cond-expr","locations":[{"start":{"line":47,"column":18},"end":{"line":47,"column":22}},{"start":{"line":47,"column":22},"end":{"line":47,"column":24}}]},"20":{"loc":{"start":{"line":47,"column":14},"end":{"line":47,"column":22}},"type":"binary-expr","locations":[{"start":{"line":47,"column":14},"end":{"line":47,"column":22}},{"start":{"line":47,"column":18},"end":{"line":47,"column":22}}]},"21":{"loc":{"start":{"line":57,"column":9},"end":{"line":57,"column":22}},"type":"binary-expr","locations":[{"start":{"line":57,"column":9},"end":{"line":57,"column":14}},{"start":{"line":57,"column":18},"end":{"line":57,"column":22}}]}},"s":{"0":1,"1":1,"2":1,"3":1,"4":1,"5":4,"6":4,"7":0,"8":4,"9":1,"10":3,"11":2,"12":2,"13":2,"14":1,"15":1,"16":1,"17":1,"18":1,"19":1,"20":1,"21":1,"22":1,"23":1,"24":1,"25":1,"26":0,"27":0,"28":0,"29":0,"30":0,"31":0,"32":0,"33":0,"34":0,"35":0,"36":0,"37":0,"38":0,"39":0,"40":0},"f":{"0":4,"1":2,"2":0,"3":0},"b":{"0":[0,4],"1":[1,3],"2":[1,1],"3":[1,0],"4":[1,1],"5":[0,1],"6":[1,1],"7":[1,0],"8":[1,1],"9":[1,0],"10":[1,1],"11":[1,0],"12":[1,0],"13":[1,0],"14":[1,1],"15":[1,0],"16":[0,0],"17":[0,0],"18":[0,0],"19":[0,0],"20":[0,0],"21":[0,0]}}
,"/Users/chyax/editor-pro/src/features/editing/smart-paste-url.ts": {"path":"/Users/chyax/editor-pro/src/features/editing/smart-paste-url.ts","statementMap":{"0":{"start":{"line":20,"column":0},"end":{"line":20,"column":16}},"1":{"start":{"line":4,"column":11},"end":{"line":4,"column":22}},"2":{"start":{"line":5,"column":1},"end":{"line":5,"column":22}},"3":{"start":{"line":5,"column":9},"end":{"line":5,"column":22}},"4":{"start":{"line":6,"column":1},"end":{"line":6,"column":32}},"5":{"start":{"line":6,"column":19},"end":{"line":6,"column":32}},"6":{"start":{"line":7,"column":1},"end":{"line":7,"column":36}},"7":{"start":{"line":11,"column":1},"end":{"line":11,"column":51}},"8":{"start":{"line":11,"column":41},"end":{"line":11,"column":49}},"9":{"start":{"line":21,"column":13},"end":{"line":21,"column":33}},"10":{"start":{"line":22,"column":1},"end":{"line":22,"column":37}},"11":{"start":{"line":22,"column":24},"end":{"line":22,"column":37}},"12":{"start":{"line":24,"column":19},"end":{"line":24,"column":40}},"13":{"start":{"line":25,"column":1},"end":{"line":25,"column":30}},"14":{"start":{"line":25,"column":17},"end":{"line":25,"column":30}},"15":{"start":{"line":26,"column":1},"end":{"line":26,"column":44}},"16":{"start":{"line":26,"column":31},"end":{"line":26,"column":44}},"17":{"start":{"line":28,"column":15},"end":{"line":28,"column":49}},"18":{"start":{"line":29,"column":1},"end":{"line":29,"column":47}},"19":{"start":{"line":30,"column":1},"end":{"line":30,"column":13}}},"fnMap":{"0":{"name":"isLikelyUrl","decl":{"start":{"line":3,"column":9},"end":{"line":3,"column":20}},"loc":{"start":{"line":3,"column":33},"end":{"line":8,"column":1}}},"1":{"name":"escapeMarkdownLinkLabel","decl":{"start":{"line":10,"column":9},"end":{"line":10,"column":32}},"loc":{"start":{"line":10,"column":46},"end":{"line":12,"column":1}}},"2":{"name":"(anonymous_2)","decl":{"start":{"line":11,"column":34},"end":{"line":11,"column":35}},"loc":{"start":{"line":11,"column":41},"end":{"line":11,"column":49}}},"3":{"name":"smartPasteUrlIntoSelection","decl":{"start":{"line":20,"column":16},"end":{"line":20,"column":42}},"loc":{"start":{"line":20,"column":80},"end":{"line":31,"column":1}}}},"branchMap":{"0":{"loc":{"start":{"line":5,"column":1},"end":{"line":5,"column":22}},"type":"if","locations":[{"start":{"line":5,"column":1},"end":{"line":5,"column":22}},{"start":{},"end":{}}]},"1":{"loc":{"start":{"line":6,"column":1},"end":{"line":6,"column":32}},"type":"if","locations":[{"start":{"line":6,"column":1},"end":{"line":6,"column":32}},{"start":{},"end":{}}]},"2":{"loc":{"start":{"line":22,"column":1},"end":{"line":22,"column":37}},"type":"if","locations":[{"start":{"line":22,"column":1},"end":{"line":22,"column":37}},{"start":{},"end":{}}]},"3":{"loc":{"start":{"line":25,"column":1},"end":{"line":25,"column":30}},"type":"if","locations":[{"start":{"line":25,"column":1},"end":{"line":25,"column":30}},{"start":{},"end":{}}]},"4":{"loc":{"start":{"line":26,"column":1},"end":{"line":26,"column":44}},"type":"if","locations":[{"start":{"line":26,"column":1},"end":{"line":26,"column":44}},{"start":{},"end":{}}]}},"s":{"0":1,"1":4,"2":4,"3":0,"4":4,"5":0,"6":4,"7":2,"8":2,"9":4,"10":4,"11":1,"12":3,"13":3,"14":1,"15":2,"16":0,"17":2,"18":2,"19":2},"f":{"0":4,"1":2,"2":2,"3":4},"b":{"0":[0,4],"1":[0,4],"2":[1,3],"3":[1,2],"4":[0,2]}}
,"/Users/chyax/editor-pro/src/features/flow-board/flow-parser.ts": {"path":"/Users/chyax/editor-pro/src/features/flow-board/flow-parser.ts","statementMap":{"0":{"start":{"line":134,"column":0},"end":{"line":134,"column":16}},"1":{"start":{"line":211,"column":0},"end":{"line":211,"column":16}},"2":{"start":{"line":22,"column":1},"end":{"line":22,"column":44}},"3":{"start":{"line":22,"column":33},"end":{"line":22,"column":44}},"4":{"start":{"line":23,"column":9},"end":{"line":23,"column":19}},"5":{"start":{"line":24,"column":1},"end":{"line":27,"column":2}},"6":{"start":{"line":24,"column":14},"end":{"line":24,"column":15}},"7":{"start":{"line":25,"column":2},"end":{"line":25,"column":26}},"8":{"start":{"line":26,"column":2},"end":{"line":26,"column":29}},"9":{"start":{"line":28,"column":1},"end":{"line":28,"column":31}},"10":{"start":{"line":32,"column":11},"end":{"line":32,"column":42}},"11":{"start":{"line":33,"column":1},"end":{"line":33,"column":21}},"12":{"start":{"line":33,"column":9},"end":{"line":33,"column":21}},"13":{"start":{"line":34,"column":1},"end":{"line":34,"column":66}},"14":{"start":{"line":38,"column":16},"end":{"line":38,"column":33}},"15":{"start":{"line":39,"column":1},"end":{"line":42,"column":2}},"16":{"start":{"line":40,"column":12},"end":{"line":40,"column":28}},"17":{"start":{"line":41,"column":2},"end":{"line":41,"column":29}},"18":{"start":{"line":41,"column":9},"end":{"line":41,"column":29}},"19":{"start":{"line":43,"column":1},"end":{"line":43,"column":29}},"20":{"start":{"line":43,"column":20},"end":{"line":43,"column":29}},"21":{"start":{"line":44,"column":1},"end":{"line":44,"column":29}},"22":{"start":{"line":44,"column":20},"end":{"line":44,"column":29}},"23":{"start":{"line":46,"column":11},"end":{"line":46,"column":12}},"24":{"start":{"line":47,"column":1},"end":{"line":47,"column":48}},"25":{"start":{"line":47,"column":25},"end":{"line":47,"column":48}},"26":{"start":{"line":48,"column":1},"end":{"line":48,"column":28}},"27":{"start":{"line":52,"column":11},"end":{"line":52,"column":22}},"28":{"start":{"line":53,"column":1},"end":{"line":53,"column":51}},"29":{"start":{"line":57,"column":9},"end":{"line":57,"column":10}},"30":{"start":{"line":58,"column":1},"end":{"line":58,"column":48}},"31":{"start":{"line":58,"column":44},"end":{"line":58,"column":48}},"32":{"start":{"line":59,"column":1},"end":{"line":59,"column":10}},"33":{"start":{"line":63,"column":16},"end":{"line":63,"column":35}},"34":{"start":{"line":64,"column":14},"end":{"line":64,"column":32}},"35":{"start":{"line":65,"column":1},"end":{"line":65,"column":49}},"36":{"start":{"line":65,"column":31},"end":{"line":65,"column":49}},"37":{"start":{"line":66,"column":1},"end":{"line":66,"column":47}},"38":{"start":{"line":66,"column":29},"end":{"line":66,"column":47}},"39":{"start":{"line":67,"column":1},"end":{"line":67,"column":13}},"40":{"start":{"line":71,"column":1},"end":{"line":74,"column":10}},"41":{"start":{"line":78,"column":1},"end":{"line":78,"column":45}},"42":{"start":{"line":78,"column":35},"end":{"line":78,"column":45}},"43":{"start":{"line":79,"column":11},"end":{"line":79,"column":23}},"44":{"start":{"line":80,"column":1},"end":{"line":87,"column":2}},"45":{"start":{"line":81,"column":15},"end":{"line":81,"column":29}},"46":{"start":{"line":82,"column":2},"end":{"line":86,"column":3}},"47":{"start":{"line":83,"column":3},"end":{"line":83,"column":9}},"48":{"start":{"line":85,"column":3},"end":{"line":85,"column":9}},"49":{"start":{"line":88,"column":1},"end":{"line":88,"column":28}},"50":{"start":{"line":92,"column":55},"end":{"line":92,"column":57}},"51":{"start":{"line":93,"column":15},"end":{"line":93,"column":20}},"52":{"start":{"line":95,"column":9},"end":{"line":95,"column":14}},"53":{"start":{"line":96,"column":1},"end":{"line":129,"column":2}},"54":{"start":{"line":97,"column":15},"end":{"line":97,"column":29}},"55":{"start":{"line":98,"column":2},"end":{"line":102,"column":3}},"56":{"start":{"line":99,"column":3},"end":{"line":99,"column":22}},"57":{"start":{"line":100,"column":3},"end":{"line":100,"column":7}},"58":{"start":{"line":101,"column":3},"end":{"line":101,"column":12}},"59":{"start":{"line":103,"column":2},"end":{"line":106,"column":3}},"60":{"start":{"line":104,"column":3},"end":{"line":104,"column":7}},"61":{"start":{"line":105,"column":3},"end":{"line":105,"column":12}},"62":{"start":{"line":108,"column":13},"end":{"line":108,"column":29}},"63":{"start":{"line":109,"column":2},"end":{"line":112,"column":3}},"64":{"start":{"line":110,"column":3},"end":{"line":110,"column":7}},"65":{"start":{"line":111,"column":3},"end":{"line":111,"column":12}},"66":{"start":{"line":114,"column":10},"end":{"line":114,"column":11}},"67":{"start":{"line":115,"column":2},"end":{"line":125,"column":3}},"68":{"start":{"line":116,"column":16},"end":{"line":116,"column":34}},"69":{"start":{"line":117,"column":3},"end":{"line":117,"column":27}},"70":{"start":{"line":117,"column":21},"end":{"line":117,"column":27}},"71":{"start":{"line":118,"column":15},"end":{"line":118,"column":31}},"72":{"start":{"line":119,"column":3},"end":{"line":119,"column":38}},"73":{"start":{"line":119,"column":32},"end":{"line":119,"column":38}},"74":{"start":{"line":120,"column":3},"end":{"line":123,"column":4}},"75":{"start":{"line":121,"column":4},"end":{"line":121,"column":8}},"76":{"start":{"line":122,"column":4},"end":{"line":122,"column":13}},"77":{"start":{"line":124,"column":3},"end":{"line":124,"column":9}},"78":{"start":{"line":127,"column":2},"end":{"line":127,"column":36}},"79":{"start":{"line":128,"column":2},"end":{"line":128,"column":12}},"80":{"start":{"line":131,"column":1},"end":{"line":131,"column":15}},"81":{"start":{"line":135,"column":15},"end":{"line":135,"column":58}},"82":{"start":{"line":136,"column":15},"end":{"line":136,"column":46}},"83":{"start":{"line":138,"column":61},"end":{"line":138,"column":63}},"84":{"start":{"line":139,"column":1},"end":{"line":143,"column":2}},"85":{"start":{"line":139,"column":14},"end":{"line":139,"column":15}},"86":{"start":{"line":140,"column":12},"end":{"line":140,"column":38}},"87":{"start":{"line":141,"column":2},"end":{"line":141,"column":19}},"88":{"start":{"line":141,"column":10},"end":{"line":141,"column":19}},"89":{"start":{"line":142,"column":2},"end":{"line":142,"column":84}},"90":{"start":{"line":142,"column":25},"end":{"line":142,"column":84}},"91":{"start":{"line":145,"column":33},"end":{"line":145,"column":35}},"92":{"start":{"line":146,"column":27},"end":{"line":146,"column":29}},"93":{"start":{"line":147,"column":20},"end":{"line":147,"column":47}},"94":{"start":{"line":149,"column":21},"end":{"line":188,"column":2}},"95":{"start":{"line":150,"column":26},"end":{"line":150,"column":44}},"96":{"start":{"line":151,"column":24},"end":{"line":151,"column":55}},"97":{"start":{"line":153,"column":19},"end":{"line":153,"column":70}},"98":{"start":{"line":154,"column":2},"end":{"line":162,"column":3}},"99":{"start":{"line":155,"column":3},"end":{"line":160,"column":6}},"100":{"start":{"line":161,"column":3},"end":{"line":161,"column":10}},"101":{"start":{"line":164,"column":17},"end":{"line":164,"column":68}},"102":{"start":{"line":165,"column":18},"end":{"line":165,"column":35}},"103":{"start":{"line":166,"column":2},"end":{"line":166,"column":80}},"104":{"start":{"line":166,"column":26},"end":{"line":166,"column":80}},"105":{"start":{"line":166,"column":39},"end":{"line":166,"column":46}},"106":{"start":{"line":166,"column":65},"end":{"line":166,"column":80}},"107":{"start":{"line":168,"column":30},"end":{"line":168,"column":32}},"108":{"start":{"line":169,"column":2},"end":{"line":172,"column":3}},"109":{"start":{"line":169,"column":15},"end":{"line":169,"column":30}},"110":{"start":{"line":170,"column":3},"end":{"line":170,"column":32}},"111":{"start":{"line":170,"column":23},"end":{"line":170,"column":32}},"112":{"start":{"line":171,"column":3},"end":{"line":171,"column":34}},"113":{"start":{"line":174,"column":2},"end":{"line":179,"column":5}},"114":{"start":{"line":181,"column":2},"end":{"line":187,"column":5}},"115":{"start":{"line":182,"column":17},"end":{"line":182,"column":48}},"116":{"start":{"line":183,"column":14},"end":{"line":183,"column":57}},"117":{"start":{"line":184,"column":17},"end":{"line":184,"column":68}},"118":{"start":{"line":185,"column":3},"end":{"line":185,"column":51}},"119":{"start":{"line":186,"column":3},"end":{"line":186,"column":29}},"120":{"start":{"line":190,"column":1},"end":{"line":193,"column":2}},"121":{"start":{"line":191,"column":2},"end":{"line":191,"column":66}},"122":{"start":{"line":192,"column":2},"end":{"line":192,"column":41}},"123":{"start":{"line":196,"column":1},"end":{"line":198,"column":2}},"124":{"start":{"line":197,"column":2},"end":{"line":197,"column":59}},"125":{"start":{"line":200,"column":1},"end":{"line":206,"column":2}},"126":{"start":{"line":200,"column":14},"end":{"line":200,"column":15}},"127":{"start":{"line":201,"column":12},"end":{"line":201,"column":28}},"128":{"start":{"line":202,"column":15},"end":{"line":202,"column":34}},"129":{"start":{"line":203,"column":23},"end":{"line":203,"column":33}},"130":{"start":{"line":204,"column":21},"end":{"line":204,"column":60}},"131":{"start":{"line":205,"column":2},"end":{"line":205,"column":70}},"132":{"start":{"line":208,"column":1},"end":{"line":208,"column":40}},"133":{"start":{"line":216,"column":15},"end":{"line":216,"column":66}},"134":{"start":{"line":217,"column":20},"end":{"line":217,"column":49}},"135":{"start":{"line":218,"column":1},"end":{"line":222,"column":2}},"136":{"start":{"line":219,"column":15},"end":{"line":219,"column":50}},"137":{"start":{"line":220,"column":2},"end":{"line":220,"column":18}},"138":{"start":{"line":221,"column":2},"end":{"line":221,"column":38}},"139":{"start":{"line":223,"column":1},"end":{"line":226,"column":2}},"140":{"start":{"line":224,"column":2},"end":{"line":224,"column":55}},"141":{"start":{"line":224,"column":22},"end":{"line":224,"column":54}},"142":{"start":{"line":225,"column":2},"end":{"line":225,"column":28}},"143":{"start":{"line":228,"column":23},"end":{"line":228,"column":25}},"144":{"start":{"line":230,"column":1},"end":{"line":249,"column":2}},"145":{"start":{"line":231,"column":2},"end":{"line":233,"column":3}},"146":{"start":{"line":232,"column":3},"end":{"line":232,"column":63}},"147":{"start":{"line":235,"column":2},"end":{"line":235,"column":48}},"148":{"start":{"line":237,"column":18},"end":{"line":237,"column":52}},"149":{"start":{"line":238,"column":2},"end":{"line":245,"column":3}},"150":{"start":{"line":239,"column":3},"end":{"line":239,"column":63}},"151":{"start":{"line":239,"column":50},"end":{"line":239,"column":63}},"152":{"start":{"line":240,"column":3},"end":{"line":244,"column":6}},"153":{"start":{"line":241,"column":18},"end":{"line":241,"column":71}},"154":{"start":{"line":242,"column":4},"end":{"line":242,"column":23}},"155":{"start":{"line":243,"column":4},"end":{"line":243,"column":49}},"156":{"start":{"line":243,"column":36},"end":{"line":243,"column":49}},"157":{"start":{"line":248,"column":2},"end":{"line":248,"column":62}},"158":{"start":{"line":248,"column":49},"end":{"line":248,"column":62}},"159":{"start":{"line":251,"column":12},"end":{"line":251,"column":47}},"160":{"start":{"line":252,"column":1},"end":{"line":252,"column":39}},"161":{"start":{"line":253,"column":1},"end":{"line":253,"column":13}}},"fnMap":{"0":{"name":"hash","decl":{"start":{"line":21,"column":9},"end":{"line":21,"column":13}},"loc":{"start":{"line":21,"column":26},"end":{"line":29,"column":1}}},"1":{"name":"getHeading","decl":{"start":{"line":31,"column":9},"end":{"line":31,"column":19}},"loc":{"start":{"line":31,"column":32},"end":{"line":35,"column":1}}},"2":{"name":"chooseColumnHeadingLevel","decl":{"start":{"line":37,"column":9},"end":{"line":37,"column":33}},"loc":{"start":{"line":37,"column":49},"end":{"line":49,"column":1}}},"3":{"name":"isFence","decl":{"start":{"line":51,"column":9},"end":{"line":51,"column":16}},"loc":{"start":{"line":51,"column":29},"end":{"line":54,"column":1}}},"4":{"name":"leadingSpaces","decl":{"start":{"line":56,"column":9},"end":{"line":56,"column":22}},"loc":{"start":{"line":56,"column":35},"end":{"line":60,"column":1}}},"5":{"name":"isListItem","decl":{"start":{"line":62,"column":9},"end":{"line":62,"column":19}},"loc":{"start":{"line":62,"column":32},"end":{"line":68,"column":1}}},"6":{"name":"stripListMarker","decl":{"start":{"line":70,"column":9},"end":{"line":70,"column":24}},"loc":{"start":{"line":70,"column":37},"end":{"line":75,"column":1}}},"7":{"name":"trimTrailingBlank","decl":{"start":{"line":77,"column":9},"end":{"line":77,"column":26}},"loc":{"start":{"line":77,"column":42},"end":{"line":89,"column":1}}},"8":{"name":"extractCards","decl":{"start":{"line":91,"column":9},"end":{"line":91,"column":21}},"loc":{"start":{"line":91,"column":65},"end":{"line":132,"column":1}}},"9":{"name":"parseMarkdownToFlowBoard","decl":{"start":{"line":134,"column":16},"end":{"line":134,"column":40}},"loc":{"start":{"line":134,"column":57},"end":{"line":209,"column":1}}},"10":{"name":"(anonymous_10)","decl":{"start":{"line":149,"column":21},"end":{"line":149,"column":22}},"loc":{"start":{"line":149,"column":101},"end":{"line":188,"column":2}}},"11":{"name":"(anonymous_11)","decl":{"start":{"line":181,"column":17},"end":{"line":181,"column":18}},"loc":{"start":{"line":181,"column":28},"end":{"line":187,"column":3}}},"12":{"name":"buildMarkdownFromFlowBoard","decl":{"start":{"line":211,"column":16},"end":{"line":211,"column":42}},"loc":{"start":{"line":214,"column":22},"end":{"line":254,"column":1}}},"13":{"name":"(anonymous_13)","decl":{"start":{"line":224,"column":12},"end":{"line":224,"column":13}},"loc":{"start":{"line":224,"column":21},"end":{"line":224,"column":54}}},"14":{"name":"(anonymous_14)","decl":{"start":{"line":240,"column":19},"end":{"line":240,"column":20}},"loc":{"start":{"line":240,"column":33},"end":{"line":244,"column":4}}}},"branchMap":{"0":{"loc":{"start":{"line":22,"column":1},"end":{"line":22,"column":44}},"type":"if","locations":[{"start":{"line":22,"column":1},"end":{"line":22,"column":44}},{"start":{},"end":{}}]},"1":{"loc":{"start":{"line":22,"column":5},"end":{"line":22,"column":31}},"type":"binary-expr","locations":[{"start":{"line":22,"column":5},"end":{"line":22,"column":10}},{"start":{"line":22,"column":14},"end":{"line":22,"column":31}}]},"2":{"loc":{"start":{"line":33,"column":1},"end":{"line":33,"column":21}},"type":"if","locations":[{"start":{"line":33,"column":1},"end":{"line":33,"column":21}},{"start":{},"end":{}}]},"3":{"loc":{"start":{"line":34,"column":18},"end":{"line":34,"column":28}},"type":"cond-expr","locations":[{"start":{"line":34,"column":22},"end":{"line":34,"column":26}},{"start":{"line":34,"column":26},"end":{"line":34,"column":28}}]},"4":{"loc":{"start":{"line":34,"column":18},"end":{"line":34,"column":26}},"type":"binary-expr","locations":[{"start":{"line":34,"column":18},"end":{"line":34,"column":26}},{"start":{"line":34,"column":22},"end":{"line":34,"column":26}}]},"5":{"loc":{"start":{"line":34,"column":45},"end":{"line":34,"column":55}},"type":"cond-expr","locations":[{"start":{"line":34,"column":49},"end":{"line":34,"column":53}},{"start":{"line":34,"column":53},"end":{"line":34,"column":55}}]},"6":{"loc":{"start":{"line":34,"column":45},"end":{"line":34,"column":53}},"type":"binary-expr","locations":[{"start":{"line":34,"column":45},"end":{"line":34,"column":53}},{"start":{"line":34,"column":49},"end":{"line":34,"column":53}}]},"7":{"loc":{"start":{"line":41,"column":2},"end":{"line":41,"column":29}},"type":"if","locations":[{"start":{"line":41,"column":2},"end":{"line":41,"column":29}},{"start":{},"end":{}}]},"8":{"loc":{"start":{"line":43,"column":1},"end":{"line":43,"column":29}},"type":"if","locations":[{"start":{"line":43,"column":1},"end":{"line":43,"column":29}},{"start":{},"end":{}}]},"9":{"loc":{"start":{"line":44,"column":1},"end":{"line":44,"column":29}},"type":"if","locations":[{"start":{"line":44,"column":1},"end":{"line":44,"column":29}},{"start":{},"end":{}}]},"10":{"loc":{"start":{"line":48,"column":8},"end":{"line":48,"column":27}},"type":"cond-expr","locations":[{"start":{"line":48,"column":20},"end":{"line":48,"column":21}},{"start":{"line":48,"column":24},"end":{"line":48,"column":27}}]},"11":{"loc":{"start":{"line":53,"column":8},"end":{"line":53,"column":50}},"type":"binary-expr","locations":[{"start":{"line":53,"column":8},"end":{"line":53,"column":27}},{"start":{"line":53,"column":31},"end":{"line":53,"column":50}}]},"12":{"loc":{"start":{"line":58,"column":8},"end":{"line":58,"column":42}},"type":"binary-expr","locations":[{"start":{"line":58,"column":8},"end":{"line":58,"column":23}},{"start":{"line":58,"column":27},"end":{"line":58,"column":42}}]},"13":{"loc":{"start":{"line":65,"column":1},"end":{"line":65,"column":49}},"type":"if","locations":[{"start":{"line":65,"column":1},"end":{"line":65,"column":49}},{"start":{},"end":{}}]},"14":{"loc":{"start":{"line":66,"column":1},"end":{"line":66,"column":47}},"type":"if","locations":[{"start":{"line":66,"column":1},"end":{"line":66,"column":47}},{"start":{},"end":{}}]},"15":{"loc":{"start":{"line":78,"column":1},"end":{"line":78,"column":45}},"type":"if","locations":[{"start":{"line":78,"column":1},"end":{"line":78,"column":45}},{"start":{},"end":{}}]},"16":{"loc":{"start":{"line":78,"column":5},"end":{"line":78,"column":33}},"type":"binary-expr","locations":[{"start":{"line":78,"column":5},"end":{"line":78,"column":11}},{"start":{"line":78,"column":15},"end":{"line":78,"column":33}}]},"17":{"loc":{"start":{"line":82,"column":2},"end":{"line":86,"column":3}},"type":"if","locations":[{"start":{"line":82,"column":2},"end":{"line":86,"column":3}},{"start":{"line":84,"column":9},"end":{"line":86,"column":3}}]},"18":{"loc":{"start":{"line":82,"column":6},"end":{"line":82,"column":27}},"type":"binary-expr","locations":[{"start":{"line":82,"column":6},"end":{"line":82,"column":11}},{"start":{"line":82,"column":15},"end":{"line":82,"column":27}}]},"19":{"loc":{"start":{"line":97,"column":15},"end":{"line":97,"column":29}},"type":"cond-expr","locations":[{"start":{"line":97,"column":23},"end":{"line":97,"column":27}},{"start":{"line":97,"column":27},"end":{"line":97,"column":29}}]},"20":{"loc":{"start":{"line":97,"column":15},"end":{"line":97,"column":27}},"type":"binary-expr","locations":[{"start":{"line":97,"column":15},"end":{"line":97,"column":27}},{"start":{"line":97,"column":23},"end":{"line":97,"column":27}}]},"21":{"loc":{"start":{"line":98,"column":2},"end":{"line":102,"column":3}},"type":"if","locations":[{"start":{"line":98,"column":2},"end":{"line":102,"column":3}},{"start":{},"end":{}}]},"22":{"loc":{"start":{"line":103,"column":2},"end":{"line":106,"column":3}},"type":"if","locations":[{"start":{"line":103,"column":2},"end":{"line":106,"column":3}},{"start":{},"end":{}}]},"23":{"loc":{"start":{"line":109,"column":2},"end":{"line":112,"column":3}},"type":"if","locations":[{"start":{"line":109,"column":2},"end":{"line":112,"column":3}},{"start":{},"end":{}}]},"24":{"loc":{"start":{"line":109,"column":6},"end":{"line":109,"column":28}},"type":"binary-expr","locations":[{"start":{"line":109,"column":6},"end":{"line":109,"column":9}},{"start":{"line":109,"column":13},"end":{"line":109,"column":28}}]},"25":{"loc":{"start":{"line":116,"column":16},"end":{"line":116,"column":34}},"type":"cond-expr","locations":[{"start":{"line":116,"column":28},"end":{"line":116,"column":32}},{"start":{"line":116,"column":32},"end":{"line":116,"column":34}}]},"26":{"loc":{"start":{"line":116,"column":16},"end":{"line":116,"column":32}},"type":"binary-expr","locations":[{"start":{"line":116,"column":16},"end":{"line":116,"column":32}},{"start":{"line":116,"column":28},"end":{"line":116,"column":32}}]},"27":{"loc":{"start":{"line":117,"column":3},"end":{"line":117,"column":27}},"type":"if","locations":[{"start":{"line":117,"column":3},"end":{"line":117,"column":27}},{"start":{},"end":{}}]},"28":{"loc":{"start":{"line":119,"column":3},"end":{"line":119,"column":38}},"type":"if","locations":[{"start":{"line":119,"column":3},"end":{"line":119,"column":38}},{"start":{},"end":{}}]},"29":{"loc":{"start":{"line":119,"column":7},"end":{"line":119,"column":30}},"type":"binary-expr","locations":[{"start":{"line":119,"column":7},"end":{"line":119,"column":10}},{"start":{"line":119,"column":14},"end":{"line":119,"column":30}}]},"30":{"loc":{"start":{"line":120,"column":3},"end":{"line":123,"column":4}},"type":"if","locations":[{"start":{"line":120,"column":3},"end":{"line":123,"column":4}},{"start":{},"end":{}}]},"31":{"loc":{"start":{"line":140,"column":23},"end":{"line":140,"column":37}},"type":"cond-expr","locations":[{"start":{"line":140,"column":31},"end":{"line":140,"column":35}},{"start":{"line":140,"column":35},"end":{"line":140,"column":37}}]},"32":{"loc":{"start":{"line":140,"column":23},"end":{"line":140,"column":35}},"type":"binary-expr","locations":[{"start":{"line":140,"column":23},"end":{"line":140,"column":35}},{"start":{"line":140,"column":31},"end":{"line":140,"column":35}}]},"33":{"loc":{"start":{"line":141,"column":2},"end":{"line":141,"column":19}},"type":"if","locations":[{"start":{"line":141,"column":2},"end":{"line":141,"column":19}},{"start":{},"end":{}}]},"34":{"loc":{"start":{"line":142,"column":2},"end":{"line":142,"column":84}},"type":"if","locations":[{"start":{"line":142,"column":2},"end":{"line":142,"column":84}},{"start":{},"end":{}}]},"35":{"loc":{"start":{"line":142,"column":60},"end":{"line":142,"column":80}},"type":"binary-expr","locations":[{"start":{"line":142,"column":60},"end":{"line":142,"column":66}},{"start":{"line":142,"column":70},"end":{"line":142,"column":80}}]},"36":{"loc":{"start":{"line":153,"column":19},"end":{"line":153,"column":70}},"type":"cond-expr","locations":[{"start":{"line":153,"column":42},"end":{"line":153,"column":49}},{"start":{"line":153,"column":52},"end":{"line":153,"column":70}}]},"37":{"loc":{"start":{"line":154,"column":2},"end":{"line":162,"column":3}},"type":"if","locations":[{"start":{"line":154,"column":2},"end":{"line":162,"column":3}},{"start":{},"end":{}}]},"38":{"loc":{"start":{"line":154,"column":6},"end":{"line":154,"column":59}},"type":"binary-expr","locations":[{"start":{"line":154,"column":6},"end":{"line":154,"column":37}},{"start":{"line":154,"column":41},"end":{"line":154,"column":59}}]},"39":{"loc":{"start":{"line":170,"column":3},"end":{"line":170,"column":32}},"type":"if","locations":[{"start":{"line":170,"column":3},"end":{"line":170,"column":32}},{"start":{},"end":{}}]},"40":{"loc":{"start":{"line":171,"column":18},"end":{"line":171,"column":32}},"type":"cond-expr","locations":[{"start":{"line":171,"column":26},"end":{"line":171,"column":30}},{"start":{"line":171,"column":30},"end":{"line":171,"column":32}}]},"41":{"loc":{"start":{"line":171,"column":18},"end":{"line":171,"column":30}},"type":"binary-expr","locations":[{"start":{"line":171,"column":18},"end":{"line":171,"column":30}},{"start":{"line":171,"column":26},"end":{"line":171,"column":30}}]},"42":{"loc":{"start":{"line":184,"column":17},"end":{"line":184,"column":68}},"type":"binary-expr","locations":[{"start":{"line":184,"column":17},"end":{"line":184,"column":54}},{"start":{"line":184,"column":58},"end":{"line":184,"column":68}}]},"43":{"loc":{"start":{"line":184,"column":33},"end":{"line":184,"column":53}},"type":"cond-expr","locations":[{"start":{"line":184,"column":47},"end":{"line":184,"column":51}},{"start":{"line":184,"column":51},"end":{"line":184,"column":53}}]},"44":{"loc":{"start":{"line":184,"column":33},"end":{"line":184,"column":51}},"type":"binary-expr","locations":[{"start":{"line":184,"column":33},"end":{"line":184,"column":51}},{"start":{"line":184,"column":47},"end":{"line":184,"column":51}}]},"45":{"loc":{"start":{"line":190,"column":1},"end":{"line":193,"column":2}},"type":"if","locations":[{"start":{"line":190,"column":1},"end":{"line":193,"column":2}},{"start":{},"end":{}}]},"46":{"loc":{"start":{"line":196,"column":1},"end":{"line":198,"column":2}},"type":"if","locations":[{"start":{"line":196,"column":1},"end":{"line":198,"column":2}},{"start":{},"end":{}}]},"47":{"loc":{"start":{"line":204,"column":21},"end":{"line":204,"column":60}},"type":"cond-expr","locations":[{"start":{"line":204,"column":28},"end":{"line":204,"column":41}},{"start":{"line":204,"column":44},"end":{"line":204,"column":60}}]},"48":{"loc":{"start":{"line":205,"column":22},"end":{"line":205,"column":42}},"type":"binary-expr","locations":[{"start":{"line":205,"column":22},"end":{"line":205,"column":28}},{"start":{"line":205,"column":32},"end":{"line":205,"column":42}}]},"49":{"loc":{"start":{"line":219,"column":15},"end":{"line":219,"column":50}},"type":"cond-expr","locations":[{"start":{"line":219,"column":44},"end":{"line":219,"column":48}},{"start":{"line":219,"column":48},"end":{"line":219,"column":50}}]},"50":{"loc":{"start":{"line":219,"column":15},"end":{"line":219,"column":48}},"type":"binary-expr","locations":[{"start":{"line":219,"column":15},"end":{"line":219,"column":48}},{"start":{"line":219,"column":44},"end":{"line":219,"column":48}}]},"51":{"loc":{"start":{"line":224,"column":23},"end":{"line":224,"column":35}},"type":"cond-expr","locations":[{"start":{"line":224,"column":30},"end":{"line":224,"column":34}},{"start":{"line":224,"column":34},"end":{"line":224,"column":35}}]},"52":{"loc":{"start":{"line":224,"column":23},"end":{"line":224,"column":34}},"type":"binary-expr","locations":[{"start":{"line":224,"column":23},"end":{"line":224,"column":34}},{"start":{"line":224,"column":30},"end":{"line":224,"column":34}}]},"53":{"loc":{"start":{"line":224,"column":40},"end":{"line":224,"column":52}},"type":"cond-expr","locations":[{"start":{"line":224,"column":47},"end":{"line":224,"column":51}},{"start":{"line":224,"column":51},"end":{"line":224,"column":52}}]},"54":{"loc":{"start":{"line":224,"column":40},"end":{"line":224,"column":51}},"type":"binary-expr","locations":[{"start":{"line":224,"column":40},"end":{"line":224,"column":51}},{"start":{"line":224,"column":47},"end":{"line":224,"column":51}}]},"55":{"loc":{"start":{"line":231,"column":2},"end":{"line":233,"column":3}},"type":"if","locations":[{"start":{"line":231,"column":2},"end":{"line":233,"column":3}},{"start":{},"end":{}}]},"56":{"loc":{"start":{"line":232,"column":12},"end":{"line":232,"column":61}},"type":"cond-expr","locations":[{"start":{"line":232,"column":34},"end":{"line":232,"column":38}},{"start":{"line":232,"column":38},"end":{"line":232,"column":61}}]},"57":{"loc":{"start":{"line":232,"column":12},"end":{"line":232,"column":38}},"type":"binary-expr","locations":[{"start":{"line":232,"column":12},"end":{"line":232,"column":38}},{"start":{"line":232,"column":34},"end":{"line":232,"column":38}}]},"58":{"loc":{"start":{"line":237,"column":18},"end":{"line":237,"column":52}},"type":"cond-expr","locations":[{"start":{"line":237,"column":46},"end":{"line":237,"column":50}},{"start":{"line":237,"column":50},"end":{"line":237,"column":52}}]},"59":{"loc":{"start":{"line":237,"column":18},"end":{"line":237,"column":50}},"type":"binary-expr","locations":[{"start":{"line":237,"column":18},"end":{"line":237,"column":50}},{"start":{"line":237,"column":46},"end":{"line":237,"column":50}}]},"60":{"loc":{"start":{"line":238,"column":2},"end":{"line":245,"column":3}},"type":"if","locations":[{"start":{"line":238,"column":2},"end":{"line":245,"column":3}},{"start":{},"end":{}}]},"61":{"loc":{"start":{"line":239,"column":3},"end":{"line":239,"column":63}},"type":"if","locations":[{"start":{"line":239,"column":3},"end":{"line":239,"column":63}},{"start":{},"end":{}}]},"62":{"loc":{"start":{"line":239,"column":7},"end":{"line":239,"column":50}},"type":"binary-expr","locations":[{"start":{"line":239,"column":7},"end":{"line":239,"column":17}},{"start":{"line":239,"column":21},"end":{"line":239,"column":48}}]},"63":{"loc":{"start":{"line":239,"column":21},"end":{"line":239,"column":48}},"type":"cond-expr","locations":[{"start":{"line":239,"column":40},"end":{"line":239,"column":42}},{"start":{"line":239,"column":40},"end":{"line":239,"column":48}}]},"64":{"loc":{"start":{"line":239,"column":21},"end":{"line":239,"column":42}},"type":"binary-expr","locations":[{"start":{"line":239,"column":21},"end":{"line":239,"column":42}},{"start":{"line":239,"column":40},"end":{"line":239,"column":42}}]},"65":{"loc":{"start":{"line":241,"column":18},"end":{"line":241,"column":71}},"type":"cond-expr","locations":[{"start":{"line":241,"column":48},"end":{"line":241,"column":52}},{"start":{"line":241,"column":52},"end":{"line":241,"column":71}}]},"66":{"loc":{"start":{"line":241,"column":18},"end":{"line":241,"column":52}},"type":"binary-expr","locations":[{"start":{"line":241,"column":18},"end":{"line":241,"column":52}},{"start":{"line":241,"column":48},"end":{"line":241,"column":52}}]},"67":{"loc":{"start":{"line":243,"column":4},"end":{"line":243,"column":49}},"type":"if","locations":[{"start":{"line":243,"column":4},"end":{"line":243,"column":49}},{"start":{},"end":{}}]},"68":{"loc":{"start":{"line":248,"column":2},"end":{"line":248,"column":62}},"type":"if","locations":[{"start":{"line":248,"column":2},"end":{"line":248,"column":62}},{"start":{},"end":{}}]},"69":{"loc":{"start":{"line":248,"column":6},"end":{"line":248,"column":49}},"type":"binary-expr","locations":[{"start":{"line":248,"column":6},"end":{"line":248,"column":16}},{"start":{"line":248,"column":20},"end":{"line":248,"column":47}}]},"70":{"loc":{"start":{"line":248,"column":20},"end":{"line":248,"column":47}},"type":"cond-expr","locations":[{"start":{"line":248,"column":39},"end":{"line":248,"column":41}},{"start":{"line":248,"column":39},"end":{"line":248,"column":47}}]},"71":{"loc":{"start":{"line":248,"column":20},"end":{"line":248,"column":41}},"type":"binary-expr","locations":[{"start":{"line":248,"column":20},"end":{"line":248,"column":41}},{"start":{"line":248,"column":39},"end":{"line":248,"column":41}}]},"72":{"loc":{"start":{"line":252,"column":8},"end":{"line":252,"column":38}},"type":"cond-expr","locations":[{"start":{"line":252,"column":22},"end":{"line":252,"column":33}},{"start":{"line":252,"column":36},"end":{"line":252,"column":38}}]}},"s":{"0":1,"1":1,"2":5,"3":0,"4":5,"5":5,"6":5,"7":56,"8":56,"9":5,"10":32,"11":32,"12":22,"13":10,"14":2,"15":2,"16":16,"17":16,"18":5,"19":2,"20":2,"21":0,"22":0,"23":0,"24":0,"25":0,"26":0,"27":11,"28":11,"29":14,"30":14,"31":4,"32":14,"33":13,"34":13,"35":13,"36":7,"37":6,"38":0,"39":6,"40":5,"41":7,"42":2,"43":5,"44":5,"45":6,"46":6,"47":5,"48":1,"49":5,"50":5,"51":5,"52":5,"53":5,"54":11,"55":11,"56":0,"57":0,"58":0,"59":11,"60":0,"61":0,"62":11,"63":11,"64":6,"65":6,"66":5,"67":5,"68":6,"69":6,"70":4,"71":2,"72":2,"73":1,"74":1,"75":1,"76":1,"77":0,"78":5,"79":5,"80":5,"81":2,"82":2,"83":2,"84":2,"85":2,"86":16,"87":16,"88":11,"89":5,"90":4,"91":2,"92":2,"93":2,"94":2,"95":5,"96":5,"97":5,"98":5,"99":0,"100":0,"101":5,"102":5,"103":5,"104":5,"105":5,"106":6,"107":5,"108":5,"109":5,"110":12,"111":6,"112":6,"113":5,"114":5,"115":5,"116":5,"117":5,"118":5,"119":5,"120":2,"121":0,"122":0,"123":2,"124":1,"125":2,"126":2,"127":4,"128":4,"129":4,"130":4,"131":4,"132":2,"133":1,"134":1,"135":1,"136":2,"137":2,"138":2,"139":1,"140":1,"141":1,"142":1,"143":1,"144":1,"145":2,"146":2,"147":2,"148":2,"149":2,"150":1,"151":1,"152":1,"153":2,"154":2,"155":2,"156":1,"157":2,"158":2,"159":1,"160":1,"161":1},"f":{"0":5,"1":32,"2":2,"3":11,"4":14,"5":13,"6":5,"7":7,"8":5,"9":2,"10":5,"11":5,"12":1,"13":1,"14":2},"b":{"0":[0,5],"1":[5,5],"2":[22,10],"3":[10,0],"4":[10,10],"5":[10,0],"6":[10,10],"7":[5,11],"8":[2,0],"9":[0,0],"10":[0,0],"11":[11,11],"12":[18,13],"13":[7,6],"14":[0,6],"15":[2,5],"16":[7,7],"17":[5,1],"18":[6,1],"19":[11,0],"20":[11,11],"21":[0,11],"22":[0,11],"23":[6,5],"24":[11,5],"25":[6,0],"26":[6,6],"27":[4,2],"28":[1,1],"29":[2,2],"30":[1,0],"31":[16,0],"32":[16,16],"33":[11,5],"34":[4,1],"35":[4,0],"36":[1,4],"37":[0,5],"38":[5,5],"39":[6,6],"40":[6,0],"41":[6,6],"42":[5,0],"43":[5,0],"44":[5,5],"45":[0,2],"46":[1,1],"47":[2,2],"48":[4,0],"49":[1,1],"50":[2,2],"51":[1,0],"52":[1,1],"53":[1,0],"54":[1,1],"55":[2,0],"56":[2,0],"57":[2,2],"58":[1,1],"59":[2,2],"60":[1,1],"61":[1,0],"62":[1,1],"63":[0,1],"64":[1,1],"65":[2,0],"66":[2,2],"67":[1,1],"68":[2,0],"69":[2,2],"70":[0,2],"71":[2,2],"72":[1,0]}}
,"/Users/chyax/editor-pro/src/features/formatting/block-navigation.ts": {"path":"/Users/chyax/editor-pro/src/features/formatting/block-navigation.ts","statementMap":{"0":{"start":{"line":3,"column":0},"end":{"line":3,"column":16}},"1":{"start":{"line":5,"column":4},"end":{"line":5,"column":53}},"2":{"start":{"line":5,"column":46},"end":{"line":5,"column":53}},"3":{"start":{"line":7,"column":19},"end":{"line":7,"column":37}},"4":{"start":{"line":8,"column":17},"end":{"line":8,"column":44}},"5":{"start":{"line":12,"column":4},"end":{"line":22,"column":5}},"6":{"start":{"line":14,"column":8},"end":{"line":14,"column":29}},"7":{"start":{"line":15,"column":8},"end":{"line":15,"column":30}},"8":{"start":{"line":19,"column":8},"end":{"line":19,"column":38}}},"fnMap":{"0":{"name":"handleBlockNavigation","decl":{"start":{"line":3,"column":16},"end":{"line":3,"column":37}},"loc":{"start":{"line":3,"column":72},"end":{"line":23,"column":1}}}},"branchMap":{"0":{"loc":{"start":{"line":5,"column":4},"end":{"line":5,"column":53}},"type":"if","locations":[{"start":{"line":5,"column":4},"end":{"line":5,"column":53}},{"start":{},"end":{}}]},"1":{"loc":{"start":{"line":5,"column":8},"end":{"line":5,"column":44}},"type":"binary-expr","locations":[{"start":{"line":5,"column":8},"end":{"line":5,"column":27}},{"start":{"line":5,"column":31},"end":{"line":5,"column":44}}]},"2":{"loc":{"start":{"line":12,"column":4},"end":{"line":22,"column":5}},"type":"if","locations":[{"start":{"line":12,"column":4},"end":{"line":22,"column":5}},{"start":{},"end":{}}]}},"s":{"0":1,"1":3,"2":1,"3":2,"4":2,"5":2,"6":1,"7":1,"8":1},"f":{"0":3},"b":{"0":[1,2],"1":[3,3],"2":[1,1]}}
,"/Users/chyax/editor-pro/src/features/formatting/smart-toggle.ts": {"path":"/Users/chyax/editor-pro/src/features/formatting/smart-toggle.ts","statementMap":{"0":{"start":{"line":10,"column":0},"end":{"line":10,"column":16}},"1":{"start":{"line":2,"column":0},"end":{"line":2,"column":107}},"2":{"start":{"line":11,"column":22},"end":{"line":11,"column":43}},"3":{"start":{"line":13,"column":4},"end":{"line":58,"column":5}},"4":{"start":{"line":15,"column":8},"end":{"line":20,"column":9}},"5":{"start":{"line":16,"column":30},"end":{"line":16,"column":62}},"6":{"start":{"line":17,"column":12},"end":{"line":17,"column":47}},"7":{"start":{"line":19,"column":12},"end":{"line":19,"column":68}},"8":{"start":{"line":23,"column":23},"end":{"line":23,"column":41}},"9":{"start":{"line":24,"column":21},"end":{"line":24,"column":48}},"10":{"start":{"line":27,"column":28},"end":{"line":27,"column":79}},"11":{"start":{"line":29,"column":8},"end":{"line":57,"column":9}},"12":{"start":{"line":31,"column":25},"end":{"line":31,"column":73}},"13":{"start":{"line":32,"column":30},"end":{"line":32,"column":57}},"14":{"start":{"line":33,"column":12},"end":{"line":37,"column":14}},"15":{"start":{"line":42,"column":30},"end":{"line":42,"column":64}},"16":{"start":{"line":43,"column":25},"end":{"line":43,"column":69}},"17":{"start":{"line":45,"column":12},"end":{"line":56,"column":13}},"18":{"start":{"line":47,"column":17},"end":{"line":51,"column":18}},"19":{"start":{"line":54,"column":16},"end":{"line":54,"column":75}},"20":{"start":{"line":55,"column":16},"end":{"line":55,"column":94}}},"fnMap":{"0":{"name":"smartToggle","decl":{"start":{"line":10,"column":16},"end":{"line":10,"column":27}},"loc":{"start":{"line":10,"column":64},"end":{"line":59,"column":1}}}},"branchMap":{"0":{"loc":{"start":{"line":13,"column":4},"end":{"line":58,"column":5}},"type":"if","locations":[{"start":{"line":13,"column":4},"end":{"line":58,"column":5}},{"start":{"line":21,"column":11},"end":{"line":58,"column":5}}]},"1":{"loc":{"start":{"line":15,"column":8},"end":{"line":20,"column":9}},"type":"if","locations":[{"start":{"line":15,"column":8},"end":{"line":20,"column":9}},{"start":{"line":18,"column":15},"end":{"line":20,"column":9}}]},"2":{"loc":{"start":{"line":29,"column":8},"end":{"line":57,"column":9}},"type":"if","locations":[{"start":{"line":29,"column":8},"end":{"line":57,"column":9}},{"start":{"line":39,"column":15},"end":{"line":57,"column":9}}]},"3":{"loc":{"start":{"line":45,"column":12},"end":{"line":56,"column":13}},"type":"if","locations":[{"start":{"line":45,"column":12},"end":{"line":56,"column":13}},{"start":{"line":52,"column":19},"end":{"line":56,"column":13}}]}},"s":{"0":1,"1":1,"2":7,"3":7,"4":2,"5":1,"6":1,"7":1,"8":5,"9":5,"10":5,"11":5,"12":2,"13":2,"14":2,"15":3,"16":3,"17":3,"18":2,"19":1,"20":1},"f":{"0":7},"b":{"0":[2,5],"1":[1,1],"2":[2,3],"3":[2,1]}}
[...]
6":{"start":{"line":142,"column":18},"end":{"line":142,"column":41}},"47":{"start":{"line":143,"column":16},"end":{"line":143,"column":34}},"48":{"start":{"line":144,"column":18},"end":{"line":144,"column":37}},"49":{"start":{"line":145,"column":20},"end":{"line":145,"column":41}},"50":{"start":{"line":147,"column":4},"end":{"line":149,"column":5}},"51":{"start":{"line":148,"column":8},"end":{"line":148,"column":41}},"52":{"start":{"line":150,"column":4},"end":{"line":152,"column":5}},"53":{"start":{"line":151,"column":8},"end":{"line":151,"column":37}},"54":{"start":{"line":153,"column":4},"end":{"line":155,"column":5}},"55":{"start":{"line":154,"column":8},"end":{"line":154,"column":61}},"56":{"start":{"line":157,"column":4},"end":{"line":157,"column":30}},"57":{"start":{"line":161,"column":24},"end":{"line":161,"column":46}},"58":{"start":{"line":162,"column":4},"end":{"line":162,"column":74}},"59":{"start":{"line":162,"column":61},"end":{"line":162,"column":74}},"60":{"start":{"line":164,"column":21},"end":{"line":164,"column":64}},"61":{"start":{"line":165,"column":19},"end":{"line":165,"column":69}},"62":{"start":{"line":167,"column":21},"end":{"line":167,"column":31}},"63":{"start":{"line":168,"column":4},"end":{"line":168,"column":52}},"64":{"start":{"line":169,"column":4},"end":{"line":169,"column":20}},"65":{"start":{"line":173,"column":17},"end":{"line":173,"column":39}},"66":{"start":{"line":174,"column":4},"end":{"line":174,"column":60}},"67":{"start":{"line":174,"column":47},"end":{"line":174,"column":60}},"68":{"start":{"line":178,"column":4},"end":{"line":178,"column":44}},"69":{"start":{"line":178,"column":31},"end":{"line":178,"column":44}},"70":{"start":{"line":179,"column":21},"end":{"line":179,"column":47}},"71":{"start":{"line":180,"column":4},"end":{"line":180,"column":67}},"72":{"start":{"line":180,"column":54},"end":{"line":180,"column":67}},"73":{"start":{"line":183,"column":4},"end":{"line":183,"column":43}},"74":{"start":{"line":183,"column":30},"end":{"line":183,"column":43}},"75":{"start":{"line":185,"column":21},"end":{"line":185,"column":31}},"76":{"start":{"line":186,"column":4},"end":{"line":186,"column":40}},"77":{"start":{"line":187,"column":4},"end":{"line":187,"column":20}}},"fnMap":{"0":{"name":"generateTable","decl":{"start":{"line":1,"column":16},"end":{"line":1,"column":29}},"loc":{"start":{"line":1,"column":64},"end":{"line":21,"column":1}}},"1":{"name":"generateMermaid","decl":{"start":{"line":23,"column":16},"end":{"line":23,"column":31}},"loc":{"start":{"line":23,"column":114},"end":{"line":72,"column":1}}},"2":{"name":"generateMath","decl":{"start":{"line":74,"column":16},"end":{"line":74,"column":28}},"loc":{"start":{"line":74,"column":28},"end":{"line":76,"column":1}}},"3":{"name":"generateDaily","decl":{"start":{"line":78,"column":16},"end":{"line":78,"column":29}},"loc":{"start":{"line":78,"column":29},"end":{"line":87,"column":1}}},"4":{"name":"generateWeekly","decl":{"start":{"line":89,"column":16},"end":{"line":89,"column":30}},"loc":{"start":{"line":89,"column":30},"end":{"line":105,"column":1}}},"5":{"name":"generateHTML","decl":{"start":{"line":107,"column":16},"end":{"line":107,"column":28}},"loc":{"start":{"line":107,"column":48},"end":{"line":109,"column":1}}},"6":{"name":"generateFencedCodeBlock","decl":{"start":{"line":111,"column":16},"end":{"line":111,"column":39}},"loc":{"start":{"line":111,"column":75},"end":{"line":119,"column":1}}},"7":{"name":"generateInfographicListRowSimpleHorizontalArrow","decl":{"start":{"line":121,"column":16},"end":{"line":121,"column":63}},"loc":{"start":{"line":121,"column":63},"end":{"line":134,"column":1}}},"8":{"name":"generateDate","decl":{"start":{"line":136,"column":16},"end":{"line":136,"column":28}},"loc":{"start":{"line":136,"column":80},"end":{"line":158,"column":1}}},"9":{"name":"(anonymous_9)","decl":{"start":{"line":139,"column":16},"end":{"line":139,"column":17}},"loc":{"start":{"line":139,"column":31},"end":{"line":139,"column":60}}},"10":{"name":"insertRow","decl":{"start":{"line":160,"column":16},"end":{"line":160,"column":25}},"loc":{"start":{"line":160,"column":66},"end":{"line":170,"column":1}}},"11":{"name":"deleteRow","decl":{"start":{"line":172,"column":16},"end":{"line":172,"column":25}},"loc":{"start":{"line":172,"column":66},"end":{"line":188,"column":1}}}},"branchMap":{"0":{"loc":{"start":{"line":1,"column":30},"end":{"line":1,"column":46}},"type":"default-arg","locations":[{"start":{"line":1,"column":45},"end":{"line":1,"column":46}}]},"1":{"loc":{"start":{"line":1,"column":48},"end":{"line":1,"column":64}},"type":"default-arg","locations":[{"start":{"line":1,"column":63},"end":{"line":1,"column":64}}]},"2":{"loc":{"start":{"line":23,"column":32},"end":{"line":23,"column":114}},"type":"default-arg","locations":[{"start":{"line":23,"column":103},"end":{"line":23,"column":114}}]},"3":{"loc":{"start":{"line":25,"column":4},"end":{"line":69,"column":5}},"type":"switch","locations":[{"start":{"line":26,"column":8},"end":{"line":31,"column":18}},{"start":{"line":32,"column":8},"end":{"line":38,"column":18}},{"start":{"line":39,"column":8},"end":{"line":52,"column":18}},{"start":{"line":53,"column":8},"end":{"line":60,"column":18}},{"start":{"line":61,"column":8},"end":{"line":66,"column":18}},{"start":{"line":67,"column":8},"end":{"line":68,"column":48}}]},"4":{"loc":{"start":{"line":107,"column":29},"end":{"line":107,"column":48}},"type":"default-arg","locations":[{"start":{"line":107,"column":43},"end":{"line":107,"column":48}}]},"5":{"loc":{"start":{"line":111,"column":58},"end":{"line":111,"column":75}},"type":"default-arg","locations":[{"start":{"line":111,"column":73},"end":{"line":111,"column":75}}]},"6":{"loc":{"start":{"line":114,"column":4},"end":{"line":116,"column":5}},"type":"if","locations":[{"start":{"line":114,"column":4},"end":{"line":116,"column":5}},{"start":{},"end":{}}]},"7":{"loc":{"start":{"line":147,"column":4},"end":{"line":149,"column":5}},"type":"if","locations":[{"start":{"line":147,"column":4},"end":{"line":149,"column":5}},{"start":{},"end":{}}]},"8":{"loc":{"start":{"line":150,"column":4},"end":{"line":152,"column":5}},"type":"if","locations":[{"start":{"line":150,"column":4},"end":{"line":152,"column":5}},{"start":{},"end":{}}]},"9":{"loc":{"start":{"line":153,"column":4},"end":{"line":155,"column":5}},"type":"if","locations":[{"start":{"line":153,"column":4},"end":{"line":155,"column":5}},{"start":{},"end":{}}]},"10":{"loc":{"start":{"line":162,"column":4},"end":{"line":162,"column":74}},"type":"if","locations":[{"start":{"line":162,"column":4},"end":{"line":162,"column":74}},{"start":{},"end":{}}]},"11":{"loc":{"start":{"line":162,"column":8},"end":{"line":162,"column":59}},"type":"binary-expr","locations":[{"start":{"line":162,"column":8},"end":{"line":162,"column":20}},{"start":{"line":162,"column":24},"end":{"line":162,"column":59}}]},"12":{"loc":{"start":{"line":164,"column":22},"end":{"line":164,"column":52}},"type":"binary-expr","locations":[{"start":{"line":164,"column":22},"end":{"line":164,"column":46}},{"start":{"line":164,"column":50},"end":{"line":164,"column":52}}]},"13":{"loc":{"start":{"line":174,"column":4},"end":{"line":174,"column":60}},"type":"if","locations":[{"start":{"line":174,"column":4},"end":{"line":174,"column":60}},{"start":{},"end":{}}]},"14":{"loc":{"start":{"line":174,"column":8},"end":{"line":174,"column":45}},"type":"binary-expr","locations":[{"start":{"line":174,"column":8},"end":{"line":174,"column":13}},{"start":{"line":174,"column":17},"end":{"line":174,"column":45}}]},"15":{"loc":{"start":{"line":178,"column":4},"end":{"line":178,"column":44}},"type":"if","locations":[{"start":{"line":178,"column":4},"end":{"line":178,"column":44}},{"start":{},"end":{}}]},"16":{"loc":{"start":{"line":180,"column":4},"end":{"line":180,"column":67}},"type":"if","locations":[{"start":{"line":180,"column":4},"end":{"line":180,"column":67}},{"start":{},"end":{}}]},"17":{"loc":{"start":{"line":180,"column":8},"end":{"line":180,"column":52}},"type":"binary-expr","locations":[{"start":{"line":180,"column":8},"end":{"line":180,"column":16}},{"start":{"line":180,"column":20},"end":{"line":180,"column":52}}]},"18":{"loc":{"start":{"line":183,"column":4},"end":{"line":183,"column":43}},"type":"if","locations":[{"start":{"line":183,"column":4},"end":{"line":183,"column":43}},{"start":{},"end":{}}]}},"s":{"0":5,"1":5,"2":5,"3":5,"4":5,"5":5,"6":5,"7":5,"8":5,"9":5,"10":5,"11":2,"12":2,"13":2,"14":2,"15":2,"16":5,"17":2,"18":2,"19":2,"20":1,"21":1,"22":1,"23":1,"24":0,"25":0,"26":0,"27":0,"28":0,"29":0,"30":0,"31":2,"32":0,"33":0,"34":0,"35":0,"36":0,"37":0,"38":0,"39":0,"40":0,"41":0,"42":9,"43":9,"44":36,"45":9,"46":9,"47":9,"48":9,"49":9,"50":9,"51":3,"52":6,"53":2,"54":4,"55":4,"56":0,"57":1,"58":1,"59":0,"60":1,"61":1,"62":1,"63":1,"64":1,"65":2,"66":2,"67":0,"68":2,"69":1,"70":1,"71":1,"72":0,"73":1,"74":0,"75":1,"76":1,"77":1},"f":{"0":2,"1":2,"2":0,"3":0,"4":0,"5":0,"6":0,"7":0,"8":9,"9":36,"10":1,"11":2},"b":{"0":[0],"1":[0],"2":[0],"3":[1,1,0,0,0,0],"4":[0],"5":[0],"6":[0,0],"7":[3,6],"8":[2,4],"9":[4,0],"10":[0,1],"11":[1,1],"12":[1,0],"13":[0,2],"14":[2,2],"15":[1,1],"16":[0,1],"17":[1,1],"18":[0,1]}}
,"/Users/chyax/editor-pro/src/utils/table-generators.ts": {"path":"/Users/chyax/editor-pro/src/utils/table-generators.ts","statementMap":{"0":{"start":{"line":7,"column":0},"end":{"line":7,"column":16}},"1":{"start":{"line":24,"column":0},"end":{"line":24,"column":16}},"2":{"start":{"line":28,"column":0},"end":{"line":28,"column":16}},"3":{"start":{"line":54,"column":0},"end":{"line":54,"column":16}},"4":{"start":{"line":66,"column":0},"end":{"line":66,"column":16}},"5":{"start":{"line":3,"column":33},"end":{"line":3,"column":51}},"6":{"start":{"line":5,"column":27},"end":{"line":5,"column":68}},"7":{"start":{"line":8,"column":19},"end":{"line":8,"column":29}},"8":{"start":{"line":11,"column":4},"end":{"line":11,"column":67}},"9":{"start":{"line":14,"column":4},"end":{"line":14,"column":67}},"10":{"start":{"line":14,"column":34},"end":{"line":14,"column":67}},"11":{"start":{"line":15,"column":4},"end":{"line":15,"column":86}},"12":{"start":{"line":15,"column":32},"end":{"line":15,"column":86}},"13":{"start":{"line":18,"column":18},"end":{"line":18,"column":37}},"14":{"start":{"line":21,"column":4},"end":{"line":21,"column":64}},"15":{"start":{"line":21,"column":26},"end":{"line":21,"column":62}},"16":{"start":{"line":25,"column":4},"end":{"line":25,"column":62}},"17":{"start":{"line":25,"column":33},"end":{"line":25,"column":41}},"18":{"start":{"line":29,"column":4},"end":{"line":51,"column":7}},"19":{"start":{"line":30,"column":8},"end":{"line":30,"column":52}},"20":{"start":{"line":30,"column":41},"end":{"line":30,"column":52}},"21":{"start":{"line":32,"column":22},"end":{"line":32,"column":40}},"22":{"start":{"line":33,"column":23},"end":{"line":33,"column":64}},"23":{"start":{"line":36,"column":8},"end":{"line":36,"column":39}},"24":{"start":{"line":36,"column":26},"end":{"line":36,"column":39}},"25":{"start":{"line":38,"column":22},"end":{"line":38,"column":24}},"26":{"start":{"line":39,"column":8},"end":{"line":41,"column":9}},"27":{"start":{"line":40,"column":12},"end":{"line":40,"column":28}},"28":{"start":{"line":44,"column":8},"end":{"line":48,"column":9}},"29":{"start":{"line":45,"column":13},"end":{"line":45,"column":33}},"30":{"start":{"line":47,"column":13},"end":{"line":47,"column":48}},"31":{"start":{"line":50,"column":8},"end":{"line":50,"column":35}},"32":{"start":{"line":55,"column":4},"end":{"line":63,"column":7}},"33":{"start":{"line":56,"column":8},"end":{"line":56,"column":52}},"34":{"start":{"line":56,"column":41},"end":{"line":56,"column":52}},"35":{"start":{"line":58,"column":22},"end":{"line":58,"column":40}},"36":{"start":{"line":59,"column":8},"end":{"line":61,"column":9}},"37":{"start":{"line":60,"column":12},"end":{"line":60,"column":38}},"38":{"start":{"line":62,"column":8},"end":{"line":62,"column":35}},"39":{"start":{"line":67,"column":4},"end":{"line":87,"column":7}},"40":{"start":{"line":68,"column":8},"end":{"line":68,"column":45}},"41":{"start":{"line":68,"column":34},"end":{"line":68,"column":45}},"42":{"start":{"line":70,"column":22},"end":{"line":70,"column":40}},"43":{"start":{"line":71,"column":8},"end":{"line":71,"column":65}},"44":{"start":{"line":71,"column":54},"end":{"line":71,"column":65}},"45":{"start":{"line":73,"column":19},"end":{"line":73,"column":34}},"46":{"start":{"line":74,"column":8},"end":{"line":74,"column":43}},"47":{"start":{"line":74,"column":32},"end":{"line":74,"column":43}},"48":{"start":{"line":75,"column":8},"end":{"line":75,"column":27}},"49":{"start":{"line":77,"column":8},"end":{"line":77,"column":44}},"50":{"start":{"line":79,"column":8},"end":{"line":79,"column":42}},"51":{"start":{"line":79,"column":29},"end":{"line":79,"column":42}},"52":{"start":{"line":81,"column":8},"end":{"line":81,"column":48}},"53":{"start":{"line":81,"column":30},"end":{"line":81,"column":48}},"54":{"start":{"line":82,"column":8},"end":{"line":82,"column":49}},"55":{"start":{"line":82,"column":31},"end":{"line":82,"column":49}},"56":{"start":{"line":83,"column":8},"end":{"line":83,"column":56}},"57":{"start":{"line":83,"column":32},"end":{"line":83,"column":56}},"58":{"start":{"line":85,"column":8},"end":{"line":85,"column":31}},"59":{"start":{"line":86,"column":8},"end":{"line":86,"column":35}},"60":{"start":{"line":91,"column":20},"end":{"line":91,"column":30}},"61":{"start":{"line":92,"column":4},"end":{"line":92,"column":70}}},"fnMap":{"0":{"name":"splitTableRow","decl":{"start":{"line":7,"column":16},"end":{"line":7,"column":29}},"loc":{"start":{"line":7,"column":41},"end":{"line":22,"column":1}}},"1":{"name":"(anonymous_1)","decl":{"start":{"line":21,"column":21},"end":{"line":21,"column":22}},"loc":{"start":{"line":21,"column":26},"end":{"line":21,"column":62}}},"2":{"name":"joinTableRow","decl":{"start":{"line":24,"column":16},"end":{"line":24,"column":28}},"loc":{"start":{"line":24,"column":44},"end":{"line":26,"column":1}}},"3":{"name":"(anonymous_3)","decl":{"start":{"line":25,"column":28},"end":{"line":25,"column":29}},"loc":{"start":{"line":25,"column":33},"end":{"line":25,"column":41}}},"4":{"name":"insertColumn","decl":{"start":{"line":28,"column":16},"end":{"line":28,"column":28}},"loc":{"start":{"line":28,"column":85},"end":{"line":52,"column":1}}},"5":{"name":"(anonymous_5)","decl":{"start":{"line":29,"column":20},"end":{"line":29,"column":21}},"loc":{"start":{"line":29,"column":28},"end":{"line":51,"column":5}}},"6":{"name":"deleteColumn","decl":{"start":{"line":54,"column":16},"end":{"line":54,"column":28}},"loc":{"start":{"line":54,"column":61},"end":{"line":64,"column":1}}},"7":{"name":"(anonymous_7)","decl":{"start":{"line":55,"column":20},"end":{"line":55,"column":23}},"loc":{"start":{"line":55,"column":26},"end":{"line":63,"column":5}}},"8":{"name":"setColumnAlign","decl":{"start":{"line":66,"column":16},"end":{"line":66,"column":30}},"loc":{"start":{"line":66,"column":99},"end":{"line":88,"column":1}}},"9":{"name":"(anonymous_9)","decl":{"start":{"line":67,"column":20},"end":{"line":67,"column":21}},"loc":{"start":{"line":67,"column":28},"end":{"line":87,"column":5}}},"10":{"name":"isSeparatorRow","decl":{"start":{"line":90,"column":9},"end":{"line":90,"column":23}},"loc":{"start":{"line":90,"column":35},"end":{"line":93,"column":1}}}},"branchMap":{"0":{"loc":{"start":{"line":14,"column":4},"end":{"line":14,"column":67}},"type":"if","locations":[{"start":{"line":14,"column":4},"end":{"line":14,"column":67}},{"start":{},"end":{}}]},"1":{"loc":{"start":{"line":15,"column":4},"end":{"line":15,"column":86}},"type":"if","locations":[{"start":{"line":15,"column":4},"end":{"line":15,"column":86}},{"start":{},"end":{}}]},"2":{"loc":{"start":{"line":30,"column":8},"end":{"line":30,"column":52}},"type":"if","locations":[{"start":{"line":30,"column":8},"end":{"line":30,"column":52}},{"start":{},"end":{}}]},"3":{"loc":{"start":{"line":33,"column":23},"end":{"line":33,"column":64}},"type":"cond-expr","locations":[{"start":{"line":33,"column":41},"end":{"line":33,"column":49}},{"start":{"line":33,"column":52},"end":{"line":33,"column":64}}]},"4":{"loc":{"start":{"line":36,"column":8},"end":{"line":36,"column":39}},"type":"if","locations":[{"start":{"line":36,"column":8},"end":{"line":36,"column":39}},{"start":{},"end":{}}]},"5":{"loc":{"start":{"line":39,"column":8},"end":{"line":41,"column":9}},"type":"if","locations":[{"start":{"line":39,"column":8},"end":{"line":41,"column":9}},{"start":{},"end":{}}]},"6":{"loc":{"start":{"line":44,"column":8},"end":{"line":48,"column":9}},"type":"if","locations":[{"start":{"line":44,"column":8},"end":{"line":48,"column":9}},{"start":{"line":46,"column":15},"end":{"line":48,"column":9}}]},"7":{"loc":{"start":{"line":56,"column":8},"end":{"line":56,"column":52}},"type":"if","locations":[{"start":{"line":56,"column":8},"end":{"line":56,"column":52}},{"start":{},"end":{}}]},"8":{"loc":{"start":{"line":59,"column":8},"end":{"line":61,"column":9}},"type":"if","locations":[{"start":{"line":59,"column":8},"end":{"line":61,"column":9}},{"start":{},"end":{}}]},"9":{"loc":{"start":{"line":59,"column":12},"end":{"line":59,"column":52}},"type":"binary-expr","locations":[{"start":{"line":59,"column":12},"end":{"line":59,"column":25}},{"start":{"line":59,"column":29},"end":{"line":59,"column":52}}]},"10":{"loc":{"start":{"line":68,"column":8},"end":{"line":68,"column":45}},"type":"if","locations":[{"start":{"line":68,"column":8},"end":{"line":68,"column":45}},{"start":{},"end":{}}]},"11":{"loc":{"start":{"line":71,"column":8},"end":{"line":71,"column":65}},"type":"if","locations":[{"start":{"line":71,"column":8},"end":{"line":71,"column":65}},{"start":{},"end":{}}]},"12":{"loc":{"start":{"line":71,"column":12},"end":{"line":71,"column":52}},"type":"binary-expr","locations":[{"start":{"line":71,"column":12},"end":{"line":71,"column":24}},{"start":{"line":71,"column":28},"end":{"line":71,"column":52}}]},"13":{"loc":{"start":{"line":74,"column":8},"end":{"line":74,"column":43}},"type":"if","locations":[{"start":{"line":74,"column":8},"end":{"line":74,"column":43}},{"start":{},"end":{}}]},"14":{"loc":{"start":{"line":79,"column":8},"end":{"line":79,"column":42}},"type":"if","locations":[{"start":{"line":79,"column":8},"end":{"line":79,"column":42}},{"start":{},"end":{}}]},"15":{"loc":{"start":{"line":81,"column":8},"end":{"line":81,"column":48}},"type":"if","locations":[{"start":{"line":81,"column":8},"end":{"line":81,"column":48}},{"start":{},"end":{}}]},"16":{"loc":{"start":{"line":82,"column":8},"end":{"line":82,"column":49}},"type":"if","locations":[{"start":{"line":82,"column":8},"end":{"line":82,"column":49}},{"start":{},"end":{}}]},"17":{"loc":{"start":{"line":83,"column":8},"end":{"line":83,"column":56}},"type":"if","locations":[{"start":{"line":83,"column":8},"end":{"line":83,"column":56}},{"start":{},"end":{}}]},"18":{"loc":{"start":{"line":92,"column":11},"end":{"line":92,"column":69}},"type":"binary-expr","locations":[{"start":{"line":92,"column":11},"end":{"line":92,"column":44}},{"start":{"line":92,"column":48},"end":{"line":92,"column":69}}]}},"s":{"0":1,"1":1,"2":1,"3":1,"4":1,"5":1,"6":1,"7":12,"8":12,"9":12,"10":12,"11":12,"12":12,"13":12,"14":12,"15":27,"16":12,"17":24,"18":1,"19":3,"20":0,"21":3,"22":3,"23":3,"24":0,"25":3,"26":3,"27":1,"28":3,"29":0,"30":3,"31":3,"32":2,"33":6,"34":0,"35":6,"36":6,"37":6,"38":6,"39":3,"40":6,"41":3,"42":3,"43":3,"44":0,"45":3,"46":3,"47":0,"48":3,"49":3,"50":3,"51":0,"52":3,"53":1,"54":3,"55":1,"56":3,"57":1,"58":3,"59":3,"60":9,"61":9},"f":{"0":12,"1":27,"2":12,"3":24,"4":1,"5":3,"6":2,"7":6,"8":3,"9":6,"10":9},"b":{"0":[12,0],"1":[12,0],"2":[0,3],"3":[0,3],"4":[0,3],"5":[1,2],"6":[0,3],"7":[0,6],"8":[6,0],"9":[6,6],"10":[3,3],"11":[0,3],"12":[3,3],"13":[0,3],"14":[0,3],"15":[1,2],"16":[1,2],"17":[1,2],"18":[9,4]}}
}
