TN:
SF:src/features/callout/wrap-callout.ts
FN:9,wrapWithCallout
FN:34,(anonymous_1)
FN:46,wrapWithQuote
FN:54,(anonymous_3)
FN:59,wrapWithCodeBlock
FNF:5
FNH:5
FNDA:3,wrapWithCallout
FNDA:4,(anonymous_1)
FNDA:1,wrapWithQuote
FNDA:2,(anonymous_3)
FNDA:2,wrapWithCodeBlock
DA:9,1
DA:10,3
DA:11,3
DA:12,3
DA:14,3
DA:15,1
DA:16,1
DA:17,1
DA:23,3
DA:24,3
DA:25,3
DA:28,3
DA:29,3
DA:30,0
DA:31,0
DA:34,4
DA:35,3
DA:37,3
DA:39,3
DA:40,1
DA:42,2
DA:46,1
DA:47,1
DA:48,1
DA:49,0
DA:50,0
DA:51,0
DA:53,1
DA:54,2
DA:55,1
DA:59,1
DA:60,2
DA:61,2
DA:62,1
DA:63,1
DA:65,1
DA:66,0
DA:67,0
DA:69,0
DA:72,1
DA:73,1
DA:76,1
DA:77,1
LF:43
LH:35
BRDA:14,0,0,1
BRDA:14,0,1,2
BRDA:24,1,0,3
BRDA:24,1,1,2
BRDA:29,2,0,0
BRDA:29,2,1,3
BRDA:29,3,0,3
BRDA:29,3,1,2
BRDA:29,3,2,0
BRDA:29,3,3,0
BRDA:29,3,4,0
BRDA:35,4,0,1
BRDA:35,4,1,2
BRDA:35,5,0,0
BRDA:35,5,1,2
BRDA:39,6,0,1
BRDA:39,6,1,2
BRDA:48,7,0,0
BRDA:48,7,1,1
BRDA:59,8,0,0
BRDA:61,9,0,1
BRDA:61,9,1,1
BRDA:65,10,0,0
BRDA:65,10,1,1
BRF:24
BRH:16
end_of_record
TN:
SF:src/features/editing/inline-calc.ts
FN:9,tokenize
FN:14,(anonymous_1)
FN:66,precedence
FN:79,isRightAssociative
FN:83,toRpn
FN:134,evalRpn
FN:168,evaluateArithmeticExpression
FN:178,inlineCalcReplaceSelection
FNF:8
FNH:6
FNDA:9,tokenize
FNDA:7,(anonymous_1)
FNDA:2,precedence
FNDA:0,isRightAssociative
FNDA:7,toRpn
FNDA:7,evalRpn
FNDA:9,evaluateArithmeticExpression
FNDA:0,inlineCalcReplaceSelection
DA:1,1
DA:10,9
DA:11,9
DA:12,9
DA:14,9
DA:16,9
DA:17,25
DA:18,25
DA:19,0
DA:20,0
DA:22,25
DA:23,2
DA:24,2
DA:25,2
DA:27,23
DA:28,2
DA:29,2
DA:30,2
DA:32,21
DA:33,7
DA:34,7
DA:35,7
DA:37,14
DA:39,3
DA:40,3
DA:41,3
DA:43,3
DA:44,3
DA:45,3
DA:46,3
DA:47,2
DA:48,2
DA:49,2
DA:51,0
DA:52,0
DA:53,0
DA:55,11
DA:56,11
DA:57,10
DA:58,10
DA:59,10
DA:61,1
DA:63,7
DA:67,2
DA:69,0
DA:72,1
DA:75,1
DA:80,0
DA:84,7
DA:85,7
DA:87,7
DA:88,23
DA:89,12
DA:90,12
DA:92,11
DA:93,7
DA:94,2
DA:95,2
DA:96,2
DA:98,1
DA:99,1
DA:100,1
DA:101,0
DA:102,1
DA:104,7
DA:105,7
DA:107,4
DA:108,2
DA:109,2
DA:111,2
DA:112,2
DA:113,2
DA:114,3
DA:115,3
DA:116,2
DA:117,2
DA:119,1
DA:121,2
DA:125,7
DA:126,6
DA:127,6
DA:128,6
DA:131,7
DA:135,7
DA:136,7
DA:137,19
DA:138,12
DA:139,12
DA:141,7
DA:142,7
DA:143,7
DA:144,7
DA:145,6
DA:147,2
DA:148,2
DA:150,0
DA:151,0
DA:153,3
DA:154,3
DA:156,0
DA:157,0
DA:158,0
DA:160,1
DA:161,1
DA:165,6
DA:168,1
DA:169,9
DA:170,9
DA:171,7
DA:172,7
DA:173,7
DA:174,7
DA:175,5
DA:178,1
DA:179,0
DA:180,0
DA:181,0
DA:183,0
DA:184,0
DA:185,0
DA:186,0
DA:187,0
DA:189,0
LF:123
LH:101
BRDA:18,0,0,0
BRDA:18,0,1,25
BRDA:18,1,0,25
BRDA:18,1,1,25
BRDA:22,2,0,2
BRDA:22,2,1,23
BRDA:27,3,0,2
BRDA:27,3,1,21
BRDA:32,4,0,7
BRDA:32,4,1,14
BRDA:32,5,0,21
BRDA:32,5,1,18
BRDA:32,5,2,15
BRDA:32,5,3,15
BRDA:37,6,0,3
BRDA:37,6,1,11
BRDA:40,7,0,3
BRDA:40,7,1,1
BRDA:40,7,2,0
BRDA:41,8,0,3
BRDA:41,8,1,0
BRDA:44,9,0,3
BRDA:44,9,1,3
BRDA:44,9,2,3
BRDA:46,10,0,1
BRDA:46,10,1,2
BRDA:56,11,0,10
BRDA:56,11,1,1
BRDA:67,12,0,0
BRDA:67,12,1,1
BRDA:67,12,2,1
BRDA:67,12,3,1
BRDA:67,12,4,1
BRDA:88,13,0,12
BRDA:88,13,1,11
BRDA:92,14,0,7
BRDA:92,14,1,4
BRDA:95,15,0,0
BRDA:95,15,1,2
BRDA:96,16,0,1
BRDA:96,16,1,1
BRDA:100,17,0,0
BRDA:100,17,1,1
BRDA:100,18,0,1
BRDA:100,18,1,1
BRDA:100,18,2,0
BRDA:107,19,0,2
BRDA:107,19,1,2
BRDA:111,20,0,2
BRDA:111,20,1,0
BRDA:115,21,0,2
BRDA:115,21,1,1
BRDA:121,22,0,0
BRDA:121,22,1,2
BRDA:127,23,0,0
BRDA:127,23,1,6
BRDA:127,24,0,6
BRDA:127,24,1,6
BRDA:137,25,0,12
BRDA:137,25,1,7
BRDA:141,26,0,7
BRDA:141,26,1,0
BRDA:144,27,0,1
BRDA:144,27,1,6
BRDA:144,28,0,7
BRDA:144,28,1,6
BRDA:145,29,0,2
BRDA:145,29,1,0
BRDA:145,29,2,3
BRDA:145,29,3,0
BRDA:145,29,4,1
BRDA:156,30,0,0
BRDA:156,30,1,0
BRDA:165,31,0,5
BRDA:165,31,1,1
BRDA:165,32,0,5
BRDA:165,32,1,0
BRDA:165,33,0,5
BRDA:165,33,1,5
BRDA:170,34,0,2
BRDA:170,34,1,7
BRDA:172,35,0,0
BRDA:172,35,1,7
BRDA:174,36,0,2
BRDA:174,36,1,5
BRDA:174,37,0,7
BRDA:174,37,1,5
BRDA:179,38,0,0
BRDA:179,38,1,0
BRDA:185,39,0,0
BRDA:185,39,1,0
BRF:91
BRH:70
end_of_record
TN:
SF:src/features/editing/smart-link-title.ts
FN:3,isHttpUrl
FN:10,extractTitleFromClipboardHtml
FN:37,sanitizeLinkTitle
FN:41,fetchPageTitle
FNF:4
FNH:2
FNDA:4,isHttpUrl
FNDA:2,extractTitleFromClipboardHtml
FNDA:0,sanitizeLinkTitle
FNDA:0,fetchPageTitle
DA:1,1
DA:3,1
DA:4,4
DA:5,4
DA:6,4
DA:7,3
DA:10,1
DA:11,2
DA:12,2
DA:13,2
DA:15,1
DA:16,1
DA:17,1
DA:18,1
DA:19,1
DA:20,1
DA:24,1
DA:25,1
DA:26,1
DA:27,1
DA:28,1
DA:31,0
DA:33,0
DA:37,1
DA:38,0
DA:41,1
DA:42,0
DA:43,0
DA:44,0
DA:45,0
DA:46,0
DA:47,0
DA:48,0
DA:49,0
DA:56,0
DA:57,0
DA:59,0
LF:37
LH:23
BRDA:5,0,0,0
BRDA:5,0,1,4
BRDA:6,1,0,1
BRDA:6,1,1,3
BRDA:13,2,0,1
BRDA:13,2,1,1
BRDA:16,3,0,1
BRDA:16,3,1,0
BRDA:16,4,0,1
BRDA:16,4,1,1
BRDA:16,5,0,0
BRDA:16,5,1,1
BRDA:16,6,0,1
BRDA:16,6,1,1
BRDA:17,7,0,1
BRDA:17,7,1,0
BRDA:17,8,0,1
BRDA:17,8,1,1
BRDA:18,9,0,1
BRDA:18,9,1,0
BRDA:18,10,0,1
BRDA:18,10,1,1
BRDA:20,11,0,1
BRDA:20,11,1,0
BRDA:25,12,0,1
BRDA:25,12,1,0
BRDA:26,13,0,1
BRDA:26,13,1,0
BRDA:26,14,0,1
BRDA:26,14,1,1
BRDA:28,15,0,1
BRDA:28,15,1,0
BRDA:44,16,0,0
BRDA:44,16,1,0
BRDA:44,17,0,0
BRDA:44,17,1,0
BRDA:46,18,0,0
BRDA:46,18,1,0
BRDA:47,19,0,0
BRDA:47,19,1,0
BRDA:47,20,0,0
BRDA:47,20,1,0
BRDA:57,21,0,0
BRDA:57,21,1,0
BRF:44
BRH:23
end_of_record
TN:
SF:src/features/editing/smart-paste-url.ts
FN:3,isLikelyUrl
FN:10,escapeMarkdownLinkLabel
FN:11,(anonymous_2)
FN:20,smartPasteUrlIntoSelection
FNF:4
FNH:4
FNDA:4,isLikelyUrl
FNDA:2,escapeMarkdownLinkLabel
FNDA:2,(anonymous_2)
FNDA:4,smartPasteUrlIntoSelection
DA:4,4
DA:5,4
DA:6,4
DA:7,4
DA:11,2
DA:20,1
DA:21,4
DA:22,4
DA:24,3
DA:25,3
DA:26,2
DA:28,2
DA:29,2
DA:30,2
LF:14
LH:14
BRDA:5,0,0,0
BRDA:5,0,1,4
BRDA:6,1,0,0
BRDA:6,1,1,4
BRDA:22,2,0,1
BRDA:22,2,1,3
BRDA:25,3,0,1
BRDA:25,3,1,2
BRDA:26,4,0,0
BRDA:26,4,1,2
BRF:10
BRH:7
end_of_record
TN:
SF:src/features/flow-board/flow-parser.ts
FN:21,hash
FN:31,getHeading
FN:37,chooseColumnHeadingLevel
FN:51,isFence
FN:56,leadingSpaces
FN:62,isListItem
FN:70,stripListMarker
FN:77,trimTrailingBlank
FN:91,extractCards
FN:134,parseMarkdownToFlowBoard
FN:149,(anonymous_10)
FN:181,(anonymous_11)
FN:211,buildMarkdownFromFlowBoard
FN:224,(anonymous_13)
FN:240,(anonymous_14)
FNF:15
FNH:15
FNDA:5,hash
FNDA:32,getHeading
FNDA:2,chooseColumnHeadingLevel
FNDA:11,isFence
FNDA:14,leadingSpaces
FNDA:13,isListItem
FNDA:5,stripListMarker
FNDA:7,trimTrailingBlank
FNDA:5,extractCards
FNDA:2,parseMarkdownToFlowBoard
FNDA:5,(anonymous_10)
FNDA:5,(anonymous_11)
FNDA:1,buildMarkdownFromFlowBoard
FNDA:1,(anonymous_13)
FNDA:2,(anonymous_14)
DA:22,5
DA:23,5
DA:24,5
DA:25,56
DA:26,56
DA:28,5
DA:32,32
DA:33,32
DA:34,10
DA:38,2
DA:39,2
DA:40,16
DA:41,16
DA:43,2
DA:44,0
DA:46,0
DA:47,0
DA:48,0
DA:52,11
DA:53,11
DA:57,14
DA:58,14
DA:59,14
DA:63,13
DA:64,13
DA:65,13
DA:66,6
DA:67,6
DA:71,5
DA:78,7
DA:79,5
DA:80,5
DA:81,6
DA:82,6
DA:83,5
DA:85,1
DA:88,5
DA:92,5
DA:93,5
DA:95,5
DA:96,5
DA:97,11
DA:98,11
DA:99,0
DA:100,0
DA:101,0
DA:103,11
DA:104,0
DA:105,0
DA:108,11
DA:109,11
DA:110,6
DA:111,6
DA:114,5
DA:115,5
DA:116,6
DA:117,6
DA:118,2
DA:119,2
DA:120,1
DA:121,1
DA:122,1
DA:124,0
DA:127,5
DA:128,5
DA:131,5
DA:134,1
DA:135,2
DA:136,2
DA:138,2
DA:139,2
DA:140,16
DA:141,16
DA:142,5
DA:145,2
DA:146,2
DA:147,2
DA:149,2
DA:150,5
DA:151,5
DA:153,5
DA:154,5
DA:155,0
DA:161,0
DA:164,5
DA:165,5
DA:166,6
DA:168,5
DA:169,5
DA:170,12
DA:171,6
DA:174,5
DA:181,5
DA:182,5
DA:183,5
DA:184,5
DA:185,5
DA:186,5
DA:190,2
DA:191,0
DA:192,0
DA:196,2
DA:197,1
DA:200,2
DA:201,4
DA:202,4
DA:203,4
DA:204,4
DA:205,4
DA:208,2
DA:211,1
DA:216,1
DA:217,1
DA:218,1
DA:219,2
DA:220,2
DA:221,2
DA:223,1
DA:224,1
DA:225,1
DA:228,1
DA:230,1
DA:231,2
DA:232,2
DA:235,2
DA:237,2
DA:238,2
DA:239,1
DA:240,1
DA:241,2
DA:242,2
DA:243,2
DA:248,2
DA:251,1
DA:252,1
DA:253,1
LF:136
LH:122
BRDA:22,0,0,0
BRDA:22,0,1,5
BRDA:22,1,0,5
BRDA:22,1,1,5
BRDA:33,2,0,22
BRDA:33,2,1,10
BRDA:34,3,0,10
BRDA:34,3,1,0
BRDA:34,4,0,10
BRDA:34,4,1,10
BRDA:34,5,0,10
BRDA:34,5,1,0
BRDA:34,6,0,10
BRDA:34,6,1,10
BRDA:41,7,0,5
BRDA:41,7,1,11
BRDA:43,8,0,2
BRDA:43,8,1,0
BRDA:44,9,0,0
BRDA:44,9,1,0
BRDA:48,10,0,0
BRDA:48,10,1,0
BRDA:53,11,0,11
BRDA:53,11,1,11
BRDA:58,12,0,18
BRDA:58,12,1,13
BRDA:65,13,0,7
BRDA:65,13,1,6
BRDA:66,14,0,0
BRDA:66,14,1,6
BRDA:78,15,0,2
BRDA:78,15,1,5
BRDA:78,16,0,7
BRDA:78,16,1,7
BRDA:82,17,0,5
BRDA:82,17,1,1
BRDA:82,18,0,6
BRDA:82,18,1,1
BRDA:97,19,0,11
BRDA:97,19,1,0
BRDA:97,20,0,11
BRDA:97,20,1,11
BRDA:98,21,0,0
BRDA:98,21,1,11
BRDA:103,22,0,0
BRDA:103,22,1,11
BRDA:109,23,0,6
BRDA:109,23,1,5
BRDA:109,24,0,11
BRDA:109,24,1,5
BRDA:116,25,0,6
BRDA:116,25,1,0
BRDA:116,26,0,6
BRDA:116,26,1,6
BRDA:117,27,0,4
BRDA:117,27,1,2
BRDA:119,28,0,1
BRDA:119,28,1,1
BRDA:119,29,0,2
BRDA:119,29,1,2
BRDA:120,30,0,1
BRDA:120,30,1,0
BRDA:140,31,0,16
BRDA:140,31,1,0
BRDA:140,32,0,16
BRDA:140,32,1,16
BRDA:141,33,0,11
BRDA:141,33,1,5
BRDA:142,34,0,4
BRDA:142,34,1,1
BRDA:142,35,0,4
BRDA:142,35,1,0
BRDA:153,36,0,1
BRDA:153,36,1,4
BRDA:154,37,0,0
BRDA:154,37,1,5
BRDA:154,38,0,5
BRDA:154,38,1,5
BRDA:170,39,0,6
BRDA:170,39,1,6
BRDA:171,40,0,6
BRDA:171,40,1,0
BRDA:171,41,0,6
BRDA:171,41,1,6
BRDA:184,42,0,5
BRDA:184,42,1,0
BRDA:184,43,0,5
BRDA:184,43,1,0
BRDA:184,44,0,5
BRDA:184,44,1,5
BRDA:190,45,0,0
BRDA:190,45,1,2
BRDA:196,46,0,1
BRDA:196,46,1,1
BRDA:204,47,0,2
BRDA:204,47,1,2
BRDA:205,48,0,4
BRDA:205,48,1,0
BRDA:219,49,0,1
BRDA:219,49,1,1
BRDA:219,50,0,2
BRDA:219,50,1,2
BRDA:224,51,0,1
BRDA:224,51,1,0
BRDA:224,52,0,1
BRDA:224,52,1,1
BRDA:224,53,0,1
BRDA:224,53,1,0
BRDA:224,54,0,1
BRDA:224,54,1,1
BRDA:231,55,0,2
BRDA:231,55,1,0
BRDA:232,56,0,2
BRDA:232,56,1,0
BRDA:232,57,0,2
BRDA:232,57,1,2
BRDA:237,58,0,1
BRDA:237,58,1,1
BRDA:237,59,0,2
BRDA:237,59,1,2
BRDA:238,60,0,1
BRDA:238,60,1,1
BRDA:239,61,0,1
BRDA:239,61,1,0
BRDA:239,62,0,1
BRDA:239,62,1,1
BRDA:239,63,0,0
BRDA:239,63,1,1
BRDA:239,64,0,1
BRDA:239,64,1,1
BRDA:241,65,0,2
BRDA:241,65,1,0
BRDA:241,66,0,2
BRDA:241,66,1,2
BRDA:243,67,0,1
BRDA:243,67,1,1
BRDA:248,68,0,2
BRDA:248,68,1,0
BRDA:248,69,0,2
BRDA:248,69,1,2
BRDA:248,70,0,0
BRDA:248,70,1,2
BRDA:248,71,0,2
BRDA:248,71,1,2
BRDA:252,72,0,1
BRDA:252,72,1,0
BRF:146
BRH:114
end_of_record
TN:
SF:src/features/formatting/block-navigation.ts
FN:3,handleBlockNavigation
FNF:1
FNH:1
FNDA:3,handleBlockNavigation
DA:3,1
DA:5,3
DA:7,2
DA:8,2
DA:12,2
DA:14,1
DA:15,1
DA:19,1
LF:8
LH:8
BRDA:5,0,0,1
BRDA:5,0,1,2
BRDA:5,1,0,3
BRDA:5,1,1,3
BRDA:12,2,0,1
BRDA:12,2,1,1
BRF:6
BRH:6
end_of_record
TN:
SF:src/features/formatting/smart-toggle.ts
FN:10,smartToggle
FNF:1
FNH:1
FNDA:7,smartToggle
DA:2,1
DA:10,1
DA:11,7
DA:13,7
DA:15,2
DA:16,1
DA:17,1
DA:19,1
DA:23,5
DA:24,5
DA:27,5
DA:29,5
DA:31,2
DA:32,2
DA:33,2
DA:42,3
DA:43,3
DA:45,3
DA:47,2
DA:54,1
DA:55,1
LF:21
LH:21
BRDA:13,0,0,2
BRDA:13,0,1,5
BRDA:15,1,0,1
BRDA:15,1,1,1
BRDA:29,2,0,2
BRDA:29,2,1,3
BRDA:45,3,0,2
BRDA:45,3,1,1
BRF:8
BRH:8
end_of_record
TN:
SF:src/features/formatting/task-toggle.ts
FN:8,toggleTask
FNF:1
FNH:1
FNDA:6,toggleTask
DA:4,1
DA:5,1
DA:6,1
DA:8,1
DA:9,6
DA:10,6
DA:11,6
DA:23,6
DA:25,6
DA:26,3
DA:27,3
DA:28,3
DA:30,3
DA:32,1
DA:33,2
DA:35,1
DA:38,1
DA:40,3
DA:43,3
DA:44,3
DA:46,1
DA:47,1
DA:48,1
DA:49,1
DA:54,2
DA:55,2
DA:56,2
DA:58,2
LF:28
LH:28
BRDA:25,0,0,3
BRDA:25,0,1,3
BRDA:30,1,0,1
BRDA:30,1,1,2
BRDA:33,2,0,1
BRDA:33,2,1,1
BRDA:44,3,0,1
BRDA:44,3,1,2
BRDA:55,4,0,2
BRDA:55,4,1,0
BRDA:56,5,0,2
BRDA:56,5,1,0
BRF:12
BRH:10
end_of_record
TN:
SF:src/features/kanban/archive.ts
FN:1,archiveCompletedTasks
FNF:1
FNH:1
FNDA:2,archiveCompletedTasks
DA:1,1
DA:2,2
DA:3,2
DA:4,2
DA:5,2
DA:13,2
DA:14,2
DA:16,2
DA:17,14
DA:18,14
DA:20,8
DA:21,1
DA:22,1
DA:23,1
DA:24,1
DA:27,7
DA:28,1
DA:29,1
DA:33,6
DA:34,3
DA:36,3
DA:40,2
DA:43,2
DA:48,1
DA:51,1
DA:52,1
DA:53,1
DA:56,2
LF:28
LH:28
BRDA:18,0,0,6
BRDA:18,0,1,8
BRDA:20,1,0,1
BRDA:20,1,1,7
BRDA:27,2,0,1
BRDA:27,2,1,6
BRDA:33,3,0,3
BRDA:33,3,1,3
BRDA:40,4,0,0
BRDA:40,4,1,2
BRDA:43,5,0,1
BRDA:43,5,1,1
BRF:12
BRH:11
end_of_record
TN:
SF:src/features/kanban/due-date.ts
FN:1,setDueDate
FNF:1
FNH:1
FNDA:3,setDueDate
DA:1,1
DA:2,3
DA:4,2
DA:5,2
DA:7,2
DA:8,1
DA:10,1
LF:7
LH:7
BRDA:2,0,0,1
BRDA:2,0,1,2
BRDA:7,1,0,1
BRDA:7,1,1,1
BRF:4
BRH:4
end_of_record
TN:
SF:src/features/kanban/kanban-logic.ts
FN:8,moveTaskToColumn
FN:80,getTaskColumn
FNF:2
FNH:1
FNDA:2,moveTaskToColumn
FNDA:0,getTaskColumn
DA:1,1
DA:8,1
DA:9,2
DA:10,2
DA:13,2
DA:14,2
DA:17,2
DA:22,2
DA:23,9
DA:24,9
DA:25,2
DA:26,2
DA:30,2
DA:32,0
DA:34,0
DA:36,0
DA:40,2
DA:41,2
DA:42,3
DA:43,3
DA:44,2
DA:48,2
DA:49,2
DA:51,2
DA:53,0
DA:55,2
DA:57,1
DA:59,1
DA:60,1
DA:62,1
DA:64,1
DA:66,1
DA:67,1
DA:72,2
DA:74,2
DA:80,1
DA:81,0
DA:82,0
DA:83,0
DA:84,0
DA:87,0
LF:41
LH:32
BRDA:10,0,0,0
BRDA:10,0,1,2
BRDA:10,1,0,2
BRDA:10,1,1,2
BRDA:24,2,0,2
BRDA:24,2,1,7
BRDA:24,3,0,9
BRDA:24,3,1,9
BRDA:24,3,2,5
BRDA:30,4,0,0
BRDA:30,4,1,2
BRDA:43,5,0,1
BRDA:43,5,1,2
BRDA:43,6,0,3
BRDA:43,6,1,2
BRDA:51,7,0,0
BRDA:51,7,1,2
BRDA:55,8,0,1
BRDA:55,8,1,1
BRDA:55,9,0,2
BRDA:55,9,1,1
BRDA:59,10,0,1
BRDA:59,10,1,0
BRDA:62,11,0,1
BRDA:62,11,1,0
BRDA:66,12,0,1
BRDA:66,12,1,0
BRDA:83,13,0,0
BRDA:83,13,1,0
BRDA:83,14,0,0
BRDA:83,14,1,0
BRF:31
BRH:21
end_of_record
TN:
SF:src/features/slash-command/utils.ts
FN:25,getInitials
FN:30,(anonymous_1)
FN:37,shouldTriggerSlashCommand
FN:58,matchCommand
FN:67,(anonymous_4)
FNF:5
FNH:5
FNDA:3,getInitials
FNDA:9,(anonymous_1)
FNDA:11,shouldTriggerSlashCommand
FNDA:5,matchCommand
FNDA:7,(anonymous_4)
DA:9,1
DA:30,3
DA:31,9
DA:32,0
DA:37,1
DA:38,11
DA:44,11
DA:49,11
DA:51,11
DA:52,9
DA:55,2
DA:58,1
DA:59,5
DA:61,5
DA:64,5
DA:67,7
DA:70,3
DA:71,3
DA:73,1
LF:19
LH:18
BRDA:31,0,0,9
BRDA:31,0,1,0
BRDA:51,1,0,9
BRDA:51,1,1,2
BRDA:51,2,0,11
BRDA:51,2,1,9
BRDA:59,3,0,0
BRDA:59,3,1,5
BRDA:64,4,0,1
BRDA:64,4,1,4
BRDA:67,5,0,1
BRDA:67,5,1,3
BRDA:67,6,0,4
BRDA:67,6,1,4
BRDA:71,7,0,2
BRDA:71,7,1,1
BRF:16
BRH:14
end_of_record
TN:
SF:src/features/smart-input/input-handler.ts
FN:9,checkSmartInput
FNF:1
FNH:1
FNDA:5,checkSmartInput
DA:1,1
DA:9,1
DA:11,5
DA:17,5
DA:19,5
DA:20,5
DA:22,4
DA:23,4
DA:25,4
DA:27,2
DA:28,2
DA:30,1
DA:31,1
DA:33,0
DA:34,0
DA:36,1
DA:44,3
DA:45,3
DA:47,3
LF:19
LH:17
BRDA:20,0,0,1
BRDA:20,0,1,4
BRDA:25,1,0,2
BRDA:25,1,1,1
BRDA:25,1,2,0
BRDA:25,1,3,1
BRF:6
BRH:5
end_of_record
TN:
SF:src/features/table/navigation-utils.ts
FN:1,findNextCell
FN:26,findPreviousCell
FNF:2
FNH:2
FNDA:3,findNextCell
FNDA:1,findPreviousCell
DA:1,1
DA:3,3
DA:6,3
DA:7,3
DA:10,3
DA:11,3
DA:18,2
DA:19,2
DA:20,2
DA:23,2
DA:26,1
DA:27,1
DA:30,1
DA:31,1
DA:34,1
DA:35,1
DA:38,1
DA:40,1
DA:42,1
DA:43,1
DA:46,1
LF:21
LH:21
BRDA:3,0,0,0
BRDA:3,0,1,3
BRDA:7,1,0,0
BRDA:7,1,1,3
BRDA:11,2,0,1
BRDA:11,2,1,2
BRDA:19,3,0,4
BRDA:19,3,1,4
BRDA:27,4,0,0
BRDA:27,4,1,1
BRDA:31,5,0,0
BRDA:31,5,1,1
BRDA:35,6,0,0
BRDA:35,6,1,1
BRDA:42,7,0,2
BRDA:42,7,1,2
BRF:16
BRH:11
end_of_record
TN:
SF:src/features/yaml/auto-update.ts
FN:13,normalizeDateFormat
FN:25,(anonymous_1)
FN:31,(anonymous_2)
FN:34,(anonymous_3)
FN:36,(anonymous_4)
FN:45,(anonymous_5)
FN:55,(anonymous_6)
FN:59,(anonymous_7)
FN:61,(anonymous_9)
FN:72,(anonymous_10)
FN:77,(anonymous_12)
FN:91,(anonymous_13)
FNF:12
FNH:10
FNDA:2,normalizeDateFormat
FNDA:3,(anonymous_1)
FNDA:1,(anonymous_2)
FNDA:3,(anonymous_3)
FNDA:2,(anonymous_4)
FNDA:1,(anonymous_5)
FNDA:0,(anonymous_6)
FNDA:1,(anonymous_7)
FNDA:1,(anonymous_9)
FNDA:1,(anonymous_10)
FNDA:1,(anonymous_12)
FNDA:0,(anonymous_13)
DA:1,1
DA:2,1
DA:14,2
DA:15,0
DA:18,1
DA:23,3
DA:26,3
DA:27,3
DA:31,3
DA:35,3
DA:37,2
DA:38,2
DA:39,1
DA:44,3
DA:46,1
DA:47,1
DA:48,1
DA:49,1
DA:56,0
DA:60,1
DA:61,1
DA:62,1
DA:63,1
DA:64,1
DA:68,0
DA:73,1
DA:74,1
DA:76,1
DA:77,1
DA:78,1
DA:79,1
DA:80,1
DA:83,1
DA:84,1
DA:88,0
DA:91,1
DA:92,0
LF:37
LH:32
BRDA:14,0,0,2
BRDA:14,0,1,0
BRDA:14,1,0,2
BRDA:14,1,1,2
BRDA:14,1,2,2
BRDA:37,2,0,0
BRDA:37,2,1,2
BRDA:38,3,0,1
BRDA:38,3,1,1
BRDA:38,4,0,2
BRDA:38,4,1,2
BRDA:46,5,0,0
BRDA:46,5,1,1
BRDA:47,6,0,1
BRDA:47,6,1,0
BRDA:47,7,0,1
BRDA:47,7,1,1
BRDA:48,8,0,0
BRDA:48,8,1,1
BRDA:63,9,0,1
BRDA:63,9,1,0
BRDA:73,10,0,0
BRDA:73,10,1,1
BRDA:83,11,0,1
BRDA:83,11,1,0
BRF:25
BRH:17
end_of_record
TN:
SF:src/utils/editor-utils.ts
FN:6,isWrapped
FN:10,wrap
FN:14,unwrap
FN:21,getWordBoundaries
FN:52,isWordChar
FN:56,findEnclosingMarker
FNF:6
FNH:6
FNDA:5,isWrapped
FNDA:3,wrap
FNDA:3,unwrap
FNDA:3,getWordBoundaries
FNDA:16,isWordChar
FNDA:5,findEnclosingMarker
DA:6,1
DA:7,5
DA:10,1
DA:11,3
DA:14,1
DA:15,3
DA:16,3
DA:18,0
DA:21,1
DA:23,3
DA:24,3
DA:29,3
DA:30,3
DA:31,4
DA:32,4
DA:33,2
DA:35,2
DA:39,3
DA:40,3
DA:41,12
DA:42,12
DA:43,9
DA:45,3
DA:49,3
DA:53,16
DA:56,1
DA:58,5
DA:59,0
DA:63,5
DA:64,5
DA:67,5
DA:68,4
DA:69,4
DA:70,4
DA:71,2
DA:75,3
LF:36
LH:34
BRDA:7,0,0,5
BRDA:7,0,1,5
BRDA:7,0,2,4
BRDA:15,1,0,3
BRDA:15,1,1,0
BRDA:23,2,0,0
BRDA:23,2,1,3
BRDA:24,3,0,0
BRDA:24,3,1,3
BRDA:32,4,0,2
BRDA:32,4,1,2
BRDA:32,5,0,4
BRDA:32,5,1,4
BRDA:42,6,0,9
BRDA:42,6,1,3
BRDA:42,7,0,12
BRDA:42,7,1,12
BRDA:58,8,0,0
BRDA:58,8,1,5
BRDA:58,9,0,5
BRDA:58,9,1,5
BRDA:70,10,0,2
BRDA:70,10,1,2
BRDA:70,11,0,4
BRDA:70,11,1,3
BRF:25
BRH:21
end_of_record
TN:
SF:src/utils/markdown-generators.ts
FN:1,generateTable
FN:23,generateMermaid
FN:74,generateMath
FN:78,generateDaily
FN:89,generateWeekly
FN:107,generateHTML
FN:111,generateFencedCodeBlock
FN:121,generateInfographicListRowSimpleHorizontalArrow
FN:136,generateDate
FN:139,(anonymous_9)
FN:160,insertRow
FN:172,deleteRow
FNF:12
FNH:6
FNDA:2,generateTable
FNDA:2,generateMermaid
FNDA:0,generateMath
FNDA:0,generateDaily
FNDA:0,generateWeekly
FNDA:0,generateHTML
FNDA:0,generateFencedCodeBlock
FNDA:0,generateInfographicListRowSimpleHorizontalArrow
FNDA:9,generateDate
FNDA:36,(anonymous_9)
FNDA:1,insertRow
FNDA:2,deleteRow
DA:1,5
DA:7,2
DA:10,2
DA:13,2
DA:16,2
DA:17,5
DA:20,2
DA:23,5
DA:24,2
DA:25,2
DA:27,1
DA:31,1
DA:33,1
DA:38,1
DA:40,0
DA:52,0
DA:54,0
DA:60,0
DA:62,0
DA:66,0
DA:68,0
DA:71,2
DA:74,5
DA:75,0
DA:78,5
DA:79,0
DA:80,0
DA:89,5
DA:90,0
DA:107,5
DA:108,0
DA:111,5
DA:112,0
DA:114,0
DA:115,0
DA:118,0
DA:121,5
DA:122,0
DA:136,5
DA:137,9
DA:139,36
DA:141,9
DA:142,9
DA:143,9
DA:144,9
DA:145,9
DA:147,9
DA:148,3
DA:150,6
DA:151,2
DA:153,4
DA:154,4
DA:157,0
DA:160,5
DA:161,1
DA:162,1
DA:164,1
DA:165,1
DA:167,1
DA:168,1
DA:169,1
DA:172,5
DA:173,2
DA:174,2
DA:178,2
DA:179,1
DA:180,1
DA:183,1
DA:185,1
DA:186,1
DA:187,1
LF:71
LH:53
BRDA:1,0,0,0
BRDA:1,1,0,0
BRDA:23,2,0,0
BRDA:25,3,0,1
BRDA:25,3,1,1
BRDA:25,3,2,0
BRDA:25,3,3,0
BRDA:25,3,4,0
BRDA:25,3,5,0
BRDA:107,4,0,0
BRDA:111,5,0,0
BRDA:114,6,0,0
BRDA:114,6,1,0
BRDA:147,7,0,3
BRDA:147,7,1,6
BRDA:150,8,0,2
BRDA:150,8,1,4
BRDA:153,9,0,4
BRDA:153,9,1,0
BRDA:162,10,0,0
BRDA:162,10,1,1
BRDA:162,11,0,1
BRDA:162,11,1,1
BRDA:164,12,0,1
BRDA:164,12,1,0
BRDA:174,13,0,0
BRDA:174,13,1,2
BRDA:174,14,0,2
BRDA:174,14,1,2
BRDA:178,15,0,1
BRDA:178,15,1,1
BRDA:180,16,0,0
BRDA:180,16,1,1
BRDA:180,17,0,1
BRDA:180,17,1,1
BRDA:183,18,0,0
BRDA:183,18,1,1
BRF:37
BRH:20
end_of_record
TN:
SF:src/utils/table-generators.ts
FN:7,splitTableRow
FN:21,(anonymous_1)
FN:24,joinTableRow
FN:25,(anonymous_3)
FN:28,insertColumn
FN:29,(anonymous_5)
FN:54,deleteColumn
FN:55,(anonymous_7)
FN:66,setColumnAlign
FN:67,(anonymous_9)
FN:90,isSeparatorRow
FNF:11
FNH:11
FNDA:12,splitTableRow
FNDA:27,(anonymous_1)
FNDA:12,joinTableRow
FNDA:24,(anonymous_3)
FNDA:1,insertColumn
FNDA:3,(anonymous_5)
FNDA:2,deleteColumn
FNDA:6,(anonymous_7)
FNDA:3,setColumnAlign
FNDA:6,(anonymous_9)
FNDA:9,isSeparatorRow
DA:3,1
DA:5,1
DA:7,1
DA:8,12
DA:11,12
DA:14,12
DA:15,12
DA:18,12
DA:21,27
DA:24,1
DA:25,24
DA:28,1
DA:29,1
DA:30,3
DA:32,3
DA:33,3
DA:36,3
DA:38,3
DA:39,3
DA:40,1
DA:44,3
DA:45,0
DA:47,3
DA:50,3
DA:54,1
DA:55,2
DA:56,6
DA:58,6
DA:59,6
DA:60,6
DA:62,6
DA:66,1
DA:67,3
DA:68,6
DA:70,3
DA:71,3
DA:73,3
DA:74,3
DA:75,3
DA:77,3
DA:79,3
DA:81,3
DA:82,3
DA:83,3
DA:85,3
DA:86,3
DA:91,9
DA:92,9
LF:48
LH:47
BRDA:14,0,0,12
BRDA:14,0,1,0
BRDA:15,1,0,12
BRDA:15,1,1,0
BRDA:30,2,0,0
BRDA:30,2,1,3
BRDA:33,3,0,0
BRDA:33,3,1,3
BRDA:36,4,0,0
BRDA:36,4,1,3
BRDA:39,5,0,1
BRDA:39,5,1,2
BRDA:44,6,0,0
BRDA:44,6,1,3
BRDA:56,7,0,0
BRDA:56,7,1,6
BRDA:59,8,0,6
BRDA:59,8,1,0
BRDA:59,9,0,6
BRDA:59,9,1,6
BRDA:68,10,0,3
BRDA:68,10,1,3
BRDA:71,11,0,0
BRDA:71,11,1,3
BRDA:71,12,0,3
BRDA:71,12,1,3
BRDA:74,13,0,0
BRDA:74,13,1,3
BRDA:79,14,0,0
BRDA:79,14,1,3
BRDA:81,15,0,1
BRDA:81,15,1,2
BRDA:82,16,0,1
BRDA:82,16,1,2
BRDA:83,17,0,1
BRDA:83,17,1,2
BRDA:92,18,0,9
BRDA:92,18,1,4
BRF:38
BRH:27
end_of_record
